#
# There is insufficient memory for the Java Runtime Environment to continue.
# Native memory allocation (mmap) failed to map 22020096 bytes. Error detail: G1 virtual space
# Possible reasons:
#   The system is out of physical RAM or swap space
#   This process is running with CompressedOops enabled, and the Java Heap may be blocking the growth of the native heap
# Possible solutions:
#   Reduce memory load on the system
#   Increase physical memory or swap space
#   Check if swap backing store is full
#   Decrease Java heap size (-Xmx/-Xms)
#   Decrease number of Java threads
#   Decrease Java thread stack sizes (-Xss)
#   Set larger code cache with -XX:ReservedCodeCacheSize=
#   JVM is running with Unscaled Compressed Oops mode in which the Java heap is
#     placed in the first 4GB address space. The Java Heap base address is the
#     maximum limit for the native heap growth. Please use -XX:HeapBaseMinAddress
#     to set the Java Heap base and to place the Java Heap above 4GB virtual address.
# This output file may be truncated or incomplete.
#
#  Out of Memory Error (os_windows.cpp:3825), pid=9136, tid=24904
#
# JRE version: OpenJDK Runtime Environment (17.0.11) (build 17.0.11+0--11852314)
# Java VM: OpenJDK 64-Bit Server VM (17.0.11+0--11852314, mixed mode, tiered, compressed oops, compressed class ptrs, g1 gc, windows-amd64)
# No core dump will be written. Minidumps are not enabled by default on client versions of Windows
#

---------------  S U M M A R Y ------------

Command Line: --add-opens=java.base/java.util=ALL-UNNAMED --add-opens=java.base/java.lang=ALL-UNNAMED --add-opens=java.base/java.lang.invoke=ALL-UNNAMED --add-opens=java.base/java.util=ALL-UNNAMED --add-opens=java.prefs/java.util.prefs=ALL-UNNAMED --add-opens=java.prefs/java.util.prefs=ALL-UNNAMED --add-opens=java.base/java.nio.charset=ALL-UNNAMED --add-opens=java.base/java.net=ALL-UNNAMED --add-opens=java.base/java.util.concurrent.atomic=ALL-UNNAMED -Xmx2048m -Dfile.encoding=UTF-8 -Duser.country=KR -Duser.language=ko -Duser.variant org.gradle.launcher.daemon.bootstrap.GradleDaemon 7.5

Host: Intel(R) Core(TM) i7-10510U CPU @ 1.80GHz, 8 cores, 15G,  Windows 10 , 64 bit Build 19041 (10.0.19041.2364)
Time: Wed Dec  4 15:26:15 2024  Windows 10 , 64 bit Build 19041 (10.0.19041.2364) elapsed time: 12.249711 seconds (0d 0h 0m 12s)

---------------  T H R E A D  ---------------

Current thread (0x0000021dad8a8960):  VMThread "VM Thread" [stack: 0x000000fb6e100000,0x000000fb6e200000] [id=24904]

Stack: [0x000000fb6e100000,0x000000fb6e200000]
Native frames: (J=compiled Java code, j=interpreted, Vv=VM code, C=native code)
V  [jvm.dll+0x687bb9]
V  [jvm.dll+0x84142a]
V  [jvm.dll+0x8430ae]
V  [jvm.dll+0x843713]
V  [jvm.dll+0x24a35f]
V  [jvm.dll+0x684989]
V  [jvm.dll+0x67923a]
V  [jvm.dll+0x30af0b]
V  [jvm.dll+0x3123b6]
V  [jvm.dll+0x361dfe]
V  [jvm.dll+0x36202f]
V  [jvm.dll+0x2e0d38]
V  [jvm.dll+0x2df144]
V  [jvm.dll+0x2de74c]
V  [jvm.dll+0x32305b]
V  [jvm.dll+0x847e0b]
V  [jvm.dll+0x848b42]
V  [jvm.dll+0x84905d]
V  [jvm.dll+0x849434]
V  [jvm.dll+0x849500]
V  [jvm.dll+0x7efa4a]
V  [jvm.dll+0x686a35]
C  [ucrtbase.dll+0x21bb2]
C  [KERNEL32.DLL+0x17614]
C  [ntdll.dll+0x526a1]

VM_Operation (0x000000fb6f9f62c0): G1CollectForAllocation, mode: safepoint, requested by thread 0x0000021db3c367b0


---------------  P R O C E S S  ---------------

Threads class SMR info:
_java_thread_list=0x0000021db54ae0d0, length=43, elements={
0x0000021d93a0e5f0, 0x0000021dada4c620, 0x0000021dada4d8d0, 0x0000021dad8bd5d0,
0x0000021dad8bdea0, 0x0000021dad8be770, 0x0000021dada8a660, 0x0000021dada8af30,
0x0000021dada8bfe0, 0x0000021dada8f4b0, 0x0000021dadc336c0, 0x0000021dadc2ca30,
0x0000021db3fc0030, 0x0000021db364d960, 0x0000021db333ed20, 0x0000021db326a430,
0x0000021db3683240, 0x0000021db36008d0, 0x0000021db3c367b0, 0x0000021db3c33a20,
0x0000021db3c36cc0, 0x0000021db3c33f30, 0x0000021db3c33510, 0x0000021db3c34440,
0x0000021db3c35370, 0x0000021db3c34950, 0x0000021db3c34e60, 0x0000021db3c35880,
0x0000021db3c35d90, 0x0000021db454fb00, 0x0000021db4553cd0, 0x0000021db4551960,
0x0000021db454e6c0, 0x0000021db4550010, 0x0000021db4551450, 0x0000021db454cd70,
0x0000021db4550520, 0x0000021db454dca0, 0x0000021db454d280, 0x0000021db45546f0,
0x0000021db4550a30, 0x0000021db4fa28a0, 0x0000021db6ef2460
}

Java Threads: ( => current thread )
  0x0000021d93a0e5f0 JavaThread "main" [_thread_blocked, id=2992, stack(0x000000fb6db00000,0x000000fb6dc00000)]
  0x0000021dada4c620 JavaThread "Reference Handler" daemon [_thread_blocked, id=15676, stack(0x000000fb6e200000,0x000000fb6e300000)]
  0x0000021dada4d8d0 JavaThread "Finalizer" daemon [_thread_blocked, id=15048, stack(0x000000fb6e300000,0x000000fb6e400000)]
  0x0000021dad8bd5d0 JavaThread "Signal Dispatcher" daemon [_thread_blocked, id=4984, stack(0x000000fb6e400000,0x000000fb6e500000)]
  0x0000021dad8bdea0 JavaThread "Attach Listener" daemon [_thread_blocked, id=23700, stack(0x000000fb6e500000,0x000000fb6e600000)]
  0x0000021dad8be770 JavaThread "Service Thread" daemon [_thread_blocked, id=23724, stack(0x000000fb6e600000,0x000000fb6e700000)]
  0x0000021dada8a660 JavaThread "Monitor Deflation Thread" daemon [_thread_blocked, id=1848, stack(0x000000fb6e700000,0x000000fb6e800000)]
  0x0000021dada8af30 JavaThread "C2 CompilerThread0" daemon [_thread_blocked, id=23004, stack(0x000000fb6e800000,0x000000fb6e900000)]
  0x0000021dada8bfe0 JavaThread "C1 CompilerThread0" daemon [_thread_blocked, id=19700, stack(0x000000fb6e900000,0x000000fb6ea00000)]
  0x0000021dada8f4b0 JavaThread "Sweeper thread" daemon [_thread_blocked, id=11928, stack(0x000000fb6ea00000,0x000000fb6eb00000)]
  0x0000021dadc336c0 JavaThread "Common-Cleaner" daemon [_thread_blocked, id=21448, stack(0x000000fb6eb00000,0x000000fb6ec00000)]
  0x0000021dadc2ca30 JavaThread "Notification Thread" daemon [_thread_blocked, id=16988, stack(0x000000fb6ec00000,0x000000fb6ed00000)]
  0x0000021db3fc0030 JavaThread "Daemon health stats" [_thread_blocked, id=7856, stack(0x000000fb6f400000,0x000000fb6f500000)]
  0x0000021db364d960 JavaThread "Incoming local TCP Connector on port 61011" [_thread_in_native, id=22652, stack(0x000000fb6ee00000,0x000000fb6ef00000)]
  0x0000021db333ed20 JavaThread "Daemon periodic checks" [_thread_blocked, id=16012, stack(0x000000fb6f500000,0x000000fb6f600000)]
  0x0000021db326a430 JavaThread "Daemon" [_thread_blocked, id=16872, stack(0x000000fb6f600000,0x000000fb6f700000)]
  0x0000021db3683240 JavaThread "Handler for socket connection from /127.0.0.1:61011 to /127.0.0.1:61012" [_thread_in_native, id=22532, stack(0x000000fb6f700000,0x000000fb6f800000)]
  0x0000021db36008d0 JavaThread "Cancel handler" [_thread_blocked, id=13196, stack(0x000000fb6f800000,0x000000fb6f900000)]
  0x0000021db3c367b0 JavaThread "Daemon worker" [_thread_blocked, id=4052, stack(0x000000fb6f900000,0x000000fb6fa00000)]
  0x0000021db3c33a20 JavaThread "Asynchronous log dispatcher for DefaultDaemonConnection: socket connection from /127.0.0.1:61011 to /127.0.0.1:61012" [_thread_blocked, id=7196, stack(0x000000fb6fa00000,0x000000fb6fb00000)]
  0x0000021db3c36cc0 JavaThread "Stdin handler" [_thread_blocked, id=23220, stack(0x000000fb6fb00000,0x000000fb6fc00000)]
  0x0000021db3c33f30 JavaThread "Daemon client event forwarder" [_thread_blocked, id=4816, stack(0x000000fb6fc00000,0x000000fb6fd00000)]
  0x0000021db3c33510 JavaThread "Cache worker for journal cache (C:\Users\dit222203\.gradle\caches\journal-1)" [_thread_blocked, id=5056, stack(0x000000fb6fd00000,0x000000fb6fe00000)]
  0x0000021db3c34440 JavaThread "File lock request listener" [_thread_in_native, id=21600, stack(0x000000fb6fe00000,0x000000fb6ff00000)]
  0x0000021db3c35370 JavaThread "Cache worker for file hash cache (C:\Users\dit222203\.gradle\caches\7.5\fileHashes)" [_thread_blocked, id=20928, stack(0x000000fb70200000,0x000000fb70300000)]
  0x0000021db3c34950 JavaThread "File watcher server" daemon [_thread_in_native, id=19160, stack(0x000000fb70500000,0x000000fb70600000)]
  0x0000021db3c34e60 JavaThread "File watcher consumer" daemon [_thread_blocked, id=8048, stack(0x000000fb70600000,0x000000fb70700000)]
  0x0000021db3c35880 JavaThread "jar transforms" [_thread_blocked, id=3128, stack(0x000000fb70400000,0x000000fb70500000)]
  0x0000021db3c35d90 JavaThread "jar transforms Thread 2" [_thread_blocked, id=21288, stack(0x000000fb70700000,0x000000fb70800000)]
  0x0000021db454fb00 JavaThread "jar transforms Thread 3" [_thread_blocked, id=4892, stack(0x000000fb70800000,0x000000fb70900000)]
  0x0000021db4553cd0 JavaThread "jar transforms Thread 4" [_thread_blocked, id=13004, stack(0x000000fb70900000,0x000000fb70a00000)]
  0x0000021db4551960 JavaThread "jar transforms Thread 5" [_thread_blocked, id=21940, stack(0x000000fb70a00000,0x000000fb70b00000)]
  0x0000021db454e6c0 JavaThread "jar transforms Thread 6" [_thread_blocked, id=10812, stack(0x000000fb70b00000,0x000000fb70c00000)]
  0x0000021db4550010 JavaThread "jar transforms Thread 7" [_thread_blocked, id=6276, stack(0x000000fb70c00000,0x000000fb70d00000)]
  0x0000021db4551450 JavaThread "jar transforms Thread 8" [_thread_blocked, id=17100, stack(0x000000fb70d00000,0x000000fb70e00000)]
  0x0000021db454cd70 JavaThread "Cache worker for checksums cache (D:\AndroidStudioProjects\android_a_to_z-main\android_a_to_z-main\HelloWorld\.gradle\7.5\checksums)" [_thread_blocked, id=7528, stack(0x000000fb70300000,0x000000fb70400000)]
  0x0000021db4550520 JavaThread "Cache worker for cache directory md-rule (C:\Users\dit222203\.gradle\caches\7.5\md-rule)" [_thread_blocked, id=23492, stack(0x000000fb70e00000,0x000000fb70f00000)]
  0x0000021db454dca0 JavaThread "Cache worker for file content cache (C:\Users\dit222203\.gradle\caches\7.5\fileContent)" [_thread_blocked, id=9440, stack(0x000000fb70f00000,0x000000fb71000000)]
  0x0000021db454d280 JavaThread "Cache worker for file hash cache (D:\AndroidStudioProjects\android_a_to_z-main\android_a_to_z-main\HelloWorld\.gradle\7.5\fileHashes)" [_thread_blocked, id=22612, stack(0x000000fb71000000,0x000000fb71100000)]
  0x0000021db45546f0 JavaThread "Cache worker for cache directory md-supplier (C:\Users\dit222203\.gradle\caches\7.5\md-supplier)" [_thread_blocked, id=17636, stack(0x000000fb71100000,0x000000fb71200000)]
  0x0000021db4550a30 JavaThread "Cache worker for execution history cache (C:\Users\dit222203\.gradle\caches\7.5\executionHistory)" [_thread_blocked, id=20940, stack(0x000000fb71200000,0x000000fb71300000)]
  0x0000021db4fa28a0 JavaThread "C2 CompilerThread1" daemon [_thread_blocked, id=18596, stack(0x000000fb71300000,0x000000fb71400000)]
  0x0000021db6ef2460 JavaThread "C2 CompilerThread2" daemon [_thread_blocked, id=19240, stack(0x000000fb71400000,0x000000fb71500000)]

Other Threads:
=>0x0000021dad8a8960 VMThread "VM Thread" [stack: 0x000000fb6e100000,0x000000fb6e200000] [id=24904]
  0x0000021dadc2cf10 WatcherThread [stack: 0x000000fb6ed00000,0x000000fb6ee00000] [id=18172]
  0x0000021d93a68ca0 GCTaskThread "GC Thread#0" [stack: 0x000000fb6dc00000,0x000000fb6dd00000] [id=6724]
  0x0000021db29f12d0 GCTaskThread "GC Thread#1" [stack: 0x000000fb6ef00000,0x000000fb6f000000] [id=10332]
  0x0000021db28f2790 GCTaskThread "GC Thread#2" [stack: 0x000000fb6f000000,0x000000fb6f100000] [id=7844]
  0x0000021db22f23f0 GCTaskThread "GC Thread#3" [stack: 0x000000fb6f100000,0x000000fb6f200000] [id=24184]
  0x0000021db22f26b0 GCTaskThread "GC Thread#4" [stack: 0x000000fb6f200000,0x000000fb6f300000] [id=25540]
  0x0000021db2b5f240 GCTaskThread "GC Thread#5" [stack: 0x000000fb6f300000,0x000000fb6f400000] [id=3296]
  0x0000021db3abf450 GCTaskThread "GC Thread#6" [stack: 0x000000fb6ff00000,0x000000fb70000000] [id=2524]
  0x0000021db3c00f90 GCTaskThread "GC Thread#7" [stack: 0x000000fb70000000,0x000000fb70100000] [id=23240]
  0x0000021d93a799a0 ConcurrentGCThread "G1 Main Marker" [stack: 0x000000fb6dd00000,0x000000fb6de00000] [id=21396]
  0x0000021d93a7a910 ConcurrentGCThread "G1 Conc#0" [stack: 0x000000fb6de00000,0x000000fb6df00000] [id=4032]
  0x0000021db3730c30 ConcurrentGCThread "G1 Conc#1" [stack: 0x000000fb70100000,0x000000fb70200000] [id=22156]
  0x0000021d93acdc50 ConcurrentGCThread "G1 Refine#0" [stack: 0x000000fb6df00000,0x000000fb6e000000] [id=17228]
  0x0000021d93ace430 ConcurrentGCThread "G1 Service" [stack: 0x000000fb6e000000,0x000000fb6e100000] [id=17908]

Threads with active compile tasks:
C2 CompilerThread0    12329 3665       4       java.lang.String::subSequence (7 bytes)
C2 CompilerThread1    12329 3659       4       jdk.internal.jimage.BasicImageReader::getString (35 bytes)
C2 CompilerThread2    12329 3664       4       jdk.internal.jrtfs.JrtPath::normalize (97 bytes)

VM state: at safepoint (normal execution)

VM Mutex/Monitor currently owned by a thread:  ([mutex/lock_event])
[0x0000021d93a08aa0] Threads_lock - owner thread: 0x0000021dad8a8960
[0x0000021d93a08c50] Heap_lock - owner thread: 0x0000021db3c367b0

Heap address: 0x0000000080000000, size: 2048 MB, Compressed Oops mode: 32-bit

CDS archive(s) not mapped
Compressed class space mapped at: 0x0000000100000000-0x0000000140000000, reserved size: 1073741824
Narrow klass base: 0x0000000000000000, Narrow klass shift: 3, Narrow klass range: 0x140000000

GC Precious Log:
 CPUs: 8 total, 8 available
 Memory: 16157M
 Large Page Support: Disabled
 NUMA Support: Disabled
 Compressed Oops: Enabled (32-bit)
 Heap Region Size: 1M
 Heap Min Capacity: 8M
 Heap Initial Capacity: 254M
 Heap Max Capacity: 2G
 Pre-touch: Disabled
 Parallel Workers: 8
 Concurrent Workers: 2
 Concurrent Refinement Workers: 8
 Periodic GC: Disabled

Heap:
 garbage-first heap   total 70656K, used 42271K [0x0000000080000000, 0x0000000100000000)
  region size 1024K, 2 young (2048K), 2 survivors (2048K)
 Metaspace       used 41506K, committed 41920K, reserved 1114112K
  class space    used 5550K, committed 5760K, reserved 1048576K

Heap Regions: E=young(eden), S=young(survivor), O=old, HS=humongous(starts), HC=humongous(continues), CS=collection set, F=free, OA=open archive, CA=closed archive, TAMS=top-at-mark-start (previous, next)
|   0|0x0000000080000000, 0x0000000080100000, 0x0000000080100000|100%| O|  |TAMS 0x0000000080100000, 0x0000000080000000| Untracked 
|   1|0x0000000080100000, 0x0000000080200000, 0x0000000080200000|100%| O|  |TAMS 0x0000000080200000, 0x0000000080100000| Untracked 
|   2|0x0000000080200000, 0x0000000080300000, 0x0000000080300000|100%| O|  |TAMS 0x0000000080300000, 0x0000000080200000| Untracked 
|   3|0x0000000080300000, 0x0000000080400000, 0x0000000080400000|100%|HS|  |TAMS 0x0000000080400000, 0x0000000080300000| Complete 
|   4|0x0000000080400000, 0x0000000080500000, 0x0000000080500000|100%|HC|  |TAMS 0x0000000080500000, 0x0000000080400000| Complete 
|   5|0x0000000080500000, 0x0000000080600000, 0x0000000080600000|100%|HC|  |TAMS 0x0000000080600000, 0x0000000080500000| Complete 
|   6|0x0000000080600000, 0x0000000080700000, 0x0000000080700000|100%| O|  |TAMS 0x0000000080700000, 0x0000000080600000| Untracked 
|   7|0x0000000080700000, 0x0000000080800000, 0x0000000080800000|100%| O|  |TAMS 0x0000000080800000, 0x0000000080700000| Untracked 
|   8|0x0000000080800000, 0x0000000080900000, 0x0000000080900000|100%| O|  |TAMS 0x0000000080900000, 0x0000000080800000| Untracked 
|   9|0x0000000080900000, 0x0000000080a00000, 0x0000000080a00000|100%| O|  |TAMS 0x0000000080a00000, 0x0000000080900000| Untracked 
|  10|0x0000000080a00000, 0x0000000080b00000, 0x0000000080b00000|100%| O|  |TAMS 0x0000000080b00000, 0x0000000080a00000| Untracked 
|  11|0x0000000080b00000, 0x0000000080c00000, 0x0000000080c00000|100%| O|  |TAMS 0x0000000080c00000, 0x0000000080b00000| Untracked 
|  12|0x0000000080c00000, 0x0000000080d00000, 0x0000000080d00000|100%| O|  |TAMS 0x0000000080d00000, 0x0000000080c00000| Untracked 
|  13|0x0000000080d00000, 0x0000000080e00000, 0x0000000080e00000|100%| O|  |TAMS 0x0000000080e00000, 0x0000000080d00000| Untracked 
|  14|0x0000000080e00000, 0x0000000080f00000, 0x0000000080f00000|100%| O|  |TAMS 0x0000000080f00000, 0x0000000080e00000| Untracked 
|  15|0x0000000080f00000, 0x0000000081000000, 0x0000000081000000|100%| O|  |TAMS 0x0000000081000000, 0x0000000080f00000| Untracked 
|  16|0x0000000081000000, 0x0000000081100000, 0x0000000081100000|100%| O|  |TAMS 0x0000000081100000, 0x0000000081000000| Untracked 
|  17|0x0000000081100000, 0x0000000081200000, 0x0000000081200000|100%| O|  |TAMS 0x0000000081200000, 0x0000000081100000| Untracked 
|  18|0x0000000081200000, 0x0000000081300000, 0x0000000081300000|100%| O|  |TAMS 0x0000000081300000, 0x0000000081200000| Untracked 
|  19|0x0000000081300000, 0x0000000081400000, 0x0000000081400000|100%| O|  |TAMS 0x0000000081400000, 0x0000000081300000| Untracked 
|  20|0x0000000081400000, 0x0000000081500000, 0x0000000081500000|100%| O|  |TAMS 0x0000000081500000, 0x0000000081400000| Untracked 
|  21|0x0000000081500000, 0x0000000081600000, 0x0000000081600000|100%|HS|  |TAMS 0x0000000081600000, 0x0000000081500000| Complete 
|  22|0x0000000081600000, 0x0000000081700000, 0x0000000081700000|100%|HC|  |TAMS 0x0000000081700000, 0x0000000081600000| Complete 
|  23|0x0000000081700000, 0x0000000081800000, 0x0000000081800000|100%|HC|  |TAMS 0x0000000081800000, 0x0000000081700000| Complete 
|  24|0x0000000081800000, 0x0000000081900000, 0x0000000081900000|100%|HC|  |TAMS 0x0000000081900000, 0x0000000081800000| Complete 
|  25|0x0000000081900000, 0x0000000081a00000, 0x0000000081a00000|100%|HC|  |TAMS 0x0000000081a00000, 0x0000000081900000| Complete 
|  26|0x0000000081a00000, 0x0000000081b00000, 0x0000000081b00000|100%|HS|  |TAMS 0x0000000081b00000, 0x0000000081a00000| Complete 
|  27|0x0000000081b00000, 0x0000000081c00000, 0x0000000081c00000|100%|HC|  |TAMS 0x0000000081c00000, 0x0000000081b00000| Complete 
|  28|0x0000000081c00000, 0x0000000081d00000, 0x0000000081d00000|100%|HC|  |TAMS 0x0000000081d00000, 0x0000000081c00000| Complete 
|  29|0x0000000081d00000, 0x0000000081e00000, 0x0000000081e00000|100%|HS|  |TAMS 0x0000000081e00000, 0x0000000081d00000| Complete 
|  30|0x0000000081e00000, 0x0000000081f00000, 0x0000000081f00000|100%|HC|  |TAMS 0x0000000081f00000, 0x0000000081e00000| Complete 
|  31|0x0000000081f00000, 0x0000000082000000, 0x0000000082000000|100%|HC|  |TAMS 0x0000000082000000, 0x0000000081f00000| Complete 
|  32|0x0000000082000000, 0x0000000082100000, 0x0000000082100000|100%| O|  |TAMS 0x0000000082100000, 0x0000000082000000| Untracked 
|  33|0x0000000082100000, 0x0000000082200000, 0x0000000082200000|100%| O|  |TAMS 0x0000000082200000, 0x0000000082100000| Untracked 
|  34|0x0000000082200000, 0x0000000082300000, 0x0000000082300000|100%|HS|  |TAMS 0x0000000082300000, 0x0000000082200000| Complete 
|  35|0x0000000082300000, 0x0000000082400000, 0x0000000082400000|100%| O|  |TAMS 0x0000000082400000, 0x0000000082300000| Untracked 
|  36|0x0000000082400000, 0x0000000082500000, 0x0000000082500000|100%| O|  |TAMS 0x0000000082463e00, 0x0000000082400000| Untracked 
|  37|0x0000000082500000, 0x0000000082600000, 0x0000000082600000|100%| O|  |TAMS 0x0000000082500000, 0x0000000082500000| Untracked 
|  38|0x0000000082600000, 0x0000000082700000, 0x0000000082700000|100%| O|  |TAMS 0x0000000082600000, 0x0000000082600000| Untracked 
|  39|0x0000000082700000, 0x00000000827a6400, 0x0000000082800000| 64%| O|  |TAMS 0x0000000082700000, 0x0000000082700000| Untracked 
|  40|0x0000000082800000, 0x0000000082800000, 0x0000000082900000|  0%| F|  |TAMS 0x0000000082800000, 0x0000000082800000| Untracked 
|  41|0x0000000082900000, 0x0000000082900000, 0x0000000082a00000|  0%| F|  |TAMS 0x0000000082900000, 0x0000000082900000| Untracked 
|  42|0x0000000082a00000, 0x0000000082a00000, 0x0000000082b00000|  0%| F|  |TAMS 0x0000000082a00000, 0x0000000082a00000| Untracked 
|  43|0x0000000082b00000, 0x0000000082b00000, 0x0000000082c00000|  0%| F|  |TAMS 0x0000000082b00000, 0x0000000082b00000| Untracked 
|  44|0x0000000082c00000, 0x0000000082c00000, 0x0000000082d00000|  0%| F|  |TAMS 0x0000000082c00000, 0x0000000082c00000| Untracked 
|  45|0x0000000082d00000, 0x0000000082d00000, 0x0000000082e00000|  0%| F|  |TAMS 0x0000000082d00000, 0x0000000082d00000| Untracked 
|  46|0x0000000082e00000, 0x0000000082e00000, 0x0000000082f00000|  0%| F|  |TAMS 0x0000000082e00000, 0x0000000082e00000| Untracked 
|  47|0x0000000082f00000, 0x0000000082f00000, 0x0000000083000000|  0%| F|  |TAMS 0x0000000082f00000, 0x0000000082f00000| Untracked 
|  48|0x0000000083000000, 0x0000000083000000, 0x0000000083100000|  0%| F|  |TAMS 0x0000000083000000, 0x0000000083000000| Untracked 
|  49|0x0000000083100000, 0x0000000083100000, 0x0000000083200000|  0%| F|  |TAMS 0x0000000083100000, 0x0000000083100000| Untracked 
|  50|0x0000000083200000, 0x0000000083200000, 0x0000000083300000|  0%| F|  |TAMS 0x0000000083200000, 0x0000000083200000| Untracked 
|  51|0x0000000083300000, 0x0000000083300000, 0x0000000083400000|  0%| F|  |TAMS 0x0000000083300000, 0x0000000083300000| Untracked 
|  52|0x0000000083400000, 0x0000000083400000, 0x0000000083500000|  0%| F|  |TAMS 0x0000000083400000, 0x0000000083400000| Untracked 
|  53|0x0000000083500000, 0x0000000083500000, 0x0000000083600000|  0%| F|  |TAMS 0x0000000083500000, 0x0000000083500000| Untracked 
|  54|0x0000000083600000, 0x00000000836a1968, 0x0000000083700000| 63%| S|CS|TAMS 0x0000000083600000, 0x0000000083600000| Complete 
|  55|0x0000000083700000, 0x0000000083800000, 0x0000000083800000|100%| S|CS|TAMS 0x0000000083700000, 0x0000000083700000| Complete 
|  56|0x0000000083800000, 0x0000000083800000, 0x0000000083900000|  0%| F|  |TAMS 0x0000000083800000, 0x0000000083800000| Untracked 
|  57|0x0000000083900000, 0x0000000083900000, 0x0000000083a00000|  0%| F|  |TAMS 0x0000000083900000, 0x0000000083900000| Untracked 
|  58|0x0000000083a00000, 0x0000000083a00000, 0x0000000083b00000|  0%| F|  |TAMS 0x0000000083a00000, 0x0000000083a00000| Untracked 
| 203|0x000000008cb00000, 0x000000008cb00000, 0x000000008cc00000|  0%| F|  |TAMS 0x000000008cb00000, 0x000000008cb00000| Untracked 
| 204|0x000000008cc00000, 0x000000008cc00000, 0x000000008cd00000|  0%| F|  |TAMS 0x000000008cc00000, 0x000000008cc00000| Untracked 
| 205|0x000000008cd00000, 0x000000008cd00000, 0x000000008ce00000|  0%| F|  |TAMS 0x000000008cd00000, 0x000000008cd00000| Untracked 
| 206|0x000000008ce00000, 0x000000008ce00000, 0x000000008cf00000|  0%| F|  |TAMS 0x000000008ce00000, 0x000000008ce00000| Untracked 
| 207|0x000000008cf00000, 0x000000008cf00000, 0x000000008d000000|  0%| F|  |TAMS 0x000000008cf00000, 0x000000008cf00000| Untracked 
| 208|0x000000008d000000, 0x000000008d000000, 0x000000008d100000|  0%| F|  |TAMS 0x000000008d000000, 0x000000008d000000| Untracked 
| 209|0x000000008d100000, 0x000000008d100000, 0x000000008d200000|  0%| F|  |TAMS 0x000000008d100000, 0x000000008d100000| Untracked 
| 210|0x000000008d200000, 0x000000008d200000, 0x000000008d300000|  0%| F|  |TAMS 0x000000008d200000, 0x000000008d200000| Untracked 
| 211|0x000000008d300000, 0x000000008d300000, 0x000000008d400000|  0%| F|  |TAMS 0x000000008d300000, 0x000000008d300000| Untracked 
| 253|0x000000008fd00000, 0x000000008fd00000, 0x000000008fe00000|  0%| F|  |TAMS 0x000000008fd00000, 0x000000008fd00000| Untracked 

Card table byte_map: [0x0000021da6620000,0x0000021da6a20000] _byte_map_base: 0x0000021da6220000

Marking Bits (Prev, Next): (CMBitMap*) 0x0000021d93a69070, (CMBitMap*) 0x0000021d93a690b0
 Prev Bits: [0x0000021da6e20000, 0x0000021da8e20000)
 Next Bits: [0x0000021da8e20000, 0x0000021daae20000)

Polling page: 0x0000021d918c0000

Metaspace:

Usage:
  Non-class:     35.11 MB used.
      Class:      5.42 MB used.
       Both:     40.53 MB used.

Virtual space:
  Non-class space:       64.00 MB reserved,      35.31 MB ( 55%) committed,  1 nodes.
      Class space:        1.00 GB reserved,       5.62 MB ( <1%) committed,  1 nodes.
             Both:        1.06 GB reserved,      40.94 MB (  4%) committed. 

Chunk freelists:
   Non-Class:  12.38 MB
       Class:  10.36 MB
        Both:  22.73 MB

MaxMetaspaceSize: unlimited
CompressedClassSpaceSize: 1.00 GB
Initial GC threshold: 21.00 MB
Current GC threshold: 65.56 MB
CDS: off
MetaspaceReclaimPolicy: balanced
 - commit_granule_bytes: 65536.
 - commit_granule_words: 8192.
 - virtual_space_node_default_size: 8388608.
 - enlarge_chunks_in_place: 1.
 - new_chunks_are_fully_committed: 0.
 - uncommit_free_chunks: 1.
 - use_allocation_guard: 0.
 - handle_deallocations: 1.


Internal statistics:

num_allocs_failed_limit: 3.
num_arena_births: 376.
num_arena_deaths: 0.
num_vsnodes_births: 2.
num_vsnodes_deaths: 0.
num_space_committed: 655.
num_space_uncommitted: 0.
num_chunks_returned_to_freelist: 3.
num_chunks_taken_from_freelist: 1565.
num_chunk_merges: 3.
num_chunk_splits: 990.
num_chunks_enlarged: 680.
num_inconsistent_stats: 0.

CodeHeap 'non-profiled nmethods': size=120000Kb used=2203Kb max_used=2203Kb free=117796Kb
 bounds [0x0000021d9e9c0000, 0x0000021d9ec30000, 0x0000021da5ef0000]
CodeHeap 'profiled nmethods': size=120000Kb used=7487Kb max_used=7487Kb free=112512Kb
 bounds [0x0000021d96ef0000, 0x0000021d97640000, 0x0000021d9e420000]
CodeHeap 'non-nmethods': size=5760Kb used=1591Kb max_used=1621Kb free=4168Kb
 bounds [0x0000021d9e420000, 0x0000021d9e690000, 0x0000021d9e9c0000]
 total_blobs=4309 nmethods=3652 adapters=569
 compilation: enabled
              stopped_count=0, restarted_count=0
 full_count=0

Compilation events (20 events):
Event: 12.235 Thread 0x0000021db4fa28a0 3632       4       jdk.internal.jimage.ImageLocation::readValue (61 bytes)
Event: 12.235 Thread 0x0000021dada8bfe0 3653       3       jdk.internal.jrtfs.JrtFileSystem$$Lambda$444/0x0000000100564380::test (12 bytes)
Event: 12.236 Thread 0x0000021dada8bfe0 nmethod 3653 0x0000021d9763bc90 code [0x0000021d9763be60, 0x0000021d9763c2f8]
Event: 12.236 Thread 0x0000021dada8bfe0 3654   !   3       jdk.internal.jrtfs.JrtFileSystem::lambda$iteratorOf$3 (11 bytes)
Event: 12.236 Thread 0x0000021dada8bfe0 nmethod 3654 0x0000021d9763c510 code [0x0000021d9763c6c0, 0x0000021d9763c9f8]
Event: 12.236 Thread 0x0000021dada8bfe0 3655       3       java.util.stream.StreamSpliterators$WrappingSpliterator$$Lambda$445/0x0000000100564880::accept (9 bytes)
Event: 12.236 Thread 0x0000021dada8bfe0 nmethod 3655 0x0000021d9763cb90 code [0x0000021d9763cd40, 0x0000021d9763cf08]
Event: 12.236 Thread 0x0000021dada8bfe0 3658       3       java.util.stream.SpinedBuffer::get (123 bytes)
Event: 12.237 Thread 0x0000021dada8bfe0 nmethod 3658 0x0000021d9763d010 code [0x0000021d9763d260, 0x0000021d9763da58]
Event: 12.239 Thread 0x0000021dada8bfe0 3667       3       jdk.internal.jimage.ImageBufferCache$2::compare (13 bytes)
Event: 12.239 Thread 0x0000021dada8bfe0 nmethod 3667 0x0000021d9763de10 code [0x0000021d9763e040, 0x0000021d9763ea18]
Event: 12.239 Thread 0x0000021dada8bfe0 3668       3       jdk.internal.jimage.ImageBufferCache$2::compare (12 bytes)
Event: 12.239 Thread 0x0000021db6ef2460 3664       4       jdk.internal.jrtfs.JrtPath::normalize (97 bytes)
Event: 12.240 Thread 0x0000021dada8bfe0 nmethod 3668 0x0000021d9763ec90 code [0x0000021d9763eea0, 0x0000021d9763f5f8]
Event: 12.240 Thread 0x0000021dada8bfe0 3669       3       jdk.internal.jimage.ImageStringsReader::match (11 bytes)
Event: 12.240 Thread 0x0000021dada8bfe0 nmethod 3669 0x0000021d9763f810 code [0x0000021d9763f9c0, 0x0000021d9763fb88]
Event: 12.240 Thread 0x0000021dada8af30 nmethod 3574 0x0000021d9ebe5e10 code [0x0000021d9ebe5fa0, 0x0000021d9ebe63d8]
Event: 12.240 Thread 0x0000021dada8af30 3665       4       java.lang.String::subSequence (7 bytes)
Event: 12.241 Thread 0x0000021db4fa28a0 nmethod 3632 0x0000021d9ebe6610 code [0x0000021d9ebe67a0, 0x0000021d9ebe6ad8]
Event: 12.241 Thread 0x0000021db4fa28a0 3659       4       jdk.internal.jimage.BasicImageReader::getString (35 bytes)

GC Heap History (20 events):
Event: 1.575 GC heap after
{Heap after GC invocations=2 (full 0):
 garbage-first heap   total 260096K, used 11511K [0x0000000080000000, 0x0000000100000000)
  region size 1024K, 3 young (3072K), 3 survivors (3072K)
 Metaspace       used 11209K, committed 11392K, reserved 1114112K
  class space    used 1165K, committed 1280K, reserved 1048576K
}
Event: 3.902 GC heap before
{Heap before GC invocations=2 (full 0):
 garbage-first heap   total 260096K, used 50423K [0x0000000080000000, 0x0000000100000000)
  region size 1024K, 42 young (43008K), 3 survivors (3072K)
 Metaspace       used 21298K, committed 21504K, reserved 1114112K
  class space    used 2541K, committed 2624K, reserved 1048576K
}
Event: 3.909 GC heap after
{Heap after GC invocations=3 (full 0):
 garbage-first heap   total 260096K, used 17707K [0x0000000080000000, 0x0000000100000000)
  region size 1024K, 9 young (9216K), 9 survivors (9216K)
 Metaspace       used 21298K, committed 21504K, reserved 1114112K
  class space    used 2541K, committed 2624K, reserved 1048576K
}
Event: 5.259 GC heap before
{Heap before GC invocations=4 (full 0):
 garbage-first heap   total 68608K, used 49451K [0x0000000080000000, 0x0000000100000000)
  region size 1024K, 40 young (40960K), 9 survivors (9216K)
 Metaspace       used 26544K, committed 26816K, reserved 1114112K
  class space    used 3471K, committed 3584K, reserved 1048576K
}
Event: 5.267 GC heap after
{Heap after GC invocations=5 (full 0):
 garbage-first heap   total 68608K, used 19684K [0x0000000080000000, 0x0000000100000000)
  region size 1024K, 3 young (3072K), 3 survivors (3072K)
 Metaspace       used 26544K, committed 26816K, reserved 1114112K
  class space    used 3471K, committed 3584K, reserved 1048576K
}
Event: 5.345 GC heap before
{Heap before GC invocations=5 (full 0):
 garbage-first heap   total 68608K, used 20708K [0x0000000080000000, 0x0000000100000000)
  region size 1024K, 4 young (4096K), 3 survivors (3072K)
 Metaspace       used 26721K, committed 27072K, reserved 1114112K
  class space    used 3500K, committed 3648K, reserved 1048576K
}
Event: 5.347 GC heap after
{Heap after GC invocations=6 (full 0):
 garbage-first heap   total 68608K, used 20075K [0x0000000080000000, 0x0000000100000000)
  region size 1024K, 1 young (1024K), 1 survivors (1024K)
 Metaspace       used 26721K, committed 27072K, reserved 1114112K
  class space    used 3500K, committed 3648K, reserved 1048576K
}
Event: 6.641 GC heap before
{Heap before GC invocations=6 (full 0):
 garbage-first heap   total 68608K, used 45675K [0x0000000080000000, 0x0000000100000000)
  region size 1024K, 19 young (19456K), 1 survivors (1024K)
 Metaspace       used 29302K, committed 29696K, reserved 1114112K
  class space    used 3937K, committed 4096K, reserved 1048576K
}
Event: 6.644 GC heap after
{Heap after GC invocations=7 (full 0):
 garbage-first heap   total 68608K, used 31564K [0x0000000080000000, 0x0000000100000000)
  region size 1024K, 4 young (4096K), 4 survivors (4096K)
 Metaspace       used 29302K, committed 29696K, reserved 1114112K
  class space    used 3937K, committed 4096K, reserved 1048576K
}
Event: 7.298 GC heap before
{Heap before GC invocations=7 (full 0):
 garbage-first heap   total 68608K, used 35660K [0x0000000080000000, 0x0000000100000000)
  region size 1024K, 6 young (6144K), 4 survivors (4096K)
 Metaspace       used 29453K, committed 29824K, reserved 1114112K
  class space    used 3958K, committed 4096K, reserved 1048576K
}
Event: 7.300 GC heap after
{Heap after GC invocations=8 (full 0):
 garbage-first heap   total 68608K, used 35570K [0x0000000080000000, 0x0000000100000000)
  region size 1024K, 1 young (1024K), 1 survivors (1024K)
 Metaspace       used 29453K, committed 29824K, reserved 1114112K
  class space    used 3958K, committed 4096K, reserved 1048576K
}
Event: 7.925 GC heap before
{Heap before GC invocations=9 (full 0):
 garbage-first heap   total 68608K, used 49906K [0x0000000080000000, 0x0000000100000000)
  region size 1024K, 14 young (14336K), 1 survivors (1024K)
 Metaspace       used 31399K, committed 31744K, reserved 1114112K
  class space    used 4268K, committed 4416K, reserved 1048576K
}
Event: 7.928 GC heap after
{Heap after GC invocations=10 (full 0):
 garbage-first heap   total 68608K, used 37203K [0x0000000080000000, 0x0000000100000000)
  region size 1024K, 2 young (2048K), 2 survivors (2048K)
 Metaspace       used 31399K, committed 31744K, reserved 1114112K
  class space    used 4268K, committed 4416K, reserved 1048576K
}
Event: 9.327 GC heap before
{Heap before GC invocations=10 (full 0):
 garbage-first heap   total 68608K, used 50515K [0x0000000080000000, 0x0000000100000000)
  region size 1024K, 15 young (15360K), 2 survivors (2048K)
 Metaspace       used 33216K, committed 33600K, reserved 1114112K
  class space    used 4567K, committed 4736K, reserved 1048576K
}
Event: 9.331 GC heap after
{Heap after GC invocations=11 (full 0):
 garbage-first heap   total 68608K, used 37973K [0x0000000080000000, 0x0000000100000000)
  region size 1024K, 2 young (2048K), 2 survivors (2048K)
 Metaspace       used 33216K, committed 33600K, reserved 1114112K
  class space    used 4567K, committed 4736K, reserved 1048576K
}
Event: 10.497 GC heap before
{Heap before GC invocations=12 (full 0):
 garbage-first heap   total 68608K, used 50261K [0x0000000080000000, 0x0000000100000000)
  region size 1024K, 15 young (15360K), 2 survivors (2048K)
 Metaspace       used 35388K, committed 35776K, reserved 1114112K
  class space    used 4909K, committed 5056K, reserved 1048576K
}
Event: 10.501 GC heap after
{Heap after GC invocations=13 (full 0):
 garbage-first heap   total 68608K, used 38459K [0x0000000080000000, 0x0000000100000000)
  region size 1024K, 2 young (2048K), 2 survivors (2048K)
 Metaspace       used 35388K, committed 35776K, reserved 1114112K
  class space    used 4909K, committed 5056K, reserved 1048576K
}
Event: 11.543 GC heap before
{Heap before GC invocations=13 (full 0):
 garbage-first heap   total 68608K, used 52795K [0x0000000080000000, 0x0000000100000000)
  region size 1024K, 16 young (16384K), 2 survivors (2048K)
 Metaspace       used 39853K, committed 40256K, reserved 1114112K
  class space    used 5378K, committed 5568K, reserved 1048576K
}
Event: 11.554 GC heap after
{Heap after GC invocations=14 (full 0):
 garbage-first heap   total 68608K, used 40560K [0x0000000080000000, 0x0000000100000000)
  region size 1024K, 2 young (2048K), 2 survivors (2048K)
 Metaspace       used 39853K, committed 40256K, reserved 1114112K
  class space    used 5378K, committed 5568K, reserved 1048576K
}
Event: 12.242 GC heap before
{Heap before GC invocations=15 (full 0):
 garbage-first heap   total 70656K, used 53872K [0x0000000080000000, 0x0000000100000000)
  region size 1024K, 15 young (15360K), 2 survivors (2048K)
 Metaspace       used 41506K, committed 41920K, reserved 1114112K
  class space    used 5550K, committed 5760K, reserved 1048576K
}

Dll operation events (2 events):
Event: 0.008 Loaded shared library C:\Program Files\Android\android studio koala\android-studio\jbr\bin\java.dll
Event: 0.330 Loaded shared library C:\Program Files\Android\android studio koala\android-studio\jbr\bin\verify.dll

Deoptimization events (20 events):
Event: 12.163 Thread 0x0000021db3c367b0 Uncommon trap: trap_request=0xffffffc6 fr.pc=0x0000021d9ebb05e4 relative=0x0000000000000124
Event: 12.163 Thread 0x0000021db3c367b0 Uncommon trap: reason=bimorphic_or_optimized_type_check action=maybe_recompile pc=0x0000021d9ebb05e4 method=java.util.stream.MatchOps$1MatchSink.accept(Ljava/lang/Object;)V @ 12 c2
Event: 12.163 Thread 0x0000021db3c367b0 DEOPT PACKING pc=0x0000021d9ebb05e4 sp=0x000000fb6f9f6860
Event: 12.163 Thread 0x0000021db3c367b0 DEOPT UNPACKING pc=0x0000021d9e4769a3 sp=0x000000fb6f9f67f8 mode 2
Event: 12.163 Thread 0x0000021db3c367b0 Uncommon trap: trap_request=0xffffffc6 fr.pc=0x0000021d9ebb05e4 relative=0x0000000000000124
Event: 12.163 Thread 0x0000021db3c367b0 Uncommon trap: reason=bimorphic_or_optimized_type_check action=maybe_recompile pc=0x0000021d9ebb05e4 method=java.util.stream.MatchOps$1MatchSink.accept(Ljava/lang/Object;)V @ 12 c2
Event: 12.163 Thread 0x0000021db3c367b0 DEOPT PACKING pc=0x0000021d9ebb05e4 sp=0x000000fb6f9f6860
Event: 12.163 Thread 0x0000021db3c367b0 DEOPT UNPACKING pc=0x0000021d9e4769a3 sp=0x000000fb6f9f67f8 mode 2
Event: 12.163 Thread 0x0000021db3c367b0 Uncommon trap: trap_request=0xffffffc6 fr.pc=0x0000021d9ebb05e4 relative=0x0000000000000124
Event: 12.163 Thread 0x0000021db3c367b0 Uncommon trap: reason=bimorphic_or_optimized_type_check action=maybe_recompile pc=0x0000021d9ebb05e4 method=java.util.stream.MatchOps$1MatchSink.accept(Ljava/lang/Object;)V @ 12 c2
Event: 12.163 Thread 0x0000021db3c367b0 DEOPT PACKING pc=0x0000021d9ebb05e4 sp=0x000000fb6f9f6860
Event: 12.163 Thread 0x0000021db3c367b0 DEOPT UNPACKING pc=0x0000021d9e4769a3 sp=0x000000fb6f9f67f8 mode 2
Event: 12.163 Thread 0x0000021db3c367b0 Uncommon trap: trap_request=0xffffffc6 fr.pc=0x0000021d9ebb05e4 relative=0x0000000000000124
Event: 12.163 Thread 0x0000021db3c367b0 Uncommon trap: reason=bimorphic_or_optimized_type_check action=maybe_recompile pc=0x0000021d9ebb05e4 method=java.util.stream.MatchOps$1MatchSink.accept(Ljava/lang/Object;)V @ 12 c2
Event: 12.163 Thread 0x0000021db3c367b0 DEOPT PACKING pc=0x0000021d9ebb05e4 sp=0x000000fb6f9f6860
Event: 12.163 Thread 0x0000021db3c367b0 DEOPT UNPACKING pc=0x0000021d9e4769a3 sp=0x000000fb6f9f67f8 mode 2
Event: 12.177 Thread 0x0000021db3c367b0 Uncommon trap: trap_request=0xffffff6e fr.pc=0x0000021d9ebdb4c0 relative=0x00000000000004e0
Event: 12.177 Thread 0x0000021db3c367b0 Uncommon trap: reason=loop_limit_check action=maybe_recompile pc=0x0000021d9ebdb4c0 method=java.util.regex.Pattern$Start.match(Ljava/util/regex/Matcher;ILjava/lang/CharSequence;)Z @ 34 c2
Event: 12.177 Thread 0x0000021db3c367b0 DEOPT PACKING pc=0x0000021d9ebdb4c0 sp=0x000000fb6f9f6bb0
Event: 12.177 Thread 0x0000021db3c367b0 DEOPT UNPACKING pc=0x0000021d9e4769a3 sp=0x000000fb6f9f6af0 mode 2

Classes unloaded (0 events):
No events

Classes redefined (0 events):
No events

Internal exceptions (20 events):
Event: 8.762 Thread 0x0000021db3c367b0 Exception <a 'java/lang/NoSuchMethodError'{0x000000008cb317b0}: 'java.lang.Object java.lang.invoke.DirectMethodHandle$Holder.invokeSpecial(java.lang.Object, java.lang.Object, java.lang.Object, java.lang.Object, java.lang.Object, java.lang.Object, java.lang.Object, java.lang.Object, java.lang.Object, java.lang.Object, java.lang.Object, java.lang.Object, java.lang.Object, java.lang.Object)'> (0x000000008cb317b0) 
thrown [s\src\hotspot\share\interpreter\linkResolver.cpp, line 771]
Event: 8.766 Thread 0x0000021db3c367b0 Exception <a 'java/lang/NoSuchMethodError'{0x000000008cb44158}: 'java.lang.Object java.lang.invoke.DirectMethodHandle$Holder.newInvokeSpecial(java.lang.Object, java.lang.Object, java.lang.Object, java.lang.Object, java.lang.Object, java.lang.Object, java.lang.Object, java.lang.Object, java.lang.Object, java.lang.Object, java.lang.Object, java.lang.Object)'> (0x000000008cb44158) 
thrown [s\src\hotspot\share\interpreter\linkResolver.cpp, line 771]
Event: 8.766 Thread 0x0000021db3c367b0 Exception <a 'java/lang/NoSuchMethodError'{0x000000008cb49af0}: 'java.lang.Object java.lang.invoke.Invokers$Holder.linkToTargetMethod(java.lang.Object, java.lang.Object, java.lang.Object, java.lang.Object, java.lang.Object, java.lang.Object, java.lang.Object, java.lang.Object, java.lang.Object, java.lang.Object, java.lang.Object, java.lang.Object)'> (0x000000008cb49af0) 
thrown [s\src\hotspot\share\interpreter\linkResolver.cpp, line 771]
Event: 8.943 Thread 0x0000021db3c367b0 Exception <a 'java/lang/NoSuchMethodError'{0x000000008cbe8298}: 'java.lang.Object java.lang.invoke.DirectMethodHandle$Holder.invokeStaticInit(java.lang.Object, java.lang.Object, java.lang.Object, java.lang.Object)'> (0x000000008cbe8298) 
thrown [s\src\hotspot\share\interpreter\linkResolver.cpp, line 771]
Event: 9.897 Thread 0x0000021db3c367b0 Exception <a 'java/lang/NoSuchMethodError'{0x000000008d26fdc8}: 'java.lang.Object java.lang.invoke.DirectMethodHandle$Holder.newInvokeSpecial(java.lang.Object, java.lang.Object, java.lang.Object, java.lang.Object, java.lang.Object, java.lang.Object, java.lang.Object, java.lang.Object)'> (0x000000008d26fdc8) 
thrown [s\src\hotspot\share\interpreter\linkResolver.cpp, line 771]
Event: 9.898 Thread 0x0000021db3c367b0 Exception <a 'java/lang/NoSuchMethodError'{0x000000008d275e50}: 'java.lang.Object java.lang.invoke.Invokers$Holder.linkToTargetMethod(java.lang.Object, java.lang.Object, java.lang.Object, java.lang.Object, java.lang.Object, java.lang.Object, java.lang.Object, java.lang.Object)'> (0x000000008d275e50) 
thrown [s\src\hotspot\share\interpreter\linkResolver.cpp, line 771]
Event: 9.993 Thread 0x0000021db3c367b0 Exception <a 'java/lang/IncompatibleClassChangeError'{0x000000008d2eb7a8}: Found class java.lang.Object, but interface was expected> (0x000000008d2eb7a8) 
thrown [s\src\hotspot\share\interpreter\linkResolver.cpp, line 838]
Event: 10.470 Thread 0x0000021db3c367b0 Exception <a 'java/lang/NoSuchMethodError'{0x000000008369fc38}: 'java.lang.Object java.lang.invoke.DirectMethodHandle$Holder.newInvokeSpecial(java.lang.Object, java.lang.Object, long)'> (0x000000008369fc38) 
thrown [s\src\hotspot\share\interpreter\linkResolver.cpp, line 771]
Event: 10.482 Thread 0x0000021db3c367b0 Exception <a 'java/lang/NoSuchMethodError'{0x00000000836a44f0}: 'java.lang.Object java.lang.invoke.Invokers$Holder.linkToTargetMethod(java.lang.Object, long, java.lang.Object)'> (0x00000000836a44f0) 
thrown [s\src\hotspot\share\interpreter\linkResolver.cpp, line 771]
Event: 11.121 Thread 0x0000021db3c367b0 Exception <a 'java/lang/NoSuchMethodError'{0x000000008cfbaf60}: 'void java.lang.invoke.DirectMethodHandle$Holder.invokeStaticInit(java.lang.Object, java.lang.Object, java.lang.Object)'> (0x000000008cfbaf60) 
thrown [s\src\hotspot\share\interpreter\linkResolver.cpp, line 771]
Event: 11.124 Thread 0x0000021db3c367b0 Exception <a 'java/lang/NoSuchMethodError'{0x000000008cfc2708}: 'void java.lang.invoke.DirectMethodHandle$Holder.invokeStaticInit(java.lang.Object, java.lang.Object, java.lang.Object, java.lang.Object)'> (0x000000008cfc2708) 
thrown [s\src\hotspot\share\interpreter\linkResolver.cpp, line 771]
Event: 11.127 Thread 0x0000021db3c367b0 Exception <a 'java/lang/NoSuchMethodError'{0x000000008cfe50a8}: 'void java.lang.invoke.DirectMethodHandle$Holder.invokeStaticInit(java.lang.Object, java.lang.Object, java.lang.Object, java.lang.Object, java.lang.Object)'> (0x000000008cfe50a8) 
thrown [s\src\hotspot\share\interpreter\linkResolver.cpp, line 771]
Event: 11.141 Thread 0x0000021db3c367b0 Exception <a 'java/lang/NoSuchMethodError'{0x000000008ce585d0}: 'int java.lang.invoke.DirectMethodHandle$Holder.invokeStaticInit(java.lang.Object, java.lang.Object, java.lang.Object, java.lang.Object)'> (0x000000008ce585d0) 
thrown [s\src\hotspot\share\interpreter\linkResolver.cpp, line 771]
Event: 11.636 Thread 0x0000021db3c367b0 Exception <a 'java/lang/ClassNotFoundException'{0x000000008fd82428}: groovy/lang/ExpandoMetaClassBeanInfo> (0x000000008fd82428) 
thrown [s\src\hotspot\share\classfile\systemDictionary.cpp, line 256]
Event: 11.637 Thread 0x0000021db3c367b0 Exception <a 'java/lang/ClassNotFoundException'{0x000000008fd99ed8}: groovy/lang/MetaClassImplBeanInfo> (0x000000008fd99ed8) 
thrown [s\src\hotspot\share\classfile\systemDictionary.cpp, line 256]
Event: 11.637 Thread 0x0000021db3c367b0 Exception <a 'java/lang/ClassNotFoundException'{0x000000008fd9f960}: java/lang/ObjectBeanInfo> (0x000000008fd9f960) 
thrown [s\src\hotspot\share\classfile\systemDictionary.cpp, line 256]
Event: 11.638 Thread 0x0000021db3c367b0 Exception <a 'java/lang/ClassNotFoundException'{0x000000008fda5aa0}: java/lang/ObjectCustomizer> (0x000000008fda5aa0) 
thrown [s\src\hotspot\share\classfile\systemDictionary.cpp, line 256]
Event: 11.642 Thread 0x0000021db3c367b0 Exception <a 'java/lang/IncompatibleClassChangeError'{0x000000008fdaa770}: Found class java.lang.Object, but interface was expected> (0x000000008fdaa770) 
thrown [s\src\hotspot\share\interpreter\linkResolver.cpp, line 838]
Event: 11.645 Thread 0x0000021db3c367b0 Exception <a 'java/lang/ClassNotFoundException'{0x000000008fdc7650}: groovy/lang/MetaClassImplCustomizer> (0x000000008fdc7650) 
thrown [s\src\hotspot\share\classfile\systemDictionary.cpp, line 256]
Event: 11.694 Thread 0x0000021db3c367b0 Exception <a 'java/lang/ClassNotFoundException'{0x000000008fdfdbc8}: groovy/lang/ExpandoMetaClassCustomizer> (0x000000008fdfdbc8) 
thrown [s\src\hotspot\share\classfile\systemDictionary.cpp, line 256]

VM Operations (20 events):
Event: 11.504 Executing VM operation: Cleanup done
Event: 11.543 Executing VM operation: G1CollectForAllocation
Event: 11.555 Executing VM operation: G1CollectForAllocation done
Event: 11.576 Executing VM operation: G1PauseRemark
Event: 11.597 Executing VM operation: G1PauseRemark done
Event: 11.610 Executing VM operation: G1PauseCleanup
Event: 11.632 Executing VM operation: G1PauseCleanup done
Event: 11.896 Executing VM operation: HandshakeAllThreads
Event: 11.896 Executing VM operation: HandshakeAllThreads done
Event: 11.897 Executing VM operation: HandshakeAllThreads
Event: 11.897 Executing VM operation: HandshakeAllThreads done
Event: 11.906 Executing VM operation: HandshakeAllThreads
Event: 11.906 Executing VM operation: HandshakeAllThreads done
Event: 11.927 Executing VM operation: HandshakeAllThreads
Event: 11.927 Executing VM operation: HandshakeAllThreads done
Event: 12.082 Executing VM operation: HandshakeAllThreads
Event: 12.082 Executing VM operation: HandshakeAllThreads done
Event: 12.186 Executing VM operation: HandshakeAllThreads
Event: 12.186 Executing VM operation: HandshakeAllThreads done
Event: 12.241 Executing VM operation: G1CollectForAllocation

Events (20 events):
Event: 12.180 loading class jdk/internal/jimage/ImageReader$Node done
Event: 12.180 loading class jdk/internal/jimage/ImageReader$Directory done
Event: 12.180 loading class jdk/internal/jrtfs/SystemImage$1
Event: 12.180 loading class jdk/internal/jrtfs/SystemImage$1 done
Event: 12.181 loading class jdk/internal/jimage/ImageReader$SharedImageReader$LocationVisitor
Event: 12.181 loading class jdk/internal/jimage/ImageReader$SharedImageReader$LocationVisitor done
Event: 12.185 loading class java/nio/ByteBufferAsIntBufferL
Event: 12.185 loading class java/nio/ByteBufferAsIntBufferL done
Event: 12.186 loading class jdk/internal/jrtfs/JrtFileAttributes
Event: 12.186 loading class jdk/internal/jrtfs/JrtFileAttributes done
Event: 12.186 loading class jdk/internal/jrtfs/JrtDirectoryStream
Event: 12.187 loading class jdk/internal/jrtfs/JrtDirectoryStream done
Event: 12.187 loading class jdk/internal/jrtfs/JrtDirectoryStream$1
Event: 12.187 loading class jdk/internal/jrtfs/JrtDirectoryStream$1 done
Event: 12.188 loading class java/util/function/BooleanSupplier
Event: 12.188 loading class java/util/function/BooleanSupplier done
Event: 12.188 loading class jdk/internal/jimage/ImageReader$Resource
Event: 12.188 loading class jdk/internal/jimage/ImageReader$Resource done
Event: 12.201 Thread 0x0000021db4fa28a0 Thread added: 0x0000021db4fa28a0
Event: 12.239 Thread 0x0000021db6ef2460 Thread added: 0x0000021db6ef2460


Dynamic libraries:
0x00007ff725570000 - 0x00007ff72557a000 	C:\Program Files\Android\android studio koala\android-studio\jbr\bin\java.exe
0x00007ffdf7c70000 - 0x00007ffdf7e68000 	C:\Windows\SYSTEM32\ntdll.dll
0x00007ffdf69b0000 - 0x00007ffdf6a6f000 	C:\Windows\System32\KERNEL32.DLL
0x00007ffdf5510000 - 0x00007ffdf57e2000 	C:\Windows\System32\KERNELBASE.dll
0x00007ffdf57f0000 - 0x00007ffdf58f0000 	C:\Windows\System32\ucrtbase.dll
0x00007ffddc810000 - 0x00007ffddc827000 	C:\Program Files\Android\android studio koala\android-studio\jbr\bin\jli.dll
0x00007ffdf74c0000 - 0x00007ffdf7661000 	C:\Windows\System32\USER32.dll
0x00007ffdf5410000 - 0x00007ffdf5432000 	C:\Windows\System32\win32u.dll
0x00007ffdf7670000 - 0x00007ffdf769b000 	C:\Windows\System32\GDI32.dll
0x00007ffdf5a50000 - 0x00007ffdf5b5f000 	C:\Windows\System32\gdi32full.dll
0x00007ffdf5470000 - 0x00007ffdf550d000 	C:\Windows\System32\msvcp_win.dll
0x00007ffddc460000 - 0x00007ffddc6fa000 	C:\Windows\WinSxS\amd64_microsoft.windows.common-controls_6595b64144ccf1df_6.0.19041.1110_none_60b5254171f9507e\COMCTL32.dll
0x00007ffdf7a60000 - 0x00007ffdf7afe000 	C:\Windows\System32\msvcrt.dll
0x00007ffddb590000 - 0x00007ffddb5ab000 	C:\Program Files\Android\android studio koala\android-studio\jbr\bin\VCRUNTIME140.dll
0x00007ffdf6c40000 - 0x00007ffdf6c72000 	C:\Windows\System32\IMM32.DLL
0x00007ffdf1b30000 - 0x00007ffdf1b3c000 	C:\Program Files\Android\android studio koala\android-studio\jbr\bin\vcruntime140_1.dll
0x00007ffdd57a0000 - 0x00007ffdd582d000 	C:\Program Files\Android\android studio koala\android-studio\jbr\bin\msvcp140.dll
0x00007ffda6ed0000 - 0x00007ffda7b53000 	C:\Program Files\Android\android studio koala\android-studio\jbr\bin\server\jvm.dll
0x00007ffdf6b80000 - 0x00007ffdf6c2e000 	C:\Windows\System32\ADVAPI32.dll
0x00007ffdf5d70000 - 0x00007ffdf5e0c000 	C:\Windows\System32\sechost.dll
0x00007ffdf67c0000 - 0x00007ffdf68e5000 	C:\Windows\System32\RPCRT4.dll
0x00007ffdf48e0000 - 0x00007ffdf492b000 	C:\Windows\SYSTEM32\POWRPROF.dll
0x00007ffdd6140000 - 0x00007ffdd6149000 	C:\Windows\SYSTEM32\WSOCK32.dll
0x00007ffdf35f0000 - 0x00007ffdf35fa000 	C:\Windows\SYSTEM32\VERSION.dll
0x00007ffdf5e10000 - 0x00007ffdf5e7b000 	C:\Windows\System32\WS2_32.dll
0x00007ffdd9920000 - 0x00007ffdd9947000 	C:\Windows\SYSTEM32\WINMM.dll
0x00007ffdf47a0000 - 0x00007ffdf47b2000 	C:\Windows\SYSTEM32\UMPDC.dll
0x00007ffdf28e0000 - 0x00007ffdf28f2000 	C:\Windows\SYSTEM32\kernel.appcore.dll
0x00007ffdf1b50000 - 0x00007ffdf1b5a000 	C:\Program Files\Android\android studio koala\android-studio\jbr\bin\jimage.dll
0x00007ffdf2390000 - 0x00007ffdf2574000 	C:\Windows\SYSTEM32\DBGHELP.DLL
0x00007ffdd7de0000 - 0x00007ffdd7e15000 	C:\Windows\SYSTEM32\dbgcore.DLL
0x00007ffdf5c20000 - 0x00007ffdf5ca2000 	C:\Windows\System32\bcryptPrimitives.dll
0x00007ffdf1600000 - 0x00007ffdf1625000 	C:\Program Files\Android\android studio koala\android-studio\jbr\bin\java.dll
0x00007ffdf1a30000 - 0x00007ffdf1a48000 	C:\Program Files\Android\android studio koala\android-studio\jbr\bin\zip.dll
0x00007ffdf6c80000 - 0x00007ffdf73c4000 	C:\Windows\System32\SHELL32.dll
0x00007ffdf2e20000 - 0x00007ffdf35b2000 	C:\Windows\SYSTEM32\windows.storage.dll
0x00007ffdf6380000 - 0x00007ffdf66d5000 	C:\Windows\System32\combase.dll
0x00007ffdf4dc0000 - 0x00007ffdf4df0000 	C:\Windows\SYSTEM32\Wldp.dll
0x00007ffdf6a70000 - 0x00007ffdf6b1d000 	C:\Windows\System32\SHCORE.dll
0x00007ffdf5d10000 - 0x00007ffdf5d65000 	C:\Windows\System32\shlwapi.dll
0x00007ffdf52a0000 - 0x00007ffdf52bf000 	C:\Windows\SYSTEM32\profapi.dll
0x00007ffdf16a0000 - 0x00007ffdf16b9000 	C:\Program Files\Android\android studio koala\android-studio\jbr\bin\net.dll
0x00007ffdf4350000 - 0x00007ffdf445c000 	C:\Windows\SYSTEM32\WINHTTP.dll
0x00007ffdf4b20000 - 0x00007ffdf4b8a000 	C:\Windows\system32\mswsock.dll
0x00007ffdf15e0000 - 0x00007ffdf15f6000 	C:\Program Files\Android\android studio koala\android-studio\jbr\bin\nio.dll
0x00007ffdf1920000 - 0x00007ffdf1930000 	C:\Program Files\Android\android studio koala\android-studio\jbr\bin\verify.dll
0x00007ffddb4b0000 - 0x00007ffddb4d7000 	C:\Users\dit222203\.gradle\native\e1d6ef7f7dcc3fd88c89a11ec53ec762bb8ba0a96d01ffa2cd45eb1d1d8dd5c5\windows-amd64\native-platform.dll
0x00007ffda6940000 - 0x00007ffda6a84000 	C:\Users\dit222203\.gradle\native\0d407fdbe67a94daf76414ababcb853783967236a71b16ec16e742cd7a986fd3\windows-amd64\native-platform-file-events.dll
0x00007ffdf1960000 - 0x00007ffdf1969000 	C:\Program Files\Android\android studio koala\android-studio\jbr\bin\management.dll
0x00007ffdf1950000 - 0x00007ffdf195b000 	C:\Program Files\Android\android studio koala\android-studio\jbr\bin\management_ext.dll
0x00007ffdf68f0000 - 0x00007ffdf68f8000 	C:\Windows\System32\PSAPI.DLL
0x00007ffdf4d10000 - 0x00007ffdf4d28000 	C:\Windows\SYSTEM32\CRYPTSP.dll
0x00007ffdf42c0000 - 0x00007ffdf42f4000 	C:\Windows\system32\rsaenh.dll
0x00007ffdf5440000 - 0x00007ffdf5467000 	C:\Windows\System32\bcrypt.dll
0x00007ffdf5260000 - 0x00007ffdf528e000 	C:\Windows\SYSTEM32\USERENV.dll
0x00007ffdf4d30000 - 0x00007ffdf4d3c000 	C:\Windows\SYSTEM32\CRYPTBASE.dll
0x00007ffdf47c0000 - 0x00007ffdf47fb000 	C:\Windows\SYSTEM32\IPHLPAPI.DLL
0x00007ffdf7a50000 - 0x00007ffdf7a58000 	C:\Windows\System32\NSI.dll
0x00007ffdeed10000 - 0x00007ffdeed27000 	C:\Windows\SYSTEM32\dhcpcsvc6.DLL
0x00007ffdeeca0000 - 0x00007ffdeecbd000 	C:\Windows\SYSTEM32\dhcpcsvc.DLL
0x00007ffdf4800000 - 0x00007ffdf48ca000 	C:\Windows\SYSTEM32\DNSAPI.dll
0x00007ffdf1970000 - 0x00007ffdf1979000 	C:\Program Files\Android\android studio koala\android-studio\jbr\bin\extnet.dll
0x00007ffdf1b40000 - 0x00007ffdf1b47000 	C:\Windows\system32\wshunix.dll

dbghelp: loaded successfully - version: 4.0.5 - missing functions: none
symbol engine: initialized successfully - sym options: 0x614 - pdb path: .;C:\Program Files\Android\android studio koala\android-studio\jbr\bin;C:\Windows\SYSTEM32;C:\Windows\WinSxS\amd64_microsoft.windows.common-controls_6595b64144ccf1df_6.0.19041.1110_none_60b5254171f9507e;C:\Program Files\Android\android studio koala\android-studio\jbr\bin\server;C:\Users\dit222203\.gradle\native\e1d6ef7f7dcc3fd88c89a11ec53ec762bb8ba0a96d01ffa2cd45eb1d1d8dd5c5\windows-amd64;C:\Users\dit222203\.gradle\native\0d407fdbe67a94daf76414ababcb853783967236a71b16ec16e742cd7a986fd3\windows-amd64

VM Arguments:
jvm_args: --add-opens=java.base/java.util=ALL-UNNAMED --add-opens=java.base/java.lang=ALL-UNNAMED --add-opens=java.base/java.lang.invoke=ALL-UNNAMED --add-opens=java.base/java.util=ALL-UNNAMED --add-opens=java.prefs/java.util.prefs=ALL-UNNAMED --add-opens=java.prefs/java.util.prefs=ALL-UNNAMED --add-opens=java.base/java.nio.charset=ALL-UNNAMED --add-opens=java.base/java.net=ALL-UNNAMED --add-opens=java.base/java.util.concurrent.atomic=ALL-UNNAMED -Xmx2048m -Dfile.encoding=UTF-8 -Duser.country=KR -Duser.language=ko -Duser.variant 
java_command: org.gradle.launcher.daemon.bootstrap.GradleDaemon 7.5
java_class_path (initial): C:\Users\dit222203\.gradle\wrapper\dists\gradle-7.5-bin\f1w0cc9nuo0eivz97x2xlu9sv\gradle-7.5\lib\gradle-launcher-7.5.jar
Launcher Type: SUN_STANDARD

[Global flags]
     intx CICompilerCount                          = 4                                         {product} {ergonomic}
     uint ConcGCThreads                            = 2                                         {product} {ergonomic}
     uint G1ConcRefinementThreads                  = 8                                         {product} {ergonomic}
   size_t G1HeapRegionSize                         = 1048576                                   {product} {ergonomic}
    uintx GCDrainStackTargetSize                   = 64                                        {product} {ergonomic}
   size_t InitialHeapSize                          = 266338304                                 {product} {ergonomic}
   size_t MarkStackSize                            = 4194304                                   {product} {ergonomic}
   size_t MaxHeapSize                              = 2147483648                                {product} {command line}
   size_t MaxNewSize                               = 1287651328                                {product} {ergonomic}
   size_t MinHeapDeltaBytes                        = 1048576                                   {product} {ergonomic}
   size_t MinHeapSize                              = 8388608                                   {product} {ergonomic}
    uintx NonNMethodCodeHeapSize                   = 5839372                                {pd product} {ergonomic}
    uintx NonProfiledCodeHeapSize                  = 122909434                              {pd product} {ergonomic}
    uintx ProfiledCodeHeapSize                     = 122909434                              {pd product} {ergonomic}
    uintx ReservedCodeCacheSize                    = 251658240                              {pd product} {ergonomic}
     bool SegmentedCodeCache                       = true                                      {product} {ergonomic}
   size_t SoftMaxHeapSize                          = 2147483648                             {manageable} {ergonomic}
     bool UseCompressedClassPointers               = true                           {product lp64_product} {ergonomic}
     bool UseCompressedOops                        = true                           {product lp64_product} {ergonomic}
     bool UseG1GC                                  = true                                      {product} {ergonomic}
     bool UseLargePagesIndividualAllocation        = false                                  {pd product} {ergonomic}

Logging:
Log output configuration:
 #0: stdout all=warning uptime,level,tags
 #1: stderr all=off uptime,level,tags

Environment Variables:
JAVA_HOME=C:\Program Files\Java\jdk1.8.0_321
PATH=C:\Program Files\Java\jdk1.8.0_321\bin;C:\Program Files\Java\scripts;C:\Program Files\Common Files\Oracle\Java\javapath;C:\Program Files (x86)\Common Files\Oracle\Java\javapath;C:\ProgramData\Oracle\Java\javapath;C:\Windows\system32;C:\Windows;C:\Windows\System32\Wbem;C:\Windows\System32\WindowsPowerShell\v1.0\;C:\Windows\System32\OpenSSH\;C:\Program Files (x86)\Microsoft SQL Server\150\DTS\Binn\;C:\Program Files\Azure Data Studio\bin;C:\Program Files\Git\cmd;C:\Program Files\Microsoft SQL Server\Client SDK\ODBC\170\Tools\Binn\;C:\Program Files (x86)\Microsoft SQL Server\150\Tools\Binn\;C:\Program Files\Microsoft SQL Server\150\Tools\Binn\;C:\Program Files\Microsoft SQL Server\150\DTS\Binn\;C:\Program Files\TortoiseGit\bin;C:\Program Files\nodejs\;C:\Python38\Scripts\;C:\Python38\;C:\Users\dit222203\AppData\Local\Microsoft\WindowsApps;C:\Program Files\Azure Data Studio\bin;C:\Users\dit222203\AppData\Local\Programs\Microsoft VS Code\bin;C:\Users\dit222203\AppData\Local\GitHubDesktop\bin;C:\Users\dit222203\AppData\Roaming\npm;C:\Users\dit222203\AppData\Local\Programs\Microsoft VS Code\bin;;C:\Users\dit222203\AppData\Local\Programs\Fiddler
USERNAME=DIT222203
OS=Windows_NT
PROCESSOR_IDENTIFIER=Intel64 Family 6 Model 142 Stepping 12, GenuineIntel
TMP=C:\Users\DIT222~1\AppData\Local\Temp
TEMP=C:\Users\DIT222~1\AppData\Local\Temp



Periodic native trim disabled

JNI global refs:
JNI global refs: 25, weak refs: 0

JNI global refs memory usage: 843, weak refs: 841

Process memory usage:
Resident Set Size: 214924K (1% of 16545120K total physical memory with 4199288K free physical memory)

OOME stack traces (most recent first):
Classloader memory used:
Loader bootstrap                                                                       : 2307K
Loader org.gradle.internal.classloader.VisitableURLClassLoader                         : 2266K
Loader org.gradle.initialization.MixInLegacyTypesClassLoader                           : 415K
Loader org.gradle.internal.classloader.VisitableURLClassLoader                         : 88090B
Loader jdk.internal.loader.ClassLoaders$PlatformClassLoader                            : 67218B
Loader jdk.internal.loader.ClassLoaders$AppClassLoader                                 : 25676B
Loader jdk.internal.reflect.DelegatingClassLoader                                      : 21896B
Loader org.gradle.groovy.scripts.internal.DefaultScriptCompilationHandler$ScriptClassLoader: 753B

Classes loaded by more than one classloader:
Class org.gradle.api.GradleException                                                  : loaded 3 times (x 80B)
Class org.gradle.util.GradleVersion                                                   : loaded 2 times (x 81B)
Class org.gradle.internal.classpath.ClassPath                                         : loaded 2 times (x 68B)
Class org.gradle.api.internal.classpath.DefaultModuleRegistry                         : loaded 2 times (x 84B)
Class org.gradle.api.Action                                                           : loaded 2 times (x 68B)
Class org.gradle.api.internal.DefaultClassPathProvider                                : loaded 2 times (x 74B)
Class org.gradle.internal.installation.GradleInstallation$1                           : loaded 2 times (x 73B)
Class org.gradle.internal.exceptions.DefaultMultiCauseException                       : loaded 2 times (x 93B)
Class org.gradle.internal.time.MonotonicClock                                         : loaded 2 times (x 75B)
Class org.gradle.internal.classloader.FilteringClassLoader                            : loaded 2 times (x 103B)
Class org.gradle.internal.classpath.DefaultClassPath$ImmutableUniqueList$Builder      : loaded 2 times (x 73B)
Class kotlin.UninitializedPropertyAccessException                                     : loaded 2 times (x 80B)
Class org.gradle.internal.classloader.ClassLoaderVisitor                              : loaded 2 times (x 74B)
Class org.gradle.internal.time.DefaultCountdownTimer                                  : loaded 2 times (x 86B)
Class org.gradle.internal.service.DefaultServiceLocator                               : loaded 2 times (x 81B)
Class org.gradle.internal.service.UnknownServiceException                             : loaded 2 times (x 81B)
Class org.gradle.internal.classloader.DefaultClassLoaderFactory                       : loaded 2 times (x 80B)
Class org.gradle.internal.classloader.VisitableURLClassLoader$Spec                    : loaded 2 times (x 72B)
Class org.gradle.tooling.model.ProjectModel                                           : loaded 2 times (x 68B)
Class org.gradle.internal.installation.GradleInstallation                             : loaded 2 times (x 73B)
Class org.gradle.api.internal.classpath.ModuleRegistry                                : loaded 2 times (x 68B)
Class org.gradle.api.internal.ClassPathProvider                                       : loaded 2 times (x 68B)
Class org.gradle.internal.classloader.ClasspathUtil$1                                 : loaded 2 times (x 74B)
Class org.gradle.internal.classloader.ClassLoaderFactory                              : loaded 2 times (x 68B)
Class org.gradle.api.internal.classpath.ManifestUtil                                  : loaded 2 times (x 69B)
Class org.gradle.api.specs.Spec                                                       : loaded 2 times (x 68B)
Class kotlin.jvm.internal.Intrinsics                                                  : loaded 2 times (x 69B)
Class org.gradle.internal.IoActions                                                   : loaded 2 times (x 69B)
Class org.gradle.api.internal.classpath.EffectiveClassPath                            : loaded 2 times (x 88B)
Class kotlin.jvm.internal.DefaultConstructorMarker                                    : loaded 2 times (x 69B)
Class org.gradle.internal.installation.CurrentGradleInstallation                      : loaded 2 times (x 71B)
Class org.gradle.internal.installation.CurrentGradleInstallationLocator               : loaded 2 times (x 69B)
Class org.gradle.api.internal.classpath.Module                                        : loaded 2 times (x 68B)
Class org.gradle.internal.service.CachingServiceLocator                               : loaded 2 times (x 80B)
Class org.gradle.internal.time.Timer                                                  : loaded 2 times (x 68B)
Class org.gradle.internal.classpath.DefaultClassPath                                  : loaded 2 times (x 88B)
Class org.gradle.api.Transformer                                                      : loaded 2 times (x 68B)
Class kotlin.jvm.functions.Function1                                                  : loaded 2 times (x 68B)
Class org.gradle.internal.time.Time                                                   : loaded 2 times (x 69B)
Class org.gradle.internal.time.TimeSource$1                                           : loaded 2 times (x 75B)
Class kotlin.KotlinNullPointerException                                               : loaded 2 times (x 81B)
Class org.gradle.internal.classloader.SystemClassLoaderSpec                           : loaded 2 times (x 69B)
Class kotlin.Function                                                                 : loaded 2 times (x 68B)
Class org.gradle.api.UncheckedIOException                                             : loaded 2 times (x 80B)
Class org.gradle.internal.time.CountdownTimer                                         : loaded 2 times (x 68B)
Class org.gradle.internal.time.Clock                                                  : loaded 2 times (x 68B)
Class org.gradle.internal.classloader.ClasspathUtil                                   : loaded 2 times (x 69B)
Class org.gradle.api.internal.DefaultClassPathRegistry                                : loaded 2 times (x 74B)
Class org.gradle.api.internal.classpath.DefaultModuleRegistry$DefaultModule           : loaded 2 times (x 84B)
Class org.gradle.internal.time.TimeSource                                             : loaded 2 times (x 68B)
Class org.gradle.api.internal.classpath.UnknownModuleException                        : loaded 2 times (x 80B)
Class org.gradle.internal.service.ServiceLookupException                              : loaded 2 times (x 80B)
Class org.gradle.cache.GlobalCache                                                    : loaded 2 times (x 68B)
Class [Lorg.gradle.api.internal.ClassPathProvider;                                    : loaded 2 times (x 67B)
Class org.gradle.internal.operations.MultipleBuildOperationFailures                   : loaded 2 times (x 93B)
Class org.gradle.util.internal.GUtil                                                  : loaded 2 times (x 69B)
Class org.gradle.internal.classloader.ClassLoaderSpec                                 : loaded 2 times (x 69B)
Class org.gradle.internal.classloader.VisitableURLClassLoader                         : loaded 2 times (x 115B)
Class org.gradle.internal.Cast                                                        : loaded 2 times (x 69B)
Class org.gradle.api.internal.ClassPathRegistry                                       : loaded 2 times (x 68B)
Class org.gradle.internal.classloader.ClassLoaderHierarchy                            : loaded 2 times (x 68B)
Class org.gradle.internal.exceptions.MultiCauseException                              : loaded 2 times (x 68B)
Class org.gradle.internal.service.ServiceLocator                                      : loaded 2 times (x 68B)
Class org.gradle.internal.classpath.DefaultClassPath$ImmutableUniqueList              : loaded 2 times (x 159B)
Class org.gradle.internal.time.DefaultTimer                                           : loaded 2 times (x 78B)


---------------  S Y S T E M  ---------------

OS:
 Windows 10 , 64 bit Build 19041 (10.0.19041.2364)
OS uptime: 0 days 7:01 hours

CPU: total 8 (initial active 8) (4 cores per cpu, 2 threads per core) family 6 model 142 stepping 12 microcode 0xec, cx8, cmov, fxsr, ht, mmx, 3dnowpref, sse, sse2, sse3, ssse3, sse4.1, sse4.2, popcnt, lzcnt, tsc, tscinvbit, avx, avx2, aes, erms, clmul, bmi1, bmi2, adx, fma, vzeroupper, clflush, clflushopt
Processor Information for all 8 processors :
  Max Mhz: 2304, Current Mhz: 1803, Mhz Limit: 1797

Memory: 4k page, system-wide physical 16157M (4102M free)
TotalPageFile size 16157M (AvailPageFile size 9M)
current process WorkingSet (physical memory assigned to process): 209M, peak: 210M
current process commit charge ("private bytes"): 243M, peak: 395M

vm_info: OpenJDK 64-Bit Server VM (17.0.11+0--11852314) for windows-amd64 JRE (17.0.11+0--11852314), built on May 16 2024 21:29:20 by "androidbuild" with MS VC++ 16.10 / 16.11 (VS2019)

END.
