#
# There is insufficient memory for the Java Runtime Environment to continue.
# Native memory allocation (mmap) failed to map 65536 bytes. Error detail: Failed to commit metaspace.
# Possible reasons:
#   The system is out of physical RAM or swap space
#   This process is running with CompressedOops enabled, and the Java Heap may be blocking the growth of the native heap
# Possible solutions:
#   Reduce memory load on the system
#   Increase physical memory or swap space
#   Check if swap backing store is full
#   Decrease Java heap size (-Xmx/-Xms)
#   Decrease number of Java threads
#   Decrease Java thread stack sizes (-Xss)
#   Set larger code cache with -XX:ReservedCodeCacheSize=
#   JVM is running with Zero Based Compressed Oops mode in which the Java heap is
#     placed in the first 32GB address space. The Java Heap base address is the
#     maximum limit for the native heap growth. Please use -XX:HeapBaseMinAddress
#     to set the Java Heap base and to place the Java Heap above 32GB virtual address.
# This output file may be truncated or incomplete.
#
#  Out of Memory Error (virtualSpaceNode.cpp:110), pid=14504, tid=19024
#
# JRE version: OpenJDK Runtime Environment (17.0.11) (build 17.0.11+0--11852314)
# Java VM: OpenJDK 64-Bit Server VM (17.0.11+0--11852314, mixed mode, tiered, compressed oops, compressed class ptrs, g1 gc, windows-amd64)
# No core dump will be written. Minidumps are not enabled by default on client versions of Windows
#

---------------  S U M M A R Y ------------

Command Line: org.jetbrains.kotlin.cli.jvm.K2JVMCompiler @D:\AndroidStudioProjects\android_a_to_z-main\android_a_to_z-main\HelloWorld\app\build\20241202_103711285808533501.compiler.options

Host: Intel(R) Core(TM) i7-10510U CPU @ 1.80GHz, 8 cores, 15G,  Windows 10 , 64 bit Build 19041 (10.0.19041.2364)
Time: Mon Dec  2 16:41:21 2024  Windows 10 , 64 bit Build 19041 (10.0.19041.2364) elapsed time: 0.214109 seconds (0d 0h 0m 0s)

---------------  T H R E A D  ---------------

Current thread (0x000002093f66eea0):  JavaThread "main" [_thread_in_vm, id=19024, stack(0x000000dfa4b00000,0x000000dfa4c00000)]

Stack: [0x000000dfa4b00000,0x000000dfa4c00000]
Native frames: (J=compiled Java code, j=interpreted, Vv=VM code, C=native code)
V  [jvm.dll+0x687bb9]
V  [jvm.dll+0x84142a]
V  [jvm.dll+0x8430ae]
V  [jvm.dll+0x843713]
V  [jvm.dll+0x24a35f]
V  [jvm.dll+0x83c2bb]
V  [jvm.dll+0x62c046]
V  [jvm.dll+0x62c0aa]
V  [jvm.dll+0x62e8da]
V  [jvm.dll+0x62c9e6]
V  [jvm.dll+0x23f400]
V  [jvm.dll+0x1ed94b]
V  [jvm.dll+0x1e328c]
V  [jvm.dll+0x54c5bc]
V  [jvm.dll+0x1f3e0b]
V  [jvm.dll+0x7b99bb]
V  [jvm.dll+0x7bae29]
V  [jvm.dll+0x7bb178]
V  [jvm.dll+0x241d8e]
V  [jvm.dll+0x241fdf]
V  [jvm.dll+0x56a8c8]
V  [jvm.dll+0x56d847]
V  [jvm.dll+0x38a3c2]
V  [jvm.dll+0x389a2f]
C  0x000002094a09a639

The last pc belongs to invokestatic (printed below).
Java frames: (J=compiled Java code, j=interpreted, Vv=VM code)
j  java.lang.invoke.CallSite.makeSite(Ljava/lang/invoke/MethodHandle;Ljava/lang/String;Ljava/lang/invoke/MethodType;Ljava/lang/Object;Ljava/lang/Class;)Ljava/lang/invoke/CallSite;+8 java.base@17.0.11
j  java.lang.invoke.MethodHandleNatives.linkCallSiteImpl(Ljava/lang/Class;Ljava/lang/invoke/MethodHandle;Ljava/lang/String;Ljava/lang/invoke/MethodType;Ljava/lang/Object;[Ljava/lang/Object;)Ljava/lang/invoke/MemberName;+6 java.base@17.0.11
j  java.lang.invoke.MethodHandleNatives.linkCallSite(Ljava/lang/Object;ILjava/lang/Object;Ljava/lang/Object;Ljava/lang/Object;Ljava/lang/Object;[Ljava/lang/Object;)Ljava/lang/invoke/MemberName;+46 java.base@17.0.11
v  ~StubRoutines::call_stub
j  org.jetbrains.kotlin.com.intellij.openapi.diagnostic.Logger.<clinit>()V+11
v  ~StubRoutines::call_stub
j  org.jetbrains.kotlin.cli.jvm.compiler.IdeaStandaloneExecutionSetup.<clinit>()V+14
v  ~StubRoutines::call_stub
j  org.jetbrains.kotlin.cli.jvm.compiler.CompatKt.setupIdeaStandaloneExecution()V+0
j  org.jetbrains.kotlin.cli.common.CLITool$Companion.doMain(Lorg/jetbrains/kotlin/cli/common/CLITool;[Ljava/lang/String;)V+45
j  org.jetbrains.kotlin.cli.jvm.K2JVMCompiler$Companion.main([Ljava/lang/String;)V+20
j  org.jetbrains.kotlin.cli.jvm.K2JVMCompiler.main([Ljava/lang/String;)V+4
v  ~StubRoutines::call_stub
invokestatic  184 invokestatic  [0x000002094a09a580, 0x000002094a09a860]  736 bytes
[MachCode]
  0x000002094a09a580: 4883 ec08 | c5fa 1104 | 24eb 1f48 | 83ec 10c5 | fb11 0424 | eb14 4883 | ec10 4889 | 0424 48c7 
  0x000002094a09a5a0: 4424 0800 | 0000 00eb | 0150 4c89 | 6dc0 410f | b755 0148 | 8b4d d0c1 | e202 8b5c | d120 c1eb 
  0x000002094a09a5c0: 1081 e3ff | 0000 0081 | fbb8 0000 | 000f 84b6 | 0000 00bb | b800 0000 | e805 0000 | 00e9 9b00 
  0x000002094a09a5e0: 0000 488b | d348 8d44 | 2408 4c89 | 6dc0 498b | cfc5 f877 | 4989 afa8 | 0200 0049 | 8987 9802 
  0x000002094a09a600: 0000 4883 | ec20 f7c4 | 0f00 0000 | 0f84 1a00 | 0000 4883 | ec08 49ba | c099 a7ef | fc7f 0000 
  0x000002094a09a620: 41ff d248 | 83c4 08e9 | 0d00 0000 | 49ba c099 | a7ef fc7f | 0000 41ff | d248 83c4 | 2049 c787 
  0x000002094a09a640: 9802 0000 | 0000 0000 | 49c7 87a8 | 0200 0000 | 0000 0049 | c787 a002 | 0000 0000 | 0000 c5f8 
  0x000002094a09a660: 7749 817f | 0800 0000 | 000f 8405 | 0000 00e9 | 8c68 feff | 4c8b 6dc0 | 4c8b 75c8 | c341 0fb7 
  0x000002094a09a680: 5501 488b | 4dd0 c1e2 | 0248 8b5c | d128 488b | 5b08 488b | 5b08 488b | 5b18 80bb | 5b01 0000 
  0x000002094a09a6a0: 040f 840d | 0000 004c | 3bbb 6001 | 0000 0f85 | 1fff ffff | 488b 5cd1 | 288b 54d1 | 38c1 ea1c 
  0x000002094a09a6c0: 49ba 5066 | 2af0 fc7f | 0000 498b | 14d2 5248 | 8b45 d848 | 85c0 0f84 | 1200 0000 | 4883 4008 
  0x000002094a09a6e0: 0148 8358 | 0800 4883 | c010 4889 | 45d8 488b | 45d8 4885 | c00f 8457 | 0100 0080 | 78f0 0a0f 
  0x000002094a09a700: 854d 0100 | 0048 83c0 | 084c 8b68 | f841 83ed | 0041 83fd | 020f 8c2c | 0100 004c | 8b6b 0845 
  0x000002094a09a720: 0fb7 6d2c | 4c2b 2841 | 83ed 014e | 8b6c ec08 | 4d85 ed75 | 1248 f740 | 0801 0000 | 0075 61f0 
  0x000002094a09a740: 4883 4808 | 01eb 5945 | 8b6d 0849 | ba00 0000 | 0008 0000 | 004d 03ea | 4d8b d54c | 3368 0849 
  0x000002094a09a760: f7c5 fcff | ffff 7438 | 49f7 c502 | 0000 0075 | 2f48 8178 | 0800 0000 | 0074 2148 | 8178 0801 
  0x000002094a09a780: 0000 0074 | 174d 8bea | 4c33 6808 | 49f7 c5fc | ffff ff74 | 0b48 8348 | 0802 eb04 | 4c89 6808 
  0x000002094a09a7a0: 4883 c010 | 4c8b 68e8 | 4183 ed02 | 4183 fd02 | 0f8c 9100 | 0000 4c8b | 6b08 450f | b76d 2c4c 
  0x000002094a09a7c0: 2b28 4183 | ed01 4e8b | 6cec 084d | 85ed 7512 | 48f7 4008 | 0100 0000 | 7561 f048 | 8348 0801 
  0x000002094a09a7e0: eb59 458b | 6d08 49ba | 0000 0000 | 0800 0000 | 4d03 ea4d | 8bd5 4c33 | 6808 49f7 | c5fc ffff 
  0x000002094a09a800: ff74 3849 | f7c5 0200 | 0000 752f | 4881 7808 | 0000 0000 | 7421 4881 | 7808 0100 | 0000 7417 
  0x000002094a09a820: 4d8b ea4c | 3368 0849 | f7c5 fcff | ffff 740b | 4883 4808 | 02eb 044c | 8968 0848 | 83c0 104c 
  0x000002094a09a840: 8b68 d841 | 83ed 0441 | c1e5 0349 | 03c5 4889 | 45d8 4c8d | 6c24 084c | 896d f0ff | 6360 6690 
[/MachCode]

---------------  P R O C E S S  ---------------

Threads class SMR info:
_java_thread_list=0x000002095e3d0210, length=13, elements={
0x000002093f66eea0, 0x000002095df13450, 0x000002095e0b6680, 0x000002095e09f0c0,
0x000002095e0cb840, 0x000002095e0cc110, 0x000002095e0cc9e0, 0x000002095e10cb50,
0x000002095e10d460, 0x000002095e10fd80, 0x000002095e29d840, 0x000002095e2a7c00,
0x000002095e3d03d0
}

Java Threads: ( => current thread )
=>0x000002093f66eea0 JavaThread "main" [_thread_in_vm, id=19024, stack(0x000000dfa4b00000,0x000000dfa4c00000)]
  0x000002095df13450 JavaThread "Reference Handler" daemon [_thread_blocked, id=3276, stack(0x000000dfa5200000,0x000000dfa5300000)]
  0x000002095e0b6680 JavaThread "Finalizer" daemon [_thread_blocked, id=3280, stack(0x000000dfa5300000,0x000000dfa5400000)]
  0x000002095e09f0c0 JavaThread "Signal Dispatcher" daemon [_thread_blocked, id=22696, stack(0x000000dfa5400000,0x000000dfa5500000)]
  0x000002095e0cb840 JavaThread "Attach Listener" daemon [_thread_blocked, id=14476, stack(0x000000dfa5500000,0x000000dfa5600000)]
  0x000002095e0cc110 JavaThread "Service Thread" daemon [_thread_blocked, id=6196, stack(0x000000dfa5600000,0x000000dfa5700000)]
  0x000002095e0cc9e0 JavaThread "Monitor Deflation Thread" daemon [_thread_blocked, id=6088, stack(0x000000dfa5700000,0x000000dfa5800000)]
  0x000002095e10cb50 JavaThread "C2 CompilerThread0" daemon [_thread_blocked, id=19708, stack(0x000000dfa5800000,0x000000dfa5900000)]
  0x000002095e10d460 JavaThread "C1 CompilerThread0" daemon [_thread_blocked, id=1604, stack(0x000000dfa5900000,0x000000dfa5a00000)]
  0x000002095e10fd80 JavaThread "Sweeper thread" daemon [_thread_blocked, id=24224, stack(0x000000dfa5a00000,0x000000dfa5b00000)]
  0x000002095e29d840 JavaThread "Notification Thread" daemon [_thread_blocked, id=5984, stack(0x000000dfa5b00000,0x000000dfa5c00000)]
  0x000002095e2a7c00 JavaThread "Common-Cleaner" daemon [_thread_blocked, id=22964, stack(0x000000dfa5d00000,0x000000dfa5e00000)]
  0x000002095e3d03d0 JavaThread "C2 CompilerThread1" daemon [_thread_blocked, id=7932, stack(0x000000dfa5e00000,0x000000dfa5f00000)]

Other Threads:
  0x000002095df1e890 VMThread "VM Thread" [stack: 0x000000dfa5100000,0x000000dfa5200000] [id=9788]
  0x000002095e29dd20 WatcherThread [stack: 0x000000dfa5c00000,0x000000dfa5d00000] [id=3004]
  0x000002093f6d6f10 GCTaskThread "GC Thread#0" [stack: 0x000000dfa4c00000,0x000000dfa4d00000] [id=22580]
  0x000002093f6e7ae0 ConcurrentGCThread "G1 Main Marker" [stack: 0x000000dfa4d00000,0x000000dfa4e00000] [id=5028]
  0x000002093f6e8ca0 ConcurrentGCThread "G1 Conc#0" [stack: 0x000000dfa4e00000,0x000000dfa4f00000] [id=16612]
  0x000002095ddb44f0 ConcurrentGCThread "G1 Refine#0" [stack: 0x000000dfa4f00000,0x000000dfa5000000] [id=20864]
  0x000002095ddb4f20 ConcurrentGCThread "G1 Service" [stack: 0x000000dfa5000000,0x000000dfa5100000] [id=7388]

Threads with active compile tasks:

VM state: not at safepoint (normal execution)

VM Mutex/Monitor currently owned by a thread:  ([mutex/lock_event])
[0x000002093f668270] Metaspace_lock - owner thread: 0x000002093f66eea0

Heap address: 0x0000000703800000, size: 4040 MB, Compressed Oops mode: Zero based, Oop shift amount: 3

CDS archive(s) not mapped
Compressed class space mapped at: 0x0000000800000000-0x0000000840000000, reserved size: 1073741824
Narrow klass base: 0x0000000800000000, Narrow klass shift: 0, Narrow klass range: 0x40000000

GC Precious Log:
 CPUs: 8 total, 8 available
 Memory: 16157M
 Large Page Support: Disabled
 NUMA Support: Disabled
 Compressed Oops: Enabled (Zero based)
 Heap Region Size: 2M
 Heap Min Capacity: 8M
 Heap Initial Capacity: 254M
 Heap Max Capacity: 4040M
 Pre-touch: Disabled
 Parallel Workers: 8
 Concurrent Workers: 2
 Concurrent Refinement Workers: 8
 Periodic GC: Disabled

Heap:
 garbage-first heap   total 260096K, used 4096K [0x0000000703800000, 0x0000000800000000)
  region size 2048K, 2 young (4096K), 0 survivors (0K)
 Metaspace       used 5682K, committed 5760K, reserved 1114112K
  class space    used 476K, committed 512K, reserved 1048576K

Heap Regions: E=young(eden), S=young(survivor), O=old, HS=humongous(starts), HC=humongous(continues), CS=collection set, F=free, OA=open archive, CA=closed archive, TAMS=top-at-mark-start (previous, next)
|   0|0x0000000703800000, 0x0000000703a00000, 0x0000000703a00000|100%|HS|  |TAMS 0x0000000703800000, 0x0000000703800000| Complete 
|   1|0x0000000703a00000, 0x0000000703c00000, 0x0000000703c00000|100%|HC|  |TAMS 0x0000000703a00000, 0x0000000703a00000| Complete 
|   2|0x0000000703c00000, 0x0000000703c00000, 0x0000000703e00000|  0%| F|  |TAMS 0x0000000703c00000, 0x0000000703c00000| Untracked 
|   3|0x0000000703e00000, 0x0000000703e00000, 0x0000000704000000|  0%| F|  |TAMS 0x0000000703e00000, 0x0000000703e00000| Untracked 
|   4|0x0000000704000000, 0x0000000704000000, 0x0000000704200000|  0%| F|  |TAMS 0x0000000704000000, 0x0000000704000000| Untracked 
|   5|0x0000000704200000, 0x0000000704200000, 0x0000000704400000|  0%| F|  |TAMS 0x0000000704200000, 0x0000000704200000| Untracked 
|   6|0x0000000704400000, 0x0000000704400000, 0x0000000704600000|  0%| F|  |TAMS 0x0000000704400000, 0x0000000704400000| Untracked 
|   7|0x0000000704600000, 0x0000000704600000, 0x0000000704800000|  0%| F|  |TAMS 0x0000000704600000, 0x0000000704600000| Untracked 
|   8|0x0000000704800000, 0x0000000704800000, 0x0000000704a00000|  0%| F|  |TAMS 0x0000000704800000, 0x0000000704800000| Untracked 
|   9|0x0000000704a00000, 0x0000000704a00000, 0x0000000704c00000|  0%| F|  |TAMS 0x0000000704a00000, 0x0000000704a00000| Untracked 
|  10|0x0000000704c00000, 0x0000000704c00000, 0x0000000704e00000|  0%| F|  |TAMS 0x0000000704c00000, 0x0000000704c00000| Untracked 
|  11|0x0000000704e00000, 0x0000000704e00000, 0x0000000705000000|  0%| F|  |TAMS 0x0000000704e00000, 0x0000000704e00000| Untracked 
|  12|0x0000000705000000, 0x0000000705000000, 0x0000000705200000|  0%| F|  |TAMS 0x0000000705000000, 0x0000000705000000| Untracked 
|  13|0x0000000705200000, 0x0000000705200000, 0x0000000705400000|  0%| F|  |TAMS 0x0000000705200000, 0x0000000705200000| Untracked 
|  14|0x0000000705400000, 0x0000000705400000, 0x0000000705600000|  0%| F|  |TAMS 0x0000000705400000, 0x0000000705400000| Untracked 
|  15|0x0000000705600000, 0x0000000705600000, 0x0000000705800000|  0%| F|  |TAMS 0x0000000705600000, 0x0000000705600000| Untracked 
|  16|0x0000000705800000, 0x0000000705800000, 0x0000000705a00000|  0%| F|  |TAMS 0x0000000705800000, 0x0000000705800000| Untracked 
|  17|0x0000000705a00000, 0x0000000705a00000, 0x0000000705c00000|  0%| F|  |TAMS 0x0000000705a00000, 0x0000000705a00000| Untracked 
|  18|0x0000000705c00000, 0x0000000705c00000, 0x0000000705e00000|  0%| F|  |TAMS 0x0000000705c00000, 0x0000000705c00000| Untracked 
|  19|0x0000000705e00000, 0x0000000705e00000, 0x0000000706000000|  0%| F|  |TAMS 0x0000000705e00000, 0x0000000705e00000| Untracked 
|  20|0x0000000706000000, 0x0000000706000000, 0x0000000706200000|  0%| F|  |TAMS 0x0000000706000000, 0x0000000706000000| Untracked 
|  21|0x0000000706200000, 0x0000000706200000, 0x0000000706400000|  0%| F|  |TAMS 0x0000000706200000, 0x0000000706200000| Untracked 
|  22|0x0000000706400000, 0x0000000706400000, 0x0000000706600000|  0%| F|  |TAMS 0x0000000706400000, 0x0000000706400000| Untracked 
|  23|0x0000000706600000, 0x0000000706600000, 0x0000000706800000|  0%| F|  |TAMS 0x0000000706600000, 0x0000000706600000| Untracked 
|  24|0x0000000706800000, 0x0000000706800000, 0x0000000706a00000|  0%| F|  |TAMS 0x0000000706800000, 0x0000000706800000| Untracked 
|  25|0x0000000706a00000, 0x0000000706a00000, 0x0000000706c00000|  0%| F|  |TAMS 0x0000000706a00000, 0x0000000706a00000| Untracked 
|  26|0x0000000706c00000, 0x0000000706c00000, 0x0000000706e00000|  0%| F|  |TAMS 0x0000000706c00000, 0x0000000706c00000| Untracked 
|  27|0x0000000706e00000, 0x0000000706e00000, 0x0000000707000000|  0%| F|  |TAMS 0x0000000706e00000, 0x0000000706e00000| Untracked 
|  28|0x0000000707000000, 0x0000000707000000, 0x0000000707200000|  0%| F|  |TAMS 0x0000000707000000, 0x0000000707000000| Untracked 
|  29|0x0000000707200000, 0x0000000707200000, 0x0000000707400000|  0%| F|  |TAMS 0x0000000707200000, 0x0000000707200000| Untracked 
|  30|0x0000000707400000, 0x0000000707400000, 0x0000000707600000|  0%| F|  |TAMS 0x0000000707400000, 0x0000000707400000| Untracked 
|  31|0x0000000707600000, 0x0000000707600000, 0x0000000707800000|  0%| F|  |TAMS 0x0000000707600000, 0x0000000707600000| Untracked 
|  32|0x0000000707800000, 0x0000000707800000, 0x0000000707a00000|  0%| F|  |TAMS 0x0000000707800000, 0x0000000707800000| Untracked 
|  33|0x0000000707a00000, 0x0000000707a00000, 0x0000000707c00000|  0%| F|  |TAMS 0x0000000707a00000, 0x0000000707a00000| Untracked 
|  34|0x0000000707c00000, 0x0000000707c00000, 0x0000000707e00000|  0%| F|  |TAMS 0x0000000707c00000, 0x0000000707c00000| Untracked 
|  35|0x0000000707e00000, 0x0000000707e00000, 0x0000000708000000|  0%| F|  |TAMS 0x0000000707e00000, 0x0000000707e00000| Untracked 
|  36|0x0000000708000000, 0x0000000708000000, 0x0000000708200000|  0%| F|  |TAMS 0x0000000708000000, 0x0000000708000000| Untracked 
|  37|0x0000000708200000, 0x0000000708200000, 0x0000000708400000|  0%| F|  |TAMS 0x0000000708200000, 0x0000000708200000| Untracked 
|  38|0x0000000708400000, 0x0000000708400000, 0x0000000708600000|  0%| F|  |TAMS 0x0000000708400000, 0x0000000708400000| Untracked 
|  39|0x0000000708600000, 0x0000000708600000, 0x0000000708800000|  0%| F|  |TAMS 0x0000000708600000, 0x0000000708600000| Untracked 
|  40|0x0000000708800000, 0x0000000708800000, 0x0000000708a00000|  0%| F|  |TAMS 0x0000000708800000, 0x0000000708800000| Untracked 
|  41|0x0000000708a00000, 0x0000000708a00000, 0x0000000708c00000|  0%| F|  |TAMS 0x0000000708a00000, 0x0000000708a00000| Untracked 
|  42|0x0000000708c00000, 0x0000000708c00000, 0x0000000708e00000|  0%| F|  |TAMS 0x0000000708c00000, 0x0000000708c00000| Untracked 
|  43|0x0000000708e00000, 0x0000000708e00000, 0x0000000709000000|  0%| F|  |TAMS 0x0000000708e00000, 0x0000000708e00000| Untracked 
|  44|0x0000000709000000, 0x0000000709000000, 0x0000000709200000|  0%| F|  |TAMS 0x0000000709000000, 0x0000000709000000| Untracked 
|  45|0x0000000709200000, 0x0000000709200000, 0x0000000709400000|  0%| F|  |TAMS 0x0000000709200000, 0x0000000709200000| Untracked 
|  46|0x0000000709400000, 0x0000000709400000, 0x0000000709600000|  0%| F|  |TAMS 0x0000000709400000, 0x0000000709400000| Untracked 
|  47|0x0000000709600000, 0x0000000709600000, 0x0000000709800000|  0%| F|  |TAMS 0x0000000709600000, 0x0000000709600000| Untracked 
|  48|0x0000000709800000, 0x0000000709800000, 0x0000000709a00000|  0%| F|  |TAMS 0x0000000709800000, 0x0000000709800000| Untracked 
|  49|0x0000000709a00000, 0x0000000709a00000, 0x0000000709c00000|  0%| F|  |TAMS 0x0000000709a00000, 0x0000000709a00000| Untracked 
|  50|0x0000000709c00000, 0x0000000709c00000, 0x0000000709e00000|  0%| F|  |TAMS 0x0000000709c00000, 0x0000000709c00000| Untracked 
|  51|0x0000000709e00000, 0x0000000709e00000, 0x000000070a000000|  0%| F|  |TAMS 0x0000000709e00000, 0x0000000709e00000| Untracked 
|  52|0x000000070a000000, 0x000000070a000000, 0x000000070a200000|  0%| F|  |TAMS 0x000000070a000000, 0x000000070a000000| Untracked 
|  53|0x000000070a200000, 0x000000070a200000, 0x000000070a400000|  0%| F|  |TAMS 0x000000070a200000, 0x000000070a200000| Untracked 
|  54|0x000000070a400000, 0x000000070a400000, 0x000000070a600000|  0%| F|  |TAMS 0x000000070a400000, 0x000000070a400000| Untracked 
|  55|0x000000070a600000, 0x000000070a600000, 0x000000070a800000|  0%| F|  |TAMS 0x000000070a600000, 0x000000070a600000| Untracked 
|  56|0x000000070a800000, 0x000000070a800000, 0x000000070aa00000|  0%| F|  |TAMS 0x000000070a800000, 0x000000070a800000| Untracked 
|  57|0x000000070aa00000, 0x000000070aa00000, 0x000000070ac00000|  0%| F|  |TAMS 0x000000070aa00000, 0x000000070aa00000| Untracked 
|  58|0x000000070ac00000, 0x000000070ac00000, 0x000000070ae00000|  0%| F|  |TAMS 0x000000070ac00000, 0x000000070ac00000| Untracked 
|  59|0x000000070ae00000, 0x000000070ae00000, 0x000000070b000000|  0%| F|  |TAMS 0x000000070ae00000, 0x000000070ae00000| Untracked 
|  60|0x000000070b000000, 0x000000070b000000, 0x000000070b200000|  0%| F|  |TAMS 0x000000070b000000, 0x000000070b000000| Untracked 
|  61|0x000000070b200000, 0x000000070b200000, 0x000000070b400000|  0%| F|  |TAMS 0x000000070b200000, 0x000000070b200000| Untracked 
|  62|0x000000070b400000, 0x000000070b400000, 0x000000070b600000|  0%| F|  |TAMS 0x000000070b400000, 0x000000070b400000| Untracked 
|  63|0x000000070b600000, 0x000000070b600000, 0x000000070b800000|  0%| F|  |TAMS 0x000000070b600000, 0x000000070b600000| Untracked 
|  64|0x000000070b800000, 0x000000070b800000, 0x000000070ba00000|  0%| F|  |TAMS 0x000000070b800000, 0x000000070b800000| Untracked 
|  65|0x000000070ba00000, 0x000000070ba00000, 0x000000070bc00000|  0%| F|  |TAMS 0x000000070ba00000, 0x000000070ba00000| Untracked 
|  66|0x000000070bc00000, 0x000000070bc00000, 0x000000070be00000|  0%| F|  |TAMS 0x000000070bc00000, 0x000000070bc00000| Untracked 
|  67|0x000000070be00000, 0x000000070be00000, 0x000000070c000000|  0%| F|  |TAMS 0x000000070be00000, 0x000000070be00000| Untracked 
|  68|0x000000070c000000, 0x000000070c000000, 0x000000070c200000|  0%| F|  |TAMS 0x000000070c000000, 0x000000070c000000| Untracked 
|  69|0x000000070c200000, 0x000000070c200000, 0x000000070c400000|  0%| F|  |TAMS 0x000000070c200000, 0x000000070c200000| Untracked 
|  70|0x000000070c400000, 0x000000070c400000, 0x000000070c600000|  0%| F|  |TAMS 0x000000070c400000, 0x000000070c400000| Untracked 
|  71|0x000000070c600000, 0x000000070c600000, 0x000000070c800000|  0%| F|  |TAMS 0x000000070c600000, 0x000000070c600000| Untracked 
|  72|0x000000070c800000, 0x000000070c800000, 0x000000070ca00000|  0%| F|  |TAMS 0x000000070c800000, 0x000000070c800000| Untracked 
|  73|0x000000070ca00000, 0x000000070ca00000, 0x000000070cc00000|  0%| F|  |TAMS 0x000000070ca00000, 0x000000070ca00000| Untracked 
|  74|0x000000070cc00000, 0x000000070cc00000, 0x000000070ce00000|  0%| F|  |TAMS 0x000000070cc00000, 0x000000070cc00000| Untracked 
|  75|0x000000070ce00000, 0x000000070ce00000, 0x000000070d000000|  0%| F|  |TAMS 0x000000070ce00000, 0x000000070ce00000| Untracked 
|  76|0x000000070d000000, 0x000000070d000000, 0x000000070d200000|  0%| F|  |TAMS 0x000000070d000000, 0x000000070d000000| Untracked 
|  77|0x000000070d200000, 0x000000070d200000, 0x000000070d400000|  0%| F|  |TAMS 0x000000070d200000, 0x000000070d200000| Untracked 
|  78|0x000000070d400000, 0x000000070d400000, 0x000000070d600000|  0%| F|  |TAMS 0x000000070d400000, 0x000000070d400000| Untracked 
|  79|0x000000070d600000, 0x000000070d600000, 0x000000070d800000|  0%| F|  |TAMS 0x000000070d600000, 0x000000070d600000| Untracked 
|  80|0x000000070d800000, 0x000000070d800000, 0x000000070da00000|  0%| F|  |TAMS 0x000000070d800000, 0x000000070d800000| Untracked 
|  81|0x000000070da00000, 0x000000070da00000, 0x000000070dc00000|  0%| F|  |TAMS 0x000000070da00000, 0x000000070da00000| Untracked 
|  82|0x000000070dc00000, 0x000000070dc00000, 0x000000070de00000|  0%| F|  |TAMS 0x000000070dc00000, 0x000000070dc00000| Untracked 
|  83|0x000000070de00000, 0x000000070de00000, 0x000000070e000000|  0%| F|  |TAMS 0x000000070de00000, 0x000000070de00000| Untracked 
|  84|0x000000070e000000, 0x000000070e000000, 0x000000070e200000|  0%| F|  |TAMS 0x000000070e000000, 0x000000070e000000| Untracked 
|  85|0x000000070e200000, 0x000000070e200000, 0x000000070e400000|  0%| F|  |TAMS 0x000000070e200000, 0x000000070e200000| Untracked 
|  86|0x000000070e400000, 0x000000070e400000, 0x000000070e600000|  0%| F|  |TAMS 0x000000070e400000, 0x000000070e400000| Untracked 
|  87|0x000000070e600000, 0x000000070e600000, 0x000000070e800000|  0%| F|  |TAMS 0x000000070e600000, 0x000000070e600000| Untracked 
|  88|0x000000070e800000, 0x000000070e800000, 0x000000070ea00000|  0%| F|  |TAMS 0x000000070e800000, 0x000000070e800000| Untracked 
|  89|0x000000070ea00000, 0x000000070ea00000, 0x000000070ec00000|  0%| F|  |TAMS 0x000000070ea00000, 0x000000070ea00000| Untracked 
|  90|0x000000070ec00000, 0x000000070ec00000, 0x000000070ee00000|  0%| F|  |TAMS 0x000000070ec00000, 0x000000070ec00000| Untracked 
|  91|0x000000070ee00000, 0x000000070ee00000, 0x000000070f000000|  0%| F|  |TAMS 0x000000070ee00000, 0x000000070ee00000| Untracked 
|  92|0x000000070f000000, 0x000000070f000000, 0x000000070f200000|  0%| F|  |TAMS 0x000000070f000000, 0x000000070f000000| Untracked 
|  93|0x000000070f200000, 0x000000070f200000, 0x000000070f400000|  0%| F|  |TAMS 0x000000070f200000, 0x000000070f200000| Untracked 
|  94|0x000000070f400000, 0x000000070f400000, 0x000000070f600000|  0%| F|  |TAMS 0x000000070f400000, 0x000000070f400000| Untracked 
|  95|0x000000070f600000, 0x000000070f600000, 0x000000070f800000|  0%| F|  |TAMS 0x000000070f600000, 0x000000070f600000| Untracked 
|  96|0x000000070f800000, 0x000000070f800000, 0x000000070fa00000|  0%| F|  |TAMS 0x000000070f800000, 0x000000070f800000| Untracked 
|  97|0x000000070fa00000, 0x000000070fa00000, 0x000000070fc00000|  0%| F|  |TAMS 0x000000070fa00000, 0x000000070fa00000| Untracked 
|  98|0x000000070fc00000, 0x000000070fc00000, 0x000000070fe00000|  0%| F|  |TAMS 0x000000070fc00000, 0x000000070fc00000| Untracked 
|  99|0x000000070fe00000, 0x000000070fe00000, 0x0000000710000000|  0%| F|  |TAMS 0x000000070fe00000, 0x000000070fe00000| Untracked 
| 100|0x0000000710000000, 0x0000000710000000, 0x0000000710200000|  0%| F|  |TAMS 0x0000000710000000, 0x0000000710000000| Untracked 
| 101|0x0000000710200000, 0x0000000710200000, 0x0000000710400000|  0%| F|  |TAMS 0x0000000710200000, 0x0000000710200000| Untracked 
| 102|0x0000000710400000, 0x0000000710400000, 0x0000000710600000|  0%| F|  |TAMS 0x0000000710400000, 0x0000000710400000| Untracked 
| 103|0x0000000710600000, 0x0000000710600000, 0x0000000710800000|  0%| F|  |TAMS 0x0000000710600000, 0x0000000710600000| Untracked 
| 104|0x0000000710800000, 0x0000000710800000, 0x0000000710a00000|  0%| F|  |TAMS 0x0000000710800000, 0x0000000710800000| Untracked 
| 105|0x0000000710a00000, 0x0000000710a00000, 0x0000000710c00000|  0%| F|  |TAMS 0x0000000710a00000, 0x0000000710a00000| Untracked 
| 106|0x0000000710c00000, 0x0000000710c00000, 0x0000000710e00000|  0%| F|  |TAMS 0x0000000710c00000, 0x0000000710c00000| Untracked 
| 107|0x0000000710e00000, 0x0000000710e00000, 0x0000000711000000|  0%| F|  |TAMS 0x0000000710e00000, 0x0000000710e00000| Untracked 
| 108|0x0000000711000000, 0x0000000711000000, 0x0000000711200000|  0%| F|  |TAMS 0x0000000711000000, 0x0000000711000000| Untracked 
| 109|0x0000000711200000, 0x0000000711200000, 0x0000000711400000|  0%| F|  |TAMS 0x0000000711200000, 0x0000000711200000| Untracked 
| 110|0x0000000711400000, 0x0000000711400000, 0x0000000711600000|  0%| F|  |TAMS 0x0000000711400000, 0x0000000711400000| Untracked 
| 111|0x0000000711600000, 0x0000000711600000, 0x0000000711800000|  0%| F|  |TAMS 0x0000000711600000, 0x0000000711600000| Untracked 
| 112|0x0000000711800000, 0x0000000711800000, 0x0000000711a00000|  0%| F|  |TAMS 0x0000000711800000, 0x0000000711800000| Untracked 
| 113|0x0000000711a00000, 0x0000000711a00000, 0x0000000711c00000|  0%| F|  |TAMS 0x0000000711a00000, 0x0000000711a00000| Untracked 
| 114|0x0000000711c00000, 0x0000000711c00000, 0x0000000711e00000|  0%| F|  |TAMS 0x0000000711c00000, 0x0000000711c00000| Untracked 
| 115|0x0000000711e00000, 0x0000000711e00000, 0x0000000712000000|  0%| F|  |TAMS 0x0000000711e00000, 0x0000000711e00000| Untracked 
| 116|0x0000000712000000, 0x0000000712000000, 0x0000000712200000|  0%| F|  |TAMS 0x0000000712000000, 0x0000000712000000| Untracked 
| 117|0x0000000712200000, 0x0000000712200000, 0x0000000712400000|  0%| F|  |TAMS 0x0000000712200000, 0x0000000712200000| Untracked 
| 118|0x0000000712400000, 0x0000000712400000, 0x0000000712600000|  0%| F|  |TAMS 0x0000000712400000, 0x0000000712400000| Untracked 
| 119|0x0000000712600000, 0x0000000712600000, 0x0000000712800000|  0%| F|  |TAMS 0x0000000712600000, 0x0000000712600000| Untracked 
| 120|0x0000000712800000, 0x0000000712800000, 0x0000000712a00000|  0%| F|  |TAMS 0x0000000712800000, 0x0000000712800000| Untracked 
| 121|0x0000000712a00000, 0x0000000712a00000, 0x0000000712c00000|  0%| F|  |TAMS 0x0000000712a00000, 0x0000000712a00000| Untracked 
| 122|0x0000000712c00000, 0x0000000712c00000, 0x0000000712e00000|  0%| F|  |TAMS 0x0000000712c00000, 0x0000000712c00000| Untracked 
| 123|0x0000000712e00000, 0x0000000712e00000, 0x0000000713000000|  0%| F|  |TAMS 0x0000000712e00000, 0x0000000712e00000| Untracked 
| 124|0x0000000713000000, 0x0000000713000000, 0x0000000713200000|  0%| F|  |TAMS 0x0000000713000000, 0x0000000713000000| Untracked 
| 125|0x0000000713200000, 0x00000007133c0880, 0x0000000713400000| 87%| E|  |TAMS 0x0000000713200000, 0x0000000713200000| Complete 
| 126|0x0000000713400000, 0x0000000713600000, 0x0000000713600000|100%| E|  |TAMS 0x0000000713400000, 0x0000000713400000| Complete 

Card table byte_map: [0x0000020952670000,0x0000020952e60000] _byte_map_base: 0x000002094ee54000

Marking Bits (Prev, Next): (CMBitMap*) 0x000002093f6d7530, (CMBitMap*) 0x000002093f6d7570
 Prev Bits: [0x0000020953650000, 0x0000020957570000)
 Next Bits: [0x0000020957570000, 0x000002095b490000)

Polling page: 0x000002093d5b0000

Metaspace:

Usage:
  Non-class:      5.08 MB used.
      Class:    476.36 KB used.
       Both:      5.55 MB used.

Virtual space:
  Non-class space:       64.00 MB reserved,       5.12 MB (  8%) committed,  1 nodes.
      Class space:        1.00 GB reserved,     512.00 KB ( <1%) committed,  1 nodes.
             Both:        1.06 GB reserved,       5.62 MB ( <1%) committed. 

Chunk freelists:
   Non-Class:  10.66 MB
       Class:  15.52 MB
        Both:  26.17 MB

MaxMetaspaceSize: unlimited
CompressedClassSpaceSize: 1.00 GB
Initial GC threshold: 21.00 MB
Current GC threshold: 21.00 MB
CDS: off
MetaspaceReclaimPolicy: balanced
 - commit_granule_bytes: 65536.
 - commit_granule_words: 8192.
 - virtual_space_node_default_size: 8388608.
 - enlarge_chunks_in_place: 1.
 - new_chunks_are_fully_committed: 0.
 - uncommit_free_chunks: 1.
 - use_allocation_guard: 0.
 - handle_deallocations: 1.


Internal statistics:

num_allocs_failed_limit: 0.
num_arena_births: 4.
num_arena_deaths: 0.
num_vsnodes_births: 2.
num_vsnodes_deaths: 0.
num_space_committed: 90.
num_space_uncommitted: 0.
num_chunks_returned_to_freelist: 0.
num_chunks_taken_from_freelist: 25.
num_chunk_merges: 0.
num_chunk_splits: 17.
num_chunks_enlarged: 15.
num_inconsistent_stats: 0.

CodeHeap 'non-profiled nmethods': size=120000Kb used=37Kb max_used=37Kb free=119962Kb
 bounds [0x000002094a620000, 0x000002094a890000, 0x0000020951b50000]
CodeHeap 'profiled nmethods': size=120000Kb used=188Kb max_used=188Kb free=119812Kb
 bounds [0x0000020942b50000, 0x0000020942dc0000, 0x000002094a080000]
CodeHeap 'non-nmethods': size=5760Kb used=1080Kb max_used=1080Kb free=4679Kb
 bounds [0x000002094a080000, 0x000002094a2f0000, 0x000002094a620000]
 total_blobs=496 nmethods=148 adapters=261
 compilation: enabled
              stopped_count=0, restarted_count=0
 full_count=0

Compilation events (20 events):
Event: 0.176 Thread 0x000002095e10d460  137       3       java.lang.Character::toLowerCase (9 bytes)
Event: 0.177 Thread 0x000002095e10d460 nmethod 137 0x0000020942b7c990 code [0x0000020942b7cb40, 0x0000020942b7cd38]
Event: 0.177 Thread 0x000002095e10d460  138       3       java.lang.CharacterDataLatin1::toUpperCase (53 bytes)
Event: 0.177 Thread 0x000002095e10d460 nmethod 138 0x0000020942b7ce10 code [0x0000020942b7cfc0, 0x0000020942b7d258]
Event: 0.178 Thread 0x000002095e10d460  139       1       java.security.CodeSource::getLocationNoFragString (5 bytes)
Event: 0.178 Thread 0x000002095e10d460 nmethod 139 0x000002094a628710 code [0x000002094a6288a0, 0x000002094a628978]
Event: 0.178 Thread 0x000002095e10d460  140       3       java.lang.AbstractStringBuilder::newCapacity (59 bytes)
Event: 0.179 Thread 0x000002095e10d460 nmethod 140 0x0000020942b7d390 code [0x0000020942b7d560, 0x0000020942b7d958]
Event: 0.179 Thread 0x000002095e10cb50  141       4       java.lang.StringLatin1::equals (36 bytes)
Event: 0.179 Thread 0x000002095e10d460  142       3       java.lang.StringConcatHelper::newArray (40 bytes)
Event: 0.179 Thread 0x000002095e10d460 nmethod 142 0x0000020942b7db10 code [0x0000020942b7dce0, 0x0000020942b7e038]
Event: 0.179 Thread 0x000002095e10d460  143       3       jdk.internal.misc.Unsafe::allocateUninitializedArray (55 bytes)
Event: 0.179 Thread 0x000002095e10d460 nmethod 143 0x0000020942b7e110 code [0x0000020942b7e300, 0x0000020942b7e778]
Event: 0.179 Thread 0x000002095e10d460  144       3       java.util.zip.ZipFile$Source::getEntryHash (7 bytes)
Event: 0.180 Thread 0x000002095e10d460 nmethod 144 0x0000020942b7e910 code [0x0000020942b7eaa0, 0x0000020942b7ebd8]
Event: 0.180 Thread 0x000002095e10d460  145       3       java.lang.String::startsWith (7 bytes)
Event: 0.180 Thread 0x000002095e10d460 nmethod 145 0x0000020942b7ec90 code [0x0000020942b7ee20, 0x0000020942b7ef68]
Event: 0.181 Thread 0x000002095e10cb50 nmethod 141 0x000002094a628a10 code [0x000002094a628b80, 0x000002094a628d58]
Event: 0.186 Thread 0x000002095e10d460  148       1       java.lang.Class::getClassLoader0 (5 bytes)
Event: 0.187 Thread 0x000002095e10d460 nmethod 148 0x000002094a629490 code [0x000002094a629620, 0x000002094a6296f8]

GC Heap History (0 events):
No events

Dll operation events (1 events):
Event: 0.009 Loaded shared library C:\Program Files\Android\android studio koala\android-studio\jbr\bin\java.dll

Deoptimization events (20 events):
Event: 0.138 Thread 0x000002093f66eea0 DEOPT PACKING pc=0x0000020942b6750c sp=0x000000dfa4bfda20
Event: 0.138 Thread 0x000002093f66eea0 DEOPT UNPACKING pc=0x000002094a0d7143 sp=0x000000dfa4bfceb0 mode 0
Event: 0.138 Thread 0x000002093f66eea0 DEOPT PACKING pc=0x0000020942b6750c sp=0x000000dfa4bfda20
Event: 0.138 Thread 0x000002093f66eea0 DEOPT UNPACKING pc=0x000002094a0d7143 sp=0x000000dfa4bfceb0 mode 0
Event: 0.138 Thread 0x000002093f66eea0 DEOPT PACKING pc=0x0000020942b6750c sp=0x000000dfa4bfda20
Event: 0.138 Thread 0x000002093f66eea0 DEOPT UNPACKING pc=0x000002094a0d7143 sp=0x000000dfa4bfceb0 mode 0
Event: 0.138 Thread 0x000002093f66eea0 DEOPT PACKING pc=0x0000020942b6750c sp=0x000000dfa4bfda20
Event: 0.138 Thread 0x000002093f66eea0 DEOPT UNPACKING pc=0x000002094a0d7143 sp=0x000000dfa4bfceb0 mode 0
Event: 0.138 Thread 0x000002093f66eea0 DEOPT PACKING pc=0x0000020942b6750c sp=0x000000dfa4bfda20
Event: 0.138 Thread 0x000002093f66eea0 DEOPT UNPACKING pc=0x000002094a0d7143 sp=0x000000dfa4bfceb0 mode 0
Event: 0.138 Thread 0x000002093f66eea0 DEOPT PACKING pc=0x0000020942b6750c sp=0x000000dfa4bfda20
Event: 0.138 Thread 0x000002093f66eea0 DEOPT UNPACKING pc=0x000002094a0d7143 sp=0x000000dfa4bfceb0 mode 0
Event: 0.138 Thread 0x000002093f66eea0 DEOPT PACKING pc=0x0000020942b6750c sp=0x000000dfa4bfda20
Event: 0.138 Thread 0x000002093f66eea0 DEOPT UNPACKING pc=0x000002094a0d7143 sp=0x000000dfa4bfceb0 mode 0
Event: 0.139 Thread 0x000002093f66eea0 DEOPT PACKING pc=0x0000020942b6750c sp=0x000000dfa4bfda20
Event: 0.139 Thread 0x000002093f66eea0 DEOPT UNPACKING pc=0x000002094a0d7143 sp=0x000000dfa4bfceb0 mode 0
Event: 0.139 Thread 0x000002093f66eea0 DEOPT PACKING pc=0x0000020942b6750c sp=0x000000dfa4bfda20
Event: 0.139 Thread 0x000002093f66eea0 DEOPT UNPACKING pc=0x000002094a0d7143 sp=0x000000dfa4bfceb0 mode 0
Event: 0.139 Thread 0x000002093f66eea0 DEOPT PACKING pc=0x0000020942b6750c sp=0x000000dfa4bfda20
Event: 0.139 Thread 0x000002093f66eea0 DEOPT UNPACKING pc=0x000002094a0d7143 sp=0x000000dfa4bfceb0 mode 0

Classes unloaded (0 events):
No events

Classes redefined (0 events):
No events

Internal exceptions (0 events):
No events

VM Operations (2 events):
Event: 0.148 Executing VM operation: HandshakeAllThreads
Event: 0.148 Executing VM operation: HandshakeAllThreads done

Events (20 events):
Event: 0.183 loading class java/lang/invoke/MethodHandleImpl done
Event: 0.183 loading class java/lang/invoke/Invokers
Event: 0.184 loading class java/lang/invoke/Invokers done
Event: 0.184 loading class java/lang/invoke/LambdaForm$Kind
Event: 0.184 loading class java/lang/invoke/LambdaForm$Kind done
Event: 0.184 loading class java/lang/NoSuchMethodException
Event: 0.184 loading class java/lang/NoSuchMethodException done
Event: 0.184 loading class java/lang/invoke/LambdaForm$BasicType
Event: 0.184 loading class java/lang/invoke/LambdaForm$BasicType done
Event: 0.184 loading class java/lang/invoke/LambdaForm$Name
Event: 0.185 loading class java/lang/invoke/LambdaForm$Name done
Event: 0.185 loading class java/lang/invoke/LambdaForm$Holder
Event: 0.185 loading class java/lang/invoke/LambdaForm$Holder done
Event: 0.185 loading class java/lang/invoke/InvokerBytecodeGenerator
Event: 0.186 loading class java/lang/invoke/InvokerBytecodeGenerator done
Event: 0.186 loading class java/lang/invoke/InvokerBytecodeGenerator$2
Event: 0.186 loading class java/lang/invoke/InvokerBytecodeGenerator$2 done
Event: 0.186 loading class java/lang/invoke/MethodHandleImpl$Intrinsic
Event: 0.186 loading class java/lang/invoke/MethodHandleImpl$Intrinsic done
Event: 0.187 loading class java/lang/invoke/BootstrapMethodInvoker


Dynamic libraries:
0x00007ff69f2c0000 - 0x00007ff69f2ca000 	C:\Program Files\Android\android studio koala\android-studio\jbr\bin\java.exe
0x00007ffd3d690000 - 0x00007ffd3d888000 	C:\Windows\SYSTEM32\ntdll.dll
0x00007ffd3ccd0000 - 0x00007ffd3cd8f000 	C:\Windows\System32\KERNEL32.DLL
0x00007ffd3b3c0000 - 0x00007ffd3b692000 	C:\Windows\System32\KERNELBASE.dll
0x00007ffd3b010000 - 0x00007ffd3b110000 	C:\Windows\System32\ucrtbase.dll
0x00007ffd33200000 - 0x00007ffd3321b000 	C:\Program Files\Android\android studio koala\android-studio\jbr\bin\VCRUNTIME140.dll
0x00007ffd21220000 - 0x00007ffd21237000 	C:\Program Files\Android\android studio koala\android-studio\jbr\bin\jli.dll
0x00007ffd3cb20000 - 0x00007ffd3ccc1000 	C:\Windows\System32\USER32.dll
0x00007ffd3ae80000 - 0x00007ffd3aea2000 	C:\Windows\System32\win32u.dll
0x00007ffd3caf0000 - 0x00007ffd3cb1b000 	C:\Windows\System32\GDI32.dll
0x00007ffd21bb0000 - 0x00007ffd21e4a000 	C:\Windows\WinSxS\amd64_microsoft.windows.common-controls_6595b64144ccf1df_6.0.19041.1110_none_60b5254171f9507e\COMCTL32.dll
0x00007ffd3b110000 - 0x00007ffd3b21f000 	C:\Windows\System32\gdi32full.dll
0x00007ffd3b780000 - 0x00007ffd3b81e000 	C:\Windows\System32\msvcrt.dll
0x00007ffd3b2d0000 - 0x00007ffd3b36d000 	C:\Windows\System32\msvcp_win.dll
0x00007ffd3d0f0000 - 0x00007ffd3d122000 	C:\Windows\System32\IMM32.DLL
0x00007ffd36ff0000 - 0x00007ffd36ffc000 	C:\Program Files\Android\android studio koala\android-studio\jbr\bin\vcruntime140_1.dll
0x00007ffcfd1d0000 - 0x00007ffcfd25d000 	C:\Program Files\Android\android studio koala\android-studio\jbr\bin\msvcp140.dll
0x00007ffcef6f0000 - 0x00007ffcf0373000 	C:\Program Files\Android\android studio koala\android-studio\jbr\bin\server\jvm.dll
0x00007ffd3c5e0000 - 0x00007ffd3c68e000 	C:\Windows\System32\ADVAPI32.dll
0x00007ffd3ca50000 - 0x00007ffd3caec000 	C:\Windows\System32\sechost.dll
0x00007ffd3cf40000 - 0x00007ffd3d065000 	C:\Windows\System32\RPCRT4.dll
0x00007ffd3a300000 - 0x00007ffd3a34b000 	C:\Windows\SYSTEM32\POWRPROF.dll
0x00007ffd1c580000 - 0x00007ffd1c5a7000 	C:\Windows\SYSTEM32\WINMM.dll
0x00007ffd39010000 - 0x00007ffd3901a000 	C:\Windows\SYSTEM32\VERSION.dll
0x00007ffd1c340000 - 0x00007ffd1c349000 	C:\Windows\SYSTEM32\WSOCK32.dll
0x00007ffd3c7b0000 - 0x00007ffd3c81b000 	C:\Windows\System32\WS2_32.dll
0x00007ffd3a1c0000 - 0x00007ffd3a1d2000 	C:\Windows\SYSTEM32\UMPDC.dll
0x00007ffd382f0000 - 0x00007ffd38302000 	C:\Windows\SYSTEM32\kernel.appcore.dll
0x00007ffd36ef0000 - 0x00007ffd36efa000 	C:\Program Files\Android\android studio koala\android-studio\jbr\bin\jimage.dll
0x00007ffd37c20000 - 0x00007ffd37e04000 	C:\Windows\SYSTEM32\DBGHELP.DLL
0x00007ffd1c930000 - 0x00007ffd1c965000 	C:\Windows\SYSTEM32\dbgcore.DLL
0x00007ffd3ad80000 - 0x00007ffd3ae02000 	C:\Windows\System32\bcryptPrimitives.dll
0x00007ffd20950000 - 0x00007ffd20975000 	C:\Program Files\Android\android studio koala\android-studio\jbr\bin\java.dll
0x00007ffd2ae70000 - 0x00007ffd2ae88000 	C:\Program Files\Android\android studio koala\android-studio\jbr\bin\zip.dll
0x00007ffd3bde0000 - 0x00007ffd3c524000 	C:\Windows\System32\SHELL32.dll
0x00007ffd38850000 - 0x00007ffd38fe2000 	C:\Windows\SYSTEM32\windows.storage.dll
0x00007ffd3b880000 - 0x00007ffd3bbd5000 	C:\Windows\System32\combase.dll
0x00007ffd3a7e0000 - 0x00007ffd3a810000 	C:\Windows\SYSTEM32\Wldp.dll
0x00007ffd3c530000 - 0x00007ffd3c5dd000 	C:\Windows\System32\SHCORE.dll
0x00007ffd3c910000 - 0x00007ffd3c965000 	C:\Windows\System32\shlwapi.dll
0x00007ffd3acc0000 - 0x00007ffd3acdf000 	C:\Windows\SYSTEM32\profapi.dll
0x00007ffd28780000 - 0x00007ffd28799000 	C:\Program Files\Android\android studio koala\android-studio\jbr\bin\net.dll
0x00007ffd39d70000 - 0x00007ffd39e7c000 	C:\Windows\SYSTEM32\WINHTTP.dll
0x00007ffd3a540000 - 0x00007ffd3a5aa000 	C:\Windows\system32\mswsock.dll
0x00007ffd25c60000 - 0x00007ffd25c76000 	C:\Program Files\Android\android studio koala\android-studio\jbr\bin\nio.dll

dbghelp: loaded successfully - version: 4.0.5 - missing functions: none
symbol engine: initialized successfully - sym options: 0x614 - pdb path: .;C:\Program Files\Android\android studio koala\android-studio\jbr\bin;C:\Windows\SYSTEM32;C:\Windows\WinSxS\amd64_microsoft.windows.common-controls_6595b64144ccf1df_6.0.19041.1110_none_60b5254171f9507e;C:\Program Files\Android\android studio koala\android-studio\jbr\bin\server

VM Arguments:
java_command: org.jetbrains.kotlin.cli.jvm.K2JVMCompiler @D:\AndroidStudioProjects\android_a_to_z-main\android_a_to_z-main\HelloWorld\app\build\20241202_103711285808533501.compiler.options
java_class_path (initial): C:\Users\dit222203\.gradle\caches\modules-2\files-2.1\org.jetbrains.kotlin\kotlin-compiler-embeddable\1.6.21\97bdd5a752ce73b58ef16c17bc7f0ea2faff7a2e\kotlin-compiler-embeddable-1.6.21.jar;C:\Users\dit222203\.gradle\caches\modules-2\files-2.1\org.jetbrains.kotlin\kotlin-reflect\1.6.21\5dc3574d9b7bebfcb4ec6b10ada4aaa9e140bd0b\kotlin-reflect-1.6.21.jar;C:\Users\dit222203\.gradle\caches\modules-2\files-2.1\org.jetbrains.kotlin\kotlin-stdlib\1.6.21\11ef67f1900634fd951bad28c53ec957fabbe5b8\kotlin-stdlib-1.6.21.jar;C:\Users\dit222203\.gradle\caches\modules-2\files-2.1\org.jetbrains.kotlin\kotlin-script-runtime\1.6.21\99c6675100da5d6d5b1c5a1032f27f28008d101b\kotlin-script-runtime-1.6.21.jar;C:\Users\dit222203\.gradle\caches\modules-2\files-2.1\org.jetbrains.kotlin\kotlin-daemon-embeddable\1.6.21\46b78cf392e1c4f10854c3cadba44abb7b82250f\kotlin-daemon-embeddable-1.6.21.jar;C:\Users\dit222203\.gradle\caches\modules-2\files-2.1\org.jetbrains.intellij.deps\trove4j\1.0.20200330\3afb14d5f9ceb459d724e907a21145e8ff394f02\trove4j-1.0.20200330.jar;C:\Users\dit222203\.gradle\caches\modules-2\files-2.1\net.java.dev.jna\jna\5.6.0\330f2244e9030119ab3030fc3fededc86713d9cc\jna-5.6.0.jar;C:\Users\dit222203\.gradle\caches\modules-2\files-2.1\org.jetbrains.kotlin\kotlin-stdlib-common\1.6.21\5e5b55c26dbc80372a920aef60eb774b714559b8\kotlin-stdlib-common-1.6.21.jar;C:\Users\dit222203\.gradle\caches\modules-2\files-2.1\org.jetbrains\annotations\13.0\919f0dfe192fb4e063e7dacadee7f8bb9a2672a9\annotations-13.0.jar
Launcher Type: SUN_STANDARD

[Global flags]
     intx CICompilerCount                          = 4                                         {product} {ergonomic}
     uint ConcGCThreads                            = 2                                         {product} {ergonomic}
     uint G1ConcRefinementThreads                  = 8                                         {product} {ergonomic}
   size_t G1HeapRegionSize                         = 2097152                                   {product} {ergonomic}
    uintx GCDrainStackTargetSize                   = 64                                        {product} {ergonomic}
   size_t InitialHeapSize                          = 266338304                                 {product} {ergonomic}
   size_t MarkStackSize                            = 4194304                                   {product} {ergonomic}
   size_t MaxHeapSize                              = 4236247040                                {product} {ergonomic}
   size_t MaxNewSize                               = 2541748224                                {product} {ergonomic}
   size_t MinHeapDeltaBytes                        = 2097152                                   {product} {ergonomic}
   size_t MinHeapSize                              = 8388608                                   {product} {ergonomic}
    uintx NonNMethodCodeHeapSize                   = 5839372                                {pd product} {ergonomic}
    uintx NonProfiledCodeHeapSize                  = 122909434                              {pd product} {ergonomic}
    uintx ProfiledCodeHeapSize                     = 122909434                              {pd product} {ergonomic}
    uintx ReservedCodeCacheSize                    = 251658240                              {pd product} {ergonomic}
     bool SegmentedCodeCache                       = true                                      {product} {ergonomic}
   size_t SoftMaxHeapSize                          = 4236247040                             {manageable} {ergonomic}
     bool UseCompressedClassPointers               = true                           {product lp64_product} {ergonomic}
     bool UseCompressedOops                        = true                           {product lp64_product} {ergonomic}
     bool UseG1GC                                  = true                                      {product} {ergonomic}
     bool UseLargePagesIndividualAllocation        = false                                  {pd product} {ergonomic}

Logging:
Log output configuration:
 #0: stdout all=warning uptime,level,tags
 #1: stderr all=off uptime,level,tags

Environment Variables:
JAVA_HOME=C:\Program Files\Java\jdk1.8.0_321
PATH=C:\Program Files\Java\jdk1.8.0_321\bin;C:\Program Files\Java\scripts;C:\Program Files\Common Files\Oracle\Java\javapath;C:\Program Files (x86)\Common Files\Oracle\Java\javapath;C:\ProgramData\Oracle\Java\javapath;C:\Windows\system32;C:\Windows;C:\Windows\System32\Wbem;C:\Windows\System32\WindowsPowerShell\v1.0\;C:\Windows\System32\OpenSSH\;C:\Program Files (x86)\Microsoft SQL Server\150\DTS\Binn\;C:\Program Files\Azure Data Studio\bin;C:\Program Files\Git\cmd;C:\Program Files\Microsoft SQL Server\Client SDK\ODBC\170\Tools\Binn\;C:\Program Files (x86)\Microsoft SQL Server\150\Tools\Binn\;C:\Program Files\Microsoft SQL Server\150\Tools\Binn\;C:\Program Files\Microsoft SQL Server\150\DTS\Binn\;C:\Program Files\TortoiseGit\bin;C:\Program Files\nodejs\;C:\Python38\Scripts\;C:\Python38\;C:\Users\dit222203\AppData\Local\Microsoft\WindowsApps;C:\Program Files\Azure Data Studio\bin;C:\Users\dit222203\AppData\Local\Programs\Microsoft VS Code\bin;C:\Users\dit222203\AppData\Local\GitHubDesktop\bin;C:\Users\dit222203\AppData\Roaming\npm;C:\Users\dit222203\AppData\Local\Programs\Microsoft VS Code\bin;;C:\Users\dit222203\AppData\Local\Programs\Fiddler
USERNAME=DIT222203
OS=Windows_NT
PROCESSOR_IDENTIFIER=Intel64 Family 6 Model 142 Stepping 12, GenuineIntel
TMP=C:\Users\DIT222~1\AppData\Local\Temp
TEMP=C:\Users\DIT222~1\AppData\Local\Temp



Periodic native trim disabled

JNI global refs:
JNI global refs: 9, weak refs: 0

JNI global refs memory usage: 843, weak refs: 209

Process memory usage:
Resident Set Size: 40312K (0% of 16545120K total physical memory with 2801412K free physical memory)

OOME stack traces (most recent first):
Classloader memory used:
Loader bootstrap                                                                       : 663K
Loader jdk.internal.loader.ClassLoaders$AppClassLoader                                 : 48285B


---------------  S Y S T E M  ---------------

OS:
 Windows 10 , 64 bit Build 19041 (10.0.19041.2364)
OS uptime: 0 days 4:00 hours

CPU: total 8 (initial active 8) (4 cores per cpu, 2 threads per core) family 6 model 142 stepping 12 microcode 0xec, cx8, cmov, fxsr, ht, mmx, 3dnowpref, sse, sse2, sse3, ssse3, sse4.1, sse4.2, popcnt, lzcnt, tsc, tscinvbit, avx, avx2, aes, erms, clmul, bmi1, bmi2, adx, fma, vzeroupper, clflush, clflushopt
Processor Information for all 8 processors :
  Max Mhz: 2304, Current Mhz: 1803, Mhz Limit: 1797

Memory: 4k page, system-wide physical 16157M (2735M free)
TotalPageFile size 16157M (AvailPageFile size 6M)
current process WorkingSet (physical memory assigned to process): 39M, peak: 39M
current process commit charge ("private bytes"): 337M, peak: 338M

vm_info: OpenJDK 64-Bit Server VM (17.0.11+0--11852314) for windows-amd64 JRE (17.0.11+0--11852314), built on May 16 2024 21:29:20 by "androidbuild" with MS VC++ 16.10 / 16.11 (VS2019)

END.
