#
# There is insufficient memory for the Java Runtime Environment to continue.
# Native memory allocation (malloc) failed to allocate 204000 bytes. Error detail: Chunk::new
# Possible reasons:
#   The system is out of physical RAM or swap space
#   This process is running with CompressedOops enabled, and the Java Heap may be blocking the growth of the native heap
# Possible solutions:
#   Reduce memory load on the system
#   Increase physical memory or swap space
#   Check if swap backing store is full
#   Decrease Java heap size (-Xmx/-Xms)
#   Decrease number of Java threads
#   Decrease Java thread stack sizes (-Xss)
#   Set larger code cache with -XX:ReservedCodeCacheSize=
#   JVM is running with Unscaled Compressed Oops mode in which the Java heap is
#     placed in the first 4GB address space. The Java Heap base address is the
#     maximum limit for the native heap growth. Please use -XX:HeapBaseMinAddress
#     to set the Java Heap base and to place the Java Heap above 4GB virtual address.
# This output file may be truncated or incomplete.
#
#  Out of Memory Error (arena.cpp:191), pid=22064, tid=3184
#
# JRE version: OpenJDK Runtime Environment (17.0.11) (build 17.0.11+0--11852314)
# Java VM: OpenJDK 64-Bit Server VM (17.0.11+0--11852314, mixed mode, tiered, compressed oops, compressed class ptrs, g1 gc, windows-amd64)
# No core dump will be written. Minidumps are not enabled by default on client versions of Windows
#

---------------  S U M M A R Y ------------

Command Line: --add-opens=java.base/java.util=ALL-UNNAMED --add-opens=java.base/java.lang=ALL-UNNAMED --add-opens=java.base/java.lang.invoke=ALL-UNNAMED --add-opens=java.base/java.util=ALL-UNNAMED --add-opens=java.prefs/java.util.prefs=ALL-UNNAMED --add-opens=java.prefs/java.util.prefs=ALL-UNNAMED --add-opens=java.base/java.nio.charset=ALL-UNNAMED --add-opens=java.base/java.net=ALL-UNNAMED --add-opens=java.base/java.util.concurrent.atomic=ALL-UNNAMED -Xmx2048m -Dfile.encoding=UTF-8 -Duser.country=KR -Duser.language=ko -Duser.variant org.gradle.launcher.daemon.bootstrap.GradleDaemon 7.5

Host: Intel(R) Core(TM) i7-10510U CPU @ 1.80GHz, 8 cores, 15G,  Windows 10 , 64 bit Build 19041 (10.0.19041.2364)
Time: Thu Dec 12 16:41:04 2024  Windows 10 , 64 bit Build 19041 (10.0.19041.2364) elapsed time: 130.986174 seconds (0d 0h 2m 10s)

---------------  T H R E A D  ---------------

Current thread (0x00000224a6552500):  JavaThread "C2 CompilerThread1" daemon [_thread_in_native, id=3184, stack(0x000000568ed00000,0x000000568ee00000)]


Current CompileTask:
C2: 130986 14430       4       java.util.ComparableTimSort::binarySort (223 bytes)

Stack: [0x000000568ed00000,0x000000568ee00000]
Native frames: (J=compiled Java code, j=interpreted, Vv=VM code, C=native code)
V  [jvm.dll+0x687bb9]
V  [jvm.dll+0x84142a]
V  [jvm.dll+0x8430ae]
V  [jvm.dll+0x843713]
V  [jvm.dll+0x24a35f]
V  [jvm.dll+0xac544]
V  [jvm.dll+0xacb8c]
V  [jvm.dll+0x369c37]
V  [jvm.dll+0x33416a]
V  [jvm.dll+0x33360a]
V  [jvm.dll+0x21bed1]
V  [jvm.dll+0x21b311]
V  [jvm.dll+0x1a63ed]
V  [jvm.dll+0x22b1ee]
V  [jvm.dll+0x229375]
V  [jvm.dll+0x7f5647]
V  [jvm.dll+0x7efa4a]
V  [jvm.dll+0x686a35]
C  [ucrtbase.dll+0x21bb2]
C  [KERNEL32.DLL+0x17614]
C  [ntdll.dll+0x526a1]


---------------  P R O C E S S  ---------------

Threads class SMR info:
_java_thread_list=0x00000224a95aa910, length=40, elements={
0x000002248529b0b0, 0x000002249f2da620, 0x000002249f282190, 0x000002249f2f2c00,
0x000002249f2f34d0, 0x000002249f2f3da0, 0x000002249f310c30, 0x000002249f313e50,
0x000002249f325d40, 0x000002249f328a80, 0x000002249f49ba40, 0x000002249f49d8a0,
0x000002249f49ce80, 0x000002249f49bf50, 0x000002249f49d390, 0x00000224a4a74b80,
0x00000224a4a6f570, 0x00000224a4a764d0, 0x00000224a4a6f060, 0x00000224a4a755a0,
0x00000224a4a6fa80, 0x00000224a4a72300, 0x00000224a4a73c50, 0x00000224a4a713d0,
0x00000224a4a72810, 0x00000224a4a74670, 0x00000224a4a704a0, 0x00000224a4a75090,
0x00000224a4a71df0, 0x00000224a4a74160, 0x00000224a7cccdb0, 0x00000224a7cc81c0,
0x00000224a74d3630, 0x00000224a74d5490, 0x00000224a74d7d10, 0x00000224a74d9150,
0x00000224a74d5eb0, 0x00000224a74d63c0, 0x00000224a74d68d0, 0x00000224a6552500
}

Java Threads: ( => current thread )
  0x000002248529b0b0 JavaThread "main" [_thread_blocked, id=22480, stack(0x000000568cc00000,0x000000568cd00000)]
  0x000002249f2da620 JavaThread "Reference Handler" daemon [_thread_blocked, id=17524, stack(0x000000568d300000,0x000000568d400000)]
  0x000002249f282190 JavaThread "Finalizer" daemon [_thread_blocked, id=20708, stack(0x000000568d400000,0x000000568d500000)]
  0x000002249f2f2c00 JavaThread "Signal Dispatcher" daemon [_thread_blocked, id=25748, stack(0x000000568d500000,0x000000568d600000)]
  0x000002249f2f34d0 JavaThread "Attach Listener" daemon [_thread_blocked, id=22872, stack(0x000000568d600000,0x000000568d700000)]
  0x000002249f2f3da0 JavaThread "Service Thread" daemon [_thread_blocked, id=18776, stack(0x000000568d700000,0x000000568d800000)]
  0x000002249f310c30 JavaThread "Monitor Deflation Thread" daemon [_thread_blocked, id=7324, stack(0x000000568d800000,0x000000568d900000)]
  0x000002249f313e50 JavaThread "C2 CompilerThread0" daemon [_thread_in_native, id=14404, stack(0x000000568d900000,0x000000568da00000)]
  0x000002249f325d40 JavaThread "C1 CompilerThread0" daemon [_thread_in_native, id=1948, stack(0x000000568da00000,0x000000568db00000)]
  0x000002249f328a80 JavaThread "Sweeper thread" daemon [_thread_blocked, id=4844, stack(0x000000568db00000,0x000000568dc00000)]
  0x000002249f49ba40 JavaThread "Common-Cleaner" daemon [_thread_blocked, id=12312, stack(0x000000568dc00000,0x000000568dd00000)]
  0x000002249f49d8a0 JavaThread "Notification Thread" daemon [_thread_blocked, id=2516, stack(0x000000568dd00000,0x000000568de00000)]
  0x000002249f49ce80 JavaThread "Daemon health stats" [_thread_blocked, id=26620, stack(0x000000568e600000,0x000000568e700000)]
  0x000002249f49bf50 JavaThread "Incoming local TCP Connector on port 49684" [_thread_in_native, id=22032, stack(0x000000568df00000,0x000000568e000000)]
  0x000002249f49d390 JavaThread "Daemon periodic checks" [_thread_blocked, id=2348, stack(0x000000568e700000,0x000000568e800000)]
  0x00000224a4a74b80 JavaThread "Cache worker for journal cache (C:\Users\dit222203\.gradle\caches\journal-1)" [_thread_blocked, id=12460, stack(0x000000568ef00000,0x000000568f000000)]
  0x00000224a4a6f570 JavaThread "File lock request listener" [_thread_in_native, id=9628, stack(0x000000568f000000,0x000000568f100000)]
  0x00000224a4a764d0 JavaThread "Cache worker for file hash cache (C:\Users\dit222203\.gradle\caches\7.5\fileHashes)" [_thread_blocked, id=17356, stack(0x000000568f400000,0x000000568f500000)]
  0x00000224a4a6f060 JavaThread "File watcher server" daemon [_thread_in_native, id=3448, stack(0x000000568f600000,0x000000568f700000)]
  0x00000224a4a755a0 JavaThread "File watcher consumer" daemon [_thread_blocked, id=27152, stack(0x000000568f700000,0x000000568f800000)]
  0x00000224a4a6fa80 JavaThread "jar transforms" [_thread_blocked, id=6444, stack(0x000000568f800000,0x000000568f900000)]
  0x00000224a4a72300 JavaThread "jar transforms Thread 2" [_thread_blocked, id=19836, stack(0x000000568f900000,0x000000568fa00000)]
  0x00000224a4a73c50 JavaThread "jar transforms Thread 3" [_thread_blocked, id=26008, stack(0x000000568fa00000,0x000000568fb00000)]
  0x00000224a4a713d0 JavaThread "jar transforms Thread 4" [_thread_blocked, id=22272, stack(0x000000568fb00000,0x000000568fc00000)]
  0x00000224a4a72810 JavaThread "jar transforms Thread 5" [_thread_blocked, id=27444, stack(0x000000568fc00000,0x000000568fd00000)]
  0x00000224a4a74670 JavaThread "jar transforms Thread 6" [_thread_blocked, id=24552, stack(0x000000568fd00000,0x000000568fe00000)]
  0x00000224a4a704a0 JavaThread "jar transforms Thread 7" [_thread_blocked, id=18260, stack(0x000000568fe00000,0x000000568ff00000)]
  0x00000224a4a75090 JavaThread "jar transforms Thread 8" [_thread_blocked, id=26488, stack(0x000000568ff00000,0x0000005690000000)]
  0x00000224a4a71df0 JavaThread "Cache worker for file content cache (C:\Users\dit222203\.gradle\caches\7.5\fileContent)" [_thread_blocked, id=27496, stack(0x0000005690200000,0x0000005690300000)]
  0x00000224a4a74160 JavaThread "Cache worker for execution history cache (C:\Users\dit222203\.gradle\caches\7.5\executionHistory)" [_thread_blocked, id=26960, stack(0x0000005690500000,0x0000005690600000)]
  0x00000224a7cccdb0 JavaThread "Memory manager" [_thread_blocked, id=1820, stack(0x0000005695800000,0x0000005695900000)]
  0x00000224a7cc81c0 JavaThread "pool-3-thread-1" [_thread_blocked, id=10592, stack(0x0000005695900000,0x0000005695a00000)]
  0x00000224a74d3630 JavaThread "Daemon Thread 2" [_thread_blocked, id=25760, stack(0x000000568c900000,0x000000568ca00000)]
  0x00000224a74d5490 JavaThread "Handler for socket connection from /127.0.0.1:49684 to /127.0.0.1:49841" [_thread_in_native, id=18020, stack(0x000000568ca00000,0x000000568cb00000)]
  0x00000224a74d7d10 JavaThread "Cancel handler" [_thread_blocked, id=27584, stack(0x000000568cb00000,0x000000568cc00000)]
  0x00000224a74d9150 JavaThread "Daemon worker Thread 2" [_thread_in_vm, id=15588, stack(0x000000568e800000,0x000000568e900000)]
  0x00000224a74d5eb0 JavaThread "Asynchronous log dispatcher for DefaultDaemonConnection: socket connection from /127.0.0.1:49684 to /127.0.0.1:49841" [_thread_blocked, id=15656, stack(0x000000568ea00000,0x000000568eb00000)]
  0x00000224a74d63c0 JavaThread "Stdin handler" [_thread_blocked, id=17128, stack(0x000000568eb00000,0x000000568ec00000)]
  0x00000224a74d68d0 JavaThread "Daemon client event forwarder" [_thread_blocked, id=6612, stack(0x000000568ec00000,0x000000568ed00000)]
=>0x00000224a6552500 JavaThread "C2 CompilerThread1" daemon [_thread_in_native, id=3184, stack(0x000000568ed00000,0x000000568ee00000)]

Other Threads:
  0x000002249f2bfc40 VMThread "VM Thread" [stack: 0x000000568d200000,0x000000568d300000] [id=15900]
  0x000002249f49ecf0 WatcherThread [stack: 0x000000568de00000,0x000000568df00000] [id=21084]
  0x00000224852f6c40 GCTaskThread "GC Thread#0" [stack: 0x000000568cd00000,0x000000568ce00000] [id=7924]
  0x00000224a4764130 GCTaskThread "GC Thread#1" [stack: 0x000000568e100000,0x000000568e200000] [id=13384]
  0x00000224a42a05c0 GCTaskThread "GC Thread#2" [stack: 0x000000568e200000,0x000000568e300000] [id=24548]
  0x00000224a438d9a0 GCTaskThread "GC Thread#3" [stack: 0x000000568e300000,0x000000568e400000] [id=5244]
  0x00000224a472bdb0 GCTaskThread "GC Thread#4" [stack: 0x000000568e400000,0x000000568e500000] [id=7588]
  0x000002249fcd2030 GCTaskThread "GC Thread#5" [stack: 0x000000568e500000,0x000000568e600000] [id=7264]
  0x00000224a5295e40 GCTaskThread "GC Thread#6" [stack: 0x000000568f100000,0x000000568f200000] [id=25568]
  0x00000224a54d76a0 GCTaskThread "GC Thread#7" [stack: 0x000000568f200000,0x000000568f300000] [id=23156]
  0x0000022485307940 ConcurrentGCThread "G1 Main Marker" [stack: 0x000000568ce00000,0x000000568cf00000] [id=15252]
  0x0000022485308110 ConcurrentGCThread "G1 Conc#0" [stack: 0x000000568cf00000,0x000000568d000000] [id=2248]
  0x00000224a4a96e50 ConcurrentGCThread "G1 Conc#1" [stack: 0x000000568f300000,0x000000568f400000] [id=12660]
  0x000002248535ead0 ConcurrentGCThread "G1 Refine#0" [stack: 0x000000568d000000,0x000000568d100000] [id=19880]
  0x000002249efcb5b0 ConcurrentGCThread "G1 Service" [stack: 0x000000568d100000,0x000000568d200000] [id=19556]

Threads with active compile tasks:
C2 CompilerThread0   131064 14420       4       java.net.URL::equals (27 bytes)
C1 CompilerThread0   131064 14450       3       jdk.internal.reflect.AccessorGenerator::emitCommonConstantPoolEntries (573 bytes)
C2 CompilerThread1   131064 14430       4       java.util.ComparableTimSort::binarySort (223 bytes)

VM state: not at safepoint (normal execution)

VM Mutex/Monitor currently owned by a thread:  ([mutex/lock_event])
[0x0000022485295300] Metaspace_lock - owner thread: 0x00000224a74d9150

Heap address: 0x0000000080000000, size: 2048 MB, Compressed Oops mode: 32-bit

CDS archive(s) not mapped
Compressed class space mapped at: 0x0000000100000000-0x0000000140000000, reserved size: 1073741824
Narrow klass base: 0x0000000000000000, Narrow klass shift: 3, Narrow klass range: 0x140000000

GC Precious Log:
 CPUs: 8 total, 8 available
 Memory: 16157M
 Large Page Support: Disabled
 NUMA Support: Disabled
 Compressed Oops: Enabled (32-bit)
 Heap Region Size: 1M
 Heap Min Capacity: 8M
 Heap Initial Capacity: 254M
 Heap Max Capacity: 2G
 Pre-touch: Disabled
 Parallel Workers: 8
 Concurrent Workers: 2
 Concurrent Refinement Workers: 8
 Periodic GC: Disabled

Heap:
 garbage-first heap   total 258048K, used 214290K [0x0000000080000000, 0x0000000100000000)
  region size 1024K, 89 young (91136K), 8 survivors (8192K)
 Metaspace       used 120196K, committed 121088K, reserved 1179648K
  class space    used 15768K, committed 16192K, reserved 1048576K

Heap Regions: E=young(eden), S=young(survivor), O=old, HS=humongous(starts), HC=humongous(continues), CS=collection set, F=free, OA=open archive, CA=closed archive, TAMS=top-at-mark-start (previous, next)
|   0|0x0000000080000000, 0x0000000080100000, 0x0000000080100000|100%| O|  |TAMS 0x0000000080100000, 0x0000000080000000| Untracked 
|   1|0x0000000080100000, 0x0000000080200000, 0x0000000080200000|100%| O|  |TAMS 0x0000000080200000, 0x0000000080100000| Untracked 
|   2|0x0000000080200000, 0x0000000080300000, 0x0000000080300000|100%| O|  |TAMS 0x0000000080300000, 0x0000000080200000| Untracked 
|   3|0x0000000080300000, 0x0000000080400000, 0x0000000080400000|100%|HS|  |TAMS 0x0000000080400000, 0x0000000080300000| Complete 
|   4|0x0000000080400000, 0x0000000080500000, 0x0000000080500000|100%|HC|  |TAMS 0x0000000080500000, 0x0000000080400000| Complete 
|   5|0x0000000080500000, 0x0000000080600000, 0x0000000080600000|100%|HC|  |TAMS 0x0000000080600000, 0x0000000080500000| Complete 
|   6|0x0000000080600000, 0x0000000080700000, 0x0000000080700000|100%| O|  |TAMS 0x0000000080700000, 0x0000000080600000| Untracked 
|   7|0x0000000080700000, 0x0000000080800000, 0x0000000080800000|100%| O|  |TAMS 0x0000000080800000, 0x0000000080700000| Untracked 
|   8|0x0000000080800000, 0x0000000080900000, 0x0000000080900000|100%| O|  |TAMS 0x0000000080900000, 0x0000000080800000| Untracked 
|   9|0x0000000080900000, 0x00000000809fd000, 0x0000000080a00000| 98%| O|  |TAMS 0x00000000809fd000, 0x0000000080900000| Untracked 
|  10|0x0000000080a00000, 0x0000000080b00000, 0x0000000080b00000|100%| O|  |TAMS 0x0000000080b00000, 0x0000000080a00000| Untracked 
|  11|0x0000000080b00000, 0x0000000080c00000, 0x0000000080c00000|100%| O|  |TAMS 0x0000000080c00000, 0x0000000080b00000| Untracked 
|  12|0x0000000080c00000, 0x0000000080d00000, 0x0000000080d00000|100%| O|  |TAMS 0x0000000080d00000, 0x0000000080c00000| Untracked 
|  13|0x0000000080d00000, 0x0000000080e00000, 0x0000000080e00000|100%| O|  |TAMS 0x0000000080e00000, 0x0000000080d00000| Untracked 
|  14|0x0000000080e00000, 0x0000000080f00000, 0x0000000080f00000|100%| O|  |TAMS 0x0000000080f00000, 0x0000000080e00000| Untracked 
|  15|0x0000000080f00000, 0x0000000081000000, 0x0000000081000000|100%| O|  |TAMS 0x0000000081000000, 0x0000000080f00000| Untracked 
|  16|0x0000000081000000, 0x0000000081100000, 0x0000000081100000|100%| O|  |TAMS 0x0000000081100000, 0x0000000081000000| Untracked 
|  17|0x0000000081100000, 0x0000000081200000, 0x0000000081200000|100%|HS|  |TAMS 0x0000000081200000, 0x0000000081100000| Complete 
|  18|0x0000000081200000, 0x0000000081300000, 0x0000000081300000|100%| O|  |TAMS 0x0000000081300000, 0x0000000081200000| Untracked 
|  19|0x0000000081300000, 0x0000000081400000, 0x0000000081400000|100%| O|  |TAMS 0x0000000081400000, 0x0000000081300000| Untracked 
|  20|0x0000000081400000, 0x0000000081500000, 0x0000000081500000|100%| O|  |TAMS 0x0000000081500000, 0x0000000081400000| Untracked 
|  21|0x0000000081500000, 0x0000000081600000, 0x0000000081600000|100%| O|  |TAMS 0x0000000081500000, 0x0000000081500000| Untracked 
|  22|0x0000000081600000, 0x0000000081700000, 0x0000000081700000|100%|HS|  |TAMS 0x0000000081700000, 0x0000000081600000| Complete 
|  23|0x0000000081700000, 0x0000000081800000, 0x0000000081800000|100%|HC|  |TAMS 0x0000000081800000, 0x0000000081700000| Complete 
|  24|0x0000000081800000, 0x0000000081900000, 0x0000000081900000|100%|HC|  |TAMS 0x0000000081900000, 0x0000000081800000| Complete 
|  25|0x0000000081900000, 0x0000000081a00000, 0x0000000081a00000|100%|HC|  |TAMS 0x0000000081a00000, 0x0000000081900000| Complete 
|  26|0x0000000081a00000, 0x0000000081b00000, 0x0000000081b00000|100%|HC|  |TAMS 0x0000000081b00000, 0x0000000081a00000| Complete 
|  27|0x0000000081b00000, 0x0000000081c00000, 0x0000000081c00000|100%|HS|  |TAMS 0x0000000081c00000, 0x0000000081b00000| Complete 
|  28|0x0000000081c00000, 0x0000000081d00000, 0x0000000081d00000|100%|HC|  |TAMS 0x0000000081d00000, 0x0000000081c00000| Complete 
|  29|0x0000000081d00000, 0x0000000081e00000, 0x0000000081e00000|100%|HC|  |TAMS 0x0000000081e00000, 0x0000000081d00000| Complete 
|  30|0x0000000081e00000, 0x0000000081f00000, 0x0000000081f00000|100%|HS|  |TAMS 0x0000000081f00000, 0x0000000081e00000| Complete 
|  31|0x0000000081f00000, 0x0000000082000000, 0x0000000082000000|100%|HC|  |TAMS 0x0000000082000000, 0x0000000081f00000| Complete 
|  32|0x0000000082000000, 0x0000000082100000, 0x0000000082100000|100%|HC|  |TAMS 0x0000000082100000, 0x0000000082000000| Complete 
|  33|0x0000000082100000, 0x0000000082200000, 0x0000000082200000|100%| O|  |TAMS 0x0000000082200000, 0x0000000082100000| Untracked 
|  34|0x0000000082200000, 0x0000000082300000, 0x0000000082300000|100%| O|  |TAMS 0x0000000082300000, 0x0000000082200000| Untracked 
|  35|0x0000000082300000, 0x0000000082400000, 0x0000000082400000|100%| O|  |TAMS 0x0000000082400000, 0x0000000082300000| Untracked 
|  36|0x0000000082400000, 0x0000000082500000, 0x0000000082500000|100%| O|  |TAMS 0x0000000082500000, 0x0000000082400000| Untracked 
|  37|0x0000000082500000, 0x0000000082600000, 0x0000000082600000|100%| O|  |TAMS 0x0000000082600000, 0x0000000082500000| Untracked 
|  38|0x0000000082600000, 0x0000000082700000, 0x0000000082700000|100%| O|  |TAMS 0x0000000082700000, 0x0000000082600000| Untracked 
|  39|0x0000000082700000, 0x0000000082800000, 0x0000000082800000|100%| O|  |TAMS 0x0000000082800000, 0x0000000082700000| Untracked 
|  40|0x0000000082800000, 0x0000000082900000, 0x0000000082900000|100%| O|  |TAMS 0x0000000082900000, 0x0000000082800000| Untracked 
|  41|0x0000000082900000, 0x0000000082a00000, 0x0000000082a00000|100%| O|  |TAMS 0x0000000082a00000, 0x0000000082900000| Untracked 
|  42|0x0000000082a00000, 0x0000000082b00000, 0x0000000082b00000|100%| O|  |TAMS 0x0000000082b00000, 0x0000000082a00000| Untracked 
|  43|0x0000000082b00000, 0x0000000082c00000, 0x0000000082c00000|100%| O|  |TAMS 0x0000000082c00000, 0x0000000082b00000| Untracked 
|  44|0x0000000082c00000, 0x0000000082d00000, 0x0000000082d00000|100%| O|  |TAMS 0x0000000082d00000, 0x0000000082c00000| Untracked 
|  45|0x0000000082d00000, 0x0000000082e00000, 0x0000000082e00000|100%|HS|  |TAMS 0x0000000082e00000, 0x0000000082d00000| Complete 
|  46|0x0000000082e00000, 0x0000000082f00000, 0x0000000082f00000|100%|HC|  |TAMS 0x0000000082f00000, 0x0000000082e00000| Complete 
|  47|0x0000000082f00000, 0x0000000083000000, 0x0000000083000000|100%|HC|  |TAMS 0x0000000083000000, 0x0000000082f00000| Complete 
|  48|0x0000000083000000, 0x0000000083100000, 0x0000000083100000|100%|HC|  |TAMS 0x0000000083100000, 0x0000000083000000| Complete 
|  49|0x0000000083100000, 0x0000000083200000, 0x0000000083200000|100%|HC|  |TAMS 0x0000000083200000, 0x0000000083100000| Complete 
|  50|0x0000000083200000, 0x0000000083300000, 0x0000000083300000|100%|HS|  |TAMS 0x0000000083300000, 0x0000000083200000| Complete 
|  51|0x0000000083300000, 0x0000000083400000, 0x0000000083400000|100%|HC|  |TAMS 0x0000000083400000, 0x0000000083300000| Complete 
|  52|0x0000000083400000, 0x0000000083500000, 0x0000000083500000|100%|HC|  |TAMS 0x0000000083500000, 0x0000000083400000| Complete 
|  53|0x0000000083500000, 0x0000000083600000, 0x0000000083600000|100%| O|  |TAMS 0x0000000083600000, 0x0000000083500000| Untracked 
|  54|0x0000000083600000, 0x0000000083700000, 0x0000000083700000|100%| O|  |TAMS 0x0000000083700000, 0x0000000083600000| Untracked 
|  55|0x0000000083700000, 0x0000000083800000, 0x0000000083800000|100%| O|  |TAMS 0x0000000083800000, 0x0000000083700000| Untracked 
|  56|0x0000000083800000, 0x0000000083900000, 0x0000000083900000|100%| O|  |TAMS 0x0000000083900000, 0x0000000083800000| Untracked 
|  57|0x0000000083900000, 0x0000000083a00000, 0x0000000083a00000|100%| O|  |TAMS 0x0000000083a00000, 0x0000000083900000| Untracked 
|  58|0x0000000083a00000, 0x0000000083b00000, 0x0000000083b00000|100%| O|  |TAMS 0x0000000083b00000, 0x0000000083a00000| Untracked 
|  59|0x0000000083b00000, 0x0000000083c00000, 0x0000000083c00000|100%| O|  |TAMS 0x0000000083c00000, 0x0000000083b00000| Untracked 
|  60|0x0000000083c00000, 0x0000000083d00000, 0x0000000083d00000|100%|HS|  |TAMS 0x0000000083d00000, 0x0000000083c00000| Complete 
|  61|0x0000000083d00000, 0x0000000083e00000, 0x0000000083e00000|100%|HS|  |TAMS 0x0000000083e00000, 0x0000000083d00000| Complete 
|  62|0x0000000083e00000, 0x0000000083f00000, 0x0000000083f00000|100%|HS|  |TAMS 0x0000000083f00000, 0x0000000083e00000| Complete 
|  63|0x0000000083f00000, 0x0000000084000000, 0x0000000084000000|100%| O|  |TAMS 0x0000000084000000, 0x0000000083f00000| Untracked 
|  64|0x0000000084000000, 0x0000000084100000, 0x0000000084100000|100%|HS|  |TAMS 0x0000000084100000, 0x0000000084000000| Complete 
|  65|0x0000000084100000, 0x0000000084200000, 0x0000000084200000|100%|HC|  |TAMS 0x0000000084200000, 0x0000000084100000| Complete 
|  66|0x0000000084200000, 0x0000000084300000, 0x0000000084300000|100%|HC|  |TAMS 0x0000000084300000, 0x0000000084200000| Complete 
|  67|0x0000000084300000, 0x0000000084400000, 0x0000000084400000|100%| O|  |TAMS 0x0000000084400000, 0x0000000084300000| Untracked 
|  68|0x0000000084400000, 0x0000000084500000, 0x0000000084500000|100%| O|  |TAMS 0x0000000084500000, 0x0000000084400000| Untracked 
|  69|0x0000000084500000, 0x0000000084600000, 0x0000000084600000|100%| O|  |TAMS 0x0000000084600000, 0x0000000084500000| Untracked 
|  70|0x0000000084600000, 0x0000000084700000, 0x0000000084700000|100%| O|  |TAMS 0x0000000084700000, 0x0000000084600000| Untracked 
|  71|0x0000000084700000, 0x0000000084800000, 0x0000000084800000|100%| O|  |TAMS 0x0000000084800000, 0x0000000084700000| Untracked 
|  72|0x0000000084800000, 0x0000000084900000, 0x0000000084900000|100%| O|  |TAMS 0x0000000084900000, 0x0000000084800000| Untracked 
|  73|0x0000000084900000, 0x0000000084a00000, 0x0000000084a00000|100%| O|  |TAMS 0x0000000084a00000, 0x0000000084900000| Untracked 
|  74|0x0000000084a00000, 0x0000000084b00000, 0x0000000084b00000|100%| O|  |TAMS 0x0000000084b00000, 0x0000000084a00000| Untracked 
|  75|0x0000000084b00000, 0x0000000084c00000, 0x0000000084c00000|100%| O|  |TAMS 0x0000000084c00000, 0x0000000084b00000| Untracked 
|  76|0x0000000084c00000, 0x0000000084d00000, 0x0000000084d00000|100%| O|  |TAMS 0x0000000084d00000, 0x0000000084c00000| Untracked 
|  77|0x0000000084d00000, 0x0000000084e00000, 0x0000000084e00000|100%| O|  |TAMS 0x0000000084e00000, 0x0000000084d00000| Untracked 
|  78|0x0000000084e00000, 0x0000000084f00000, 0x0000000084f00000|100%| O|  |TAMS 0x0000000084f00000, 0x0000000084e00000| Untracked 
|  79|0x0000000084f00000, 0x0000000085000000, 0x0000000085000000|100%| O|  |TAMS 0x0000000085000000, 0x0000000084f00000| Untracked 
|  80|0x0000000085000000, 0x0000000085100000, 0x0000000085100000|100%| O|  |TAMS 0x0000000085100000, 0x0000000085000000| Untracked 
|  81|0x0000000085100000, 0x0000000085200000, 0x0000000085200000|100%| O|  |TAMS 0x0000000085200000, 0x0000000085100000| Untracked 
|  82|0x0000000085200000, 0x0000000085300000, 0x0000000085300000|100%| O|  |TAMS 0x0000000085300000, 0x0000000085200000| Untracked 
|  83|0x0000000085300000, 0x0000000085400000, 0x0000000085400000|100%| O|  |TAMS 0x0000000085400000, 0x0000000085300000| Untracked 
|  84|0x0000000085400000, 0x0000000085500000, 0x0000000085500000|100%| O|  |TAMS 0x0000000085500000, 0x0000000085400000| Untracked 
|  85|0x0000000085500000, 0x0000000085600000, 0x0000000085600000|100%| O|  |TAMS 0x0000000085600000, 0x0000000085500000| Untracked 
|  86|0x0000000085600000, 0x0000000085700000, 0x0000000085700000|100%| O|  |TAMS 0x0000000085700000, 0x0000000085600000| Untracked 
|  87|0x0000000085700000, 0x0000000085800000, 0x0000000085800000|100%| O|  |TAMS 0x0000000085800000, 0x0000000085700000| Untracked 
|  88|0x0000000085800000, 0x0000000085900000, 0x0000000085900000|100%| O|  |TAMS 0x0000000085900000, 0x0000000085800000| Untracked 
|  89|0x0000000085900000, 0x0000000085a00000, 0x0000000085a00000|100%| O|  |TAMS 0x0000000085a00000, 0x0000000085900000| Untracked 
|  90|0x0000000085a00000, 0x0000000085b00000, 0x0000000085b00000|100%| O|  |TAMS 0x0000000085b00000, 0x0000000085a00000| Untracked 
|  91|0x0000000085b00000, 0x0000000085c00000, 0x0000000085c00000|100%| O|  |TAMS 0x0000000085c00000, 0x0000000085b00000| Untracked 
|  92|0x0000000085c00000, 0x0000000085d00000, 0x0000000085d00000|100%| O|  |TAMS 0x0000000085d00000, 0x0000000085c00000| Untracked 
|  93|0x0000000085d00000, 0x0000000085e00000, 0x0000000085e00000|100%|HS|  |TAMS 0x0000000085e00000, 0x0000000085d00000| Complete 
|  94|0x0000000085e00000, 0x0000000085f00000, 0x0000000085f00000|100%|HC|  |TAMS 0x0000000085f00000, 0x0000000085e00000| Complete 
|  95|0x0000000085f00000, 0x0000000086000000, 0x0000000086000000|100%|HC|  |TAMS 0x0000000086000000, 0x0000000085f00000| Complete 
|  96|0x0000000086000000, 0x0000000086100000, 0x0000000086100000|100%|HC|  |TAMS 0x0000000086100000, 0x0000000086000000| Complete 
|  97|0x0000000086100000, 0x0000000086200000, 0x0000000086200000|100%|HC|  |TAMS 0x0000000086200000, 0x0000000086100000| Complete 
|  98|0x0000000086200000, 0x0000000086300000, 0x0000000086300000|100%|HS|  |TAMS 0x0000000086300000, 0x0000000086200000| Complete 
|  99|0x0000000086300000, 0x0000000086400000, 0x0000000086400000|100%|HC|  |TAMS 0x0000000086400000, 0x0000000086300000| Complete 
| 100|0x0000000086400000, 0x0000000086500000, 0x0000000086500000|100%|HC|  |TAMS 0x0000000086500000, 0x0000000086400000| Complete 
| 101|0x0000000086500000, 0x0000000086600000, 0x0000000086600000|100%|HS|  |TAMS 0x0000000086600000, 0x0000000086500000| Complete 
| 102|0x0000000086600000, 0x0000000086700000, 0x0000000086700000|100%|HC|  |TAMS 0x0000000086700000, 0x0000000086600000| Complete 
| 103|0x0000000086700000, 0x0000000086800000, 0x0000000086800000|100%|HC|  |TAMS 0x0000000086800000, 0x0000000086700000| Complete 
| 104|0x0000000086800000, 0x0000000086900000, 0x0000000086900000|100%|HS|  |TAMS 0x0000000086900000, 0x0000000086800000| Complete 
| 105|0x0000000086900000, 0x0000000086a00000, 0x0000000086a00000|100%| O|  |TAMS 0x0000000086a00000, 0x0000000086900000| Untracked 
| 106|0x0000000086a00000, 0x0000000086b00000, 0x0000000086b00000|100%| O|  |TAMS 0x0000000086a00000, 0x0000000086a00000| Untracked 
| 107|0x0000000086b00000, 0x0000000086c00000, 0x0000000086c00000|100%| O|  |TAMS 0x0000000086c00000, 0x0000000086b00000| Untracked 
| 108|0x0000000086c00000, 0x0000000086d00000, 0x0000000086d00000|100%| O|  |TAMS 0x0000000086d00000, 0x0000000086c00000| Untracked 
| 109|0x0000000086d00000, 0x0000000086e00000, 0x0000000086e00000|100%| O|  |TAMS 0x0000000086e00000, 0x0000000086d00000| Untracked 
| 110|0x0000000086e00000, 0x0000000086f00000, 0x0000000086f00000|100%| O|  |TAMS 0x0000000086f00000, 0x0000000086e00000| Untracked 
| 111|0x0000000086f00000, 0x0000000087000000, 0x0000000087000000|100%| O|  |TAMS 0x0000000087000000, 0x0000000086f00000| Untracked 
| 112|0x0000000087000000, 0x0000000087100000, 0x0000000087100000|100%| O|  |TAMS 0x0000000087100000, 0x0000000087000000| Untracked 
| 113|0x0000000087100000, 0x0000000087200000, 0x0000000087200000|100%| O|  |TAMS 0x00000000871bf600, 0x0000000087100000| Untracked 
| 114|0x0000000087200000, 0x0000000087300000, 0x0000000087300000|100%| O|  |TAMS 0x0000000087200000, 0x0000000087200000| Untracked 
| 115|0x0000000087300000, 0x0000000087400000, 0x0000000087400000|100%| O|  |TAMS 0x0000000087300000, 0x0000000087300000| Untracked 
| 116|0x0000000087400000, 0x0000000087500000, 0x0000000087500000|100%| O|  |TAMS 0x0000000087400000, 0x0000000087400000| Untracked 
| 117|0x0000000087500000, 0x0000000087600000, 0x0000000087600000|100%| O|  |TAMS 0x0000000087500000, 0x0000000087500000| Untracked 
| 118|0x0000000087600000, 0x0000000087700000, 0x0000000087700000|100%| O|  |TAMS 0x0000000087600000, 0x0000000087600000| Untracked 
| 119|0x0000000087700000, 0x0000000087800000, 0x0000000087800000|100%| O|  |TAMS 0x0000000087700000, 0x0000000087700000| Untracked 
| 120|0x0000000087800000, 0x0000000087900000, 0x0000000087900000|100%| O|  |TAMS 0x0000000087800000, 0x0000000087800000| Untracked 
| 121|0x0000000087900000, 0x0000000087a00000, 0x0000000087a00000|100%| O|  |TAMS 0x0000000087900000, 0x0000000087900000| Untracked 
| 122|0x0000000087a00000, 0x0000000087aa7c00, 0x0000000087b00000| 65%| O|  |TAMS 0x0000000087a00000, 0x0000000087a00000| Untracked 
| 123|0x0000000087b00000, 0x0000000087b00000, 0x0000000087c00000|  0%| F|  |TAMS 0x0000000087b00000, 0x0000000087b00000| Untracked 
| 124|0x0000000087c00000, 0x0000000087c00000, 0x0000000087d00000|  0%| F|  |TAMS 0x0000000087c00000, 0x0000000087c00000| Untracked 
| 125|0x0000000087d00000, 0x0000000087d00000, 0x0000000087e00000|  0%| F|  |TAMS 0x0000000087d00000, 0x0000000087d00000| Untracked 
| 126|0x0000000087e00000, 0x0000000087e00000, 0x0000000087f00000|  0%| F|  |TAMS 0x0000000087e00000, 0x0000000087e00000| Untracked 
| 127|0x0000000087f00000, 0x0000000087f00000, 0x0000000088000000|  0%| F|  |TAMS 0x0000000087f00000, 0x0000000087f00000| Untracked 
| 128|0x0000000088000000, 0x0000000088000000, 0x0000000088100000|  0%| F|  |TAMS 0x0000000088000000, 0x0000000088000000| Untracked 
| 129|0x0000000088100000, 0x0000000088100000, 0x0000000088200000|  0%| F|  |TAMS 0x0000000088100000, 0x0000000088100000| Untracked 
| 130|0x0000000088200000, 0x0000000088200000, 0x0000000088300000|  0%| F|  |TAMS 0x0000000088200000, 0x0000000088200000| Untracked 
| 131|0x0000000088300000, 0x0000000088300000, 0x0000000088400000|  0%| F|  |TAMS 0x0000000088300000, 0x0000000088300000| Untracked 
| 132|0x0000000088400000, 0x0000000088400000, 0x0000000088500000|  0%| F|  |TAMS 0x0000000088400000, 0x0000000088400000| Untracked 
| 133|0x0000000088500000, 0x0000000088500000, 0x0000000088600000|  0%| F|  |TAMS 0x0000000088500000, 0x0000000088500000| Untracked 
| 134|0x0000000088600000, 0x0000000088600000, 0x0000000088700000|  0%| F|  |TAMS 0x0000000088600000, 0x0000000088600000| Untracked 
| 135|0x0000000088700000, 0x0000000088700000, 0x0000000088800000|  0%| F|  |TAMS 0x0000000088700000, 0x0000000088700000| Untracked 
| 136|0x0000000088800000, 0x0000000088800000, 0x0000000088900000|  0%| F|  |TAMS 0x0000000088800000, 0x0000000088800000| Untracked 
| 137|0x0000000088900000, 0x0000000088900000, 0x0000000088a00000|  0%| F|  |TAMS 0x0000000088900000, 0x0000000088900000| Untracked 
| 138|0x0000000088a00000, 0x0000000088a00000, 0x0000000088b00000|  0%| F|  |TAMS 0x0000000088a00000, 0x0000000088a00000| Untracked 
| 139|0x0000000088b00000, 0x0000000088b00000, 0x0000000088c00000|  0%| F|  |TAMS 0x0000000088b00000, 0x0000000088b00000| Untracked 
| 140|0x0000000088c00000, 0x0000000088c00000, 0x0000000088d00000|  0%| F|  |TAMS 0x0000000088c00000, 0x0000000088c00000| Untracked 
| 141|0x0000000088d00000, 0x0000000088d00000, 0x0000000088e00000|  0%| F|  |TAMS 0x0000000088d00000, 0x0000000088d00000| Untracked 
| 142|0x0000000088e00000, 0x0000000088e00000, 0x0000000088f00000|  0%| F|  |TAMS 0x0000000088e00000, 0x0000000088e00000| Untracked 
| 143|0x0000000088f00000, 0x0000000088f00000, 0x0000000089000000|  0%| F|  |TAMS 0x0000000088f00000, 0x0000000088f00000| Untracked 
| 144|0x0000000089000000, 0x0000000089000000, 0x0000000089100000|  0%| F|  |TAMS 0x0000000089000000, 0x0000000089000000| Untracked 
| 145|0x0000000089100000, 0x0000000089100000, 0x0000000089200000|  0%| F|  |TAMS 0x0000000089100000, 0x0000000089100000| Untracked 
| 146|0x0000000089200000, 0x0000000089200000, 0x0000000089300000|  0%| F|  |TAMS 0x0000000089200000, 0x0000000089200000| Untracked 
| 147|0x0000000089300000, 0x0000000089300000, 0x0000000089400000|  0%| F|  |TAMS 0x0000000089300000, 0x0000000089300000| Untracked 
| 148|0x0000000089400000, 0x000000008949fca0, 0x0000000089500000| 62%| S|CS|TAMS 0x0000000089400000, 0x0000000089400000| Complete 
| 149|0x0000000089500000, 0x0000000089500000, 0x0000000089600000|  0%| F|  |TAMS 0x0000000089500000, 0x0000000089500000| Untracked 
| 150|0x0000000089600000, 0x0000000089600000, 0x0000000089700000|  0%| F|  |TAMS 0x0000000089600000, 0x0000000089600000| Untracked 
| 151|0x0000000089700000, 0x0000000089700000, 0x0000000089800000|  0%| F|  |TAMS 0x0000000089700000, 0x0000000089700000| Untracked 
| 152|0x0000000089800000, 0x0000000089800000, 0x0000000089900000|  0%| F|  |TAMS 0x0000000089800000, 0x0000000089800000| Untracked 
| 153|0x0000000089900000, 0x0000000089a00000, 0x0000000089a00000|100%| S|CS|TAMS 0x0000000089900000, 0x0000000089900000| Complete 
| 154|0x0000000089a00000, 0x0000000089b00000, 0x0000000089b00000|100%| S|CS|TAMS 0x0000000089a00000, 0x0000000089a00000| Complete 
| 155|0x0000000089b00000, 0x0000000089c00000, 0x0000000089c00000|100%| S|CS|TAMS 0x0000000089b00000, 0x0000000089b00000| Complete 
| 156|0x0000000089c00000, 0x0000000089d00000, 0x0000000089d00000|100%| S|CS|TAMS 0x0000000089c00000, 0x0000000089c00000| Complete 
| 157|0x0000000089d00000, 0x0000000089e00000, 0x0000000089e00000|100%| S|CS|TAMS 0x0000000089d00000, 0x0000000089d00000| Complete 
| 158|0x0000000089e00000, 0x0000000089e00000, 0x0000000089f00000|  0%| F|  |TAMS 0x0000000089e00000, 0x0000000089e00000| Untracked 
| 159|0x0000000089f00000, 0x0000000089f00000, 0x000000008a000000|  0%| F|  |TAMS 0x0000000089f00000, 0x0000000089f00000| Untracked 
| 160|0x000000008a000000, 0x000000008a000000, 0x000000008a100000|  0%| F|  |TAMS 0x000000008a000000, 0x000000008a000000| Untracked 
| 161|0x000000008a100000, 0x000000008a100000, 0x000000008a200000|  0%| F|  |TAMS 0x000000008a100000, 0x000000008a100000| Untracked 
| 162|0x000000008a200000, 0x000000008a300000, 0x000000008a300000|100%| S|CS|TAMS 0x000000008a200000, 0x000000008a200000| Complete 
| 163|0x000000008a300000, 0x000000008a400000, 0x000000008a400000|100%| S|CS|TAMS 0x000000008a300000, 0x000000008a300000| Complete 
| 164|0x000000008a400000, 0x000000008a400000, 0x000000008a500000|  0%| F|  |TAMS 0x000000008a400000, 0x000000008a400000| Untracked 
| 165|0x000000008a500000, 0x000000008a500000, 0x000000008a600000|  0%| F|  |TAMS 0x000000008a500000, 0x000000008a500000| Untracked 
| 166|0x000000008a600000, 0x000000008a600000, 0x000000008a700000|  0%| F|  |TAMS 0x000000008a600000, 0x000000008a600000| Untracked 
| 167|0x000000008a700000, 0x000000008a700000, 0x000000008a800000|  0%| F|  |TAMS 0x000000008a700000, 0x000000008a700000| Untracked 
| 168|0x000000008a800000, 0x000000008a800000, 0x000000008a900000|  0%| F|  |TAMS 0x000000008a800000, 0x000000008a800000| Untracked 
| 169|0x000000008a900000, 0x000000008a900000, 0x000000008aa00000|  0%| F|  |TAMS 0x000000008a900000, 0x000000008a900000| Untracked 
| 170|0x000000008aa00000, 0x000000008aa00000, 0x000000008ab00000|  0%| F|  |TAMS 0x000000008aa00000, 0x000000008aa00000| Untracked 
| 171|0x000000008ab00000, 0x000000008ab52fc0, 0x000000008ac00000| 32%| E|  |TAMS 0x000000008ab00000, 0x000000008ab00000| Complete 
| 172|0x000000008ac00000, 0x000000008ad00000, 0x000000008ad00000|100%| E|  |TAMS 0x000000008ac00000, 0x000000008ac00000| Complete 
| 173|0x000000008ad00000, 0x000000008ae00000, 0x000000008ae00000|100%| E|CS|TAMS 0x000000008ad00000, 0x000000008ad00000| Complete 
| 174|0x000000008ae00000, 0x000000008af00000, 0x000000008af00000|100%| E|CS|TAMS 0x000000008ae00000, 0x000000008ae00000| Complete 
| 175|0x000000008af00000, 0x000000008b000000, 0x000000008b000000|100%| E|CS|TAMS 0x000000008af00000, 0x000000008af00000| Complete 
| 176|0x000000008b000000, 0x000000008b100000, 0x000000008b100000|100%| E|CS|TAMS 0x000000008b000000, 0x000000008b000000| Complete 
| 177|0x000000008b100000, 0x000000008b200000, 0x000000008b200000|100%| E|CS|TAMS 0x000000008b100000, 0x000000008b100000| Complete 
| 178|0x000000008b200000, 0x000000008b300000, 0x000000008b300000|100%| E|CS|TAMS 0x000000008b200000, 0x000000008b200000| Complete 
| 179|0x000000008b300000, 0x000000008b400000, 0x000000008b400000|100%| E|CS|TAMS 0x000000008b300000, 0x000000008b300000| Complete 
| 180|0x000000008b400000, 0x000000008b500000, 0x000000008b500000|100%| E|CS|TAMS 0x000000008b400000, 0x000000008b400000| Complete 
| 181|0x000000008b500000, 0x000000008b600000, 0x000000008b600000|100%| E|CS|TAMS 0x000000008b500000, 0x000000008b500000| Complete 
| 182|0x000000008b600000, 0x000000008b700000, 0x000000008b700000|100%| E|CS|TAMS 0x000000008b600000, 0x000000008b600000| Complete 
| 183|0x000000008b700000, 0x000000008b800000, 0x000000008b800000|100%| E|CS|TAMS 0x000000008b700000, 0x000000008b700000| Complete 
| 184|0x000000008b800000, 0x000000008b900000, 0x000000008b900000|100%| E|CS|TAMS 0x000000008b800000, 0x000000008b800000| Complete 
| 185|0x000000008b900000, 0x000000008ba00000, 0x000000008ba00000|100%| E|CS|TAMS 0x000000008b900000, 0x000000008b900000| Complete 
| 186|0x000000008ba00000, 0x000000008bb00000, 0x000000008bb00000|100%| E|CS|TAMS 0x000000008ba00000, 0x000000008ba00000| Complete 
| 187|0x000000008bb00000, 0x000000008bc00000, 0x000000008bc00000|100%| E|CS|TAMS 0x000000008bb00000, 0x000000008bb00000| Complete 
| 188|0x000000008bc00000, 0x000000008bd00000, 0x000000008bd00000|100%| E|CS|TAMS 0x000000008bc00000, 0x000000008bc00000| Complete 
| 189|0x000000008bd00000, 0x000000008be00000, 0x000000008be00000|100%| E|CS|TAMS 0x000000008bd00000, 0x000000008bd00000| Complete 
| 190|0x000000008be00000, 0x000000008bf00000, 0x000000008bf00000|100%| E|CS|TAMS 0x000000008be00000, 0x000000008be00000| Complete 
| 191|0x000000008bf00000, 0x000000008c000000, 0x000000008c000000|100%| E|CS|TAMS 0x000000008bf00000, 0x000000008bf00000| Complete 
| 192|0x000000008c000000, 0x000000008c100000, 0x000000008c100000|100%| E|CS|TAMS 0x000000008c000000, 0x000000008c000000| Complete 
| 193|0x000000008c100000, 0x000000008c200000, 0x000000008c200000|100%| E|CS|TAMS 0x000000008c100000, 0x000000008c100000| Complete 
| 194|0x000000008c200000, 0x000000008c300000, 0x000000008c300000|100%| E|CS|TAMS 0x000000008c200000, 0x000000008c200000| Complete 
| 195|0x000000008c300000, 0x000000008c400000, 0x000000008c400000|100%| E|CS|TAMS 0x000000008c300000, 0x000000008c300000| Complete 
| 196|0x000000008c400000, 0x000000008c500000, 0x000000008c500000|100%| E|CS|TAMS 0x000000008c400000, 0x000000008c400000| Complete 
| 197|0x000000008c500000, 0x000000008c600000, 0x000000008c600000|100%| E|CS|TAMS 0x000000008c500000, 0x000000008c500000| Complete 
| 198|0x000000008c600000, 0x000000008c700000, 0x000000008c700000|100%| E|CS|TAMS 0x000000008c600000, 0x000000008c600000| Complete 
| 199|0x000000008c700000, 0x000000008c800000, 0x000000008c800000|100%| E|CS|TAMS 0x000000008c700000, 0x000000008c700000| Complete 
| 200|0x000000008c800000, 0x000000008c900000, 0x000000008c900000|100%| E|CS|TAMS 0x000000008c800000, 0x000000008c800000| Complete 
| 201|0x000000008c900000, 0x000000008ca00000, 0x000000008ca00000|100%| E|CS|TAMS 0x000000008c900000, 0x000000008c900000| Complete 
| 202|0x000000008ca00000, 0x000000008cb00000, 0x000000008cb00000|100%| E|CS|TAMS 0x000000008ca00000, 0x000000008ca00000| Complete 
| 203|0x000000008cb00000, 0x000000008cc00000, 0x000000008cc00000|100%| E|CS|TAMS 0x000000008cb00000, 0x000000008cb00000| Complete 
| 204|0x000000008cc00000, 0x000000008cd00000, 0x000000008cd00000|100%| E|CS|TAMS 0x000000008cc00000, 0x000000008cc00000| Complete 
| 205|0x000000008cd00000, 0x000000008ce00000, 0x000000008ce00000|100%| E|CS|TAMS 0x000000008cd00000, 0x000000008cd00000| Complete 
| 206|0x000000008ce00000, 0x000000008cf00000, 0x000000008cf00000|100%| E|CS|TAMS 0x000000008ce00000, 0x000000008ce00000| Complete 
| 207|0x000000008cf00000, 0x000000008d000000, 0x000000008d000000|100%| E|CS|TAMS 0x000000008cf00000, 0x000000008cf00000| Complete 
| 208|0x000000008d000000, 0x000000008d100000, 0x000000008d100000|100%| E|CS|TAMS 0x000000008d000000, 0x000000008d000000| Complete 
| 209|0x000000008d100000, 0x000000008d200000, 0x000000008d200000|100%| E|CS|TAMS 0x000000008d100000, 0x000000008d100000| Complete 
| 210|0x000000008d200000, 0x000000008d300000, 0x000000008d300000|100%| E|CS|TAMS 0x000000008d200000, 0x000000008d200000| Complete 
| 211|0x000000008d300000, 0x000000008d400000, 0x000000008d400000|100%| E|CS|TAMS 0x000000008d300000, 0x000000008d300000| Complete 
| 212|0x000000008d400000, 0x000000008d500000, 0x000000008d500000|100%| E|CS|TAMS 0x000000008d400000, 0x000000008d400000| Complete 
| 213|0x000000008d500000, 0x000000008d600000, 0x000000008d600000|100%| E|CS|TAMS 0x000000008d500000, 0x000000008d500000| Complete 
| 214|0x000000008d600000, 0x000000008d700000, 0x000000008d700000|100%| E|CS|TAMS 0x000000008d600000, 0x000000008d600000| Complete 
| 215|0x000000008d700000, 0x000000008d800000, 0x000000008d800000|100%| E|CS|TAMS 0x000000008d700000, 0x000000008d700000| Complete 
| 216|0x000000008d800000, 0x000000008d900000, 0x000000008d900000|100%| E|CS|TAMS 0x000000008d800000, 0x000000008d800000| Complete 
| 217|0x000000008d900000, 0x000000008da00000, 0x000000008da00000|100%| E|CS|TAMS 0x000000008d900000, 0x000000008d900000| Complete 
| 218|0x000000008da00000, 0x000000008db00000, 0x000000008db00000|100%| E|CS|TAMS 0x000000008da00000, 0x000000008da00000| Complete 
| 219|0x000000008db00000, 0x000000008dc00000, 0x000000008dc00000|100%| E|CS|TAMS 0x000000008db00000, 0x000000008db00000| Complete 
| 220|0x000000008dc00000, 0x000000008dd00000, 0x000000008dd00000|100%| E|CS|TAMS 0x000000008dc00000, 0x000000008dc00000| Complete 
| 221|0x000000008dd00000, 0x000000008de00000, 0x000000008de00000|100%| E|CS|TAMS 0x000000008dd00000, 0x000000008dd00000| Complete 
| 222|0x000000008de00000, 0x000000008df00000, 0x000000008df00000|100%| E|CS|TAMS 0x000000008de00000, 0x000000008de00000| Complete 
| 223|0x000000008df00000, 0x000000008e000000, 0x000000008e000000|100%| E|CS|TAMS 0x000000008df00000, 0x000000008df00000| Complete 
| 224|0x000000008e000000, 0x000000008e100000, 0x000000008e100000|100%| E|CS|TAMS 0x000000008e000000, 0x000000008e000000| Complete 
| 225|0x000000008e100000, 0x000000008e200000, 0x000000008e200000|100%| E|CS|TAMS 0x000000008e100000, 0x000000008e100000| Complete 
| 226|0x000000008e200000, 0x000000008e300000, 0x000000008e300000|100%| E|CS|TAMS 0x000000008e200000, 0x000000008e200000| Complete 
| 227|0x000000008e300000, 0x000000008e400000, 0x000000008e400000|100%| E|CS|TAMS 0x000000008e300000, 0x000000008e300000| Complete 
| 228|0x000000008e400000, 0x000000008e500000, 0x000000008e500000|100%| E|CS|TAMS 0x000000008e400000, 0x000000008e400000| Complete 
| 229|0x000000008e500000, 0x000000008e600000, 0x000000008e600000|100%| E|CS|TAMS 0x000000008e500000, 0x000000008e500000| Complete 
| 230|0x000000008e600000, 0x000000008e700000, 0x000000008e700000|100%| E|CS|TAMS 0x000000008e600000, 0x000000008e600000| Complete 
| 231|0x000000008e700000, 0x000000008e800000, 0x000000008e800000|100%| E|CS|TAMS 0x000000008e700000, 0x000000008e700000| Complete 
| 232|0x000000008e800000, 0x000000008e900000, 0x000000008e900000|100%| E|CS|TAMS 0x000000008e800000, 0x000000008e800000| Complete 
| 233|0x000000008e900000, 0x000000008ea00000, 0x000000008ea00000|100%| E|CS|TAMS 0x000000008e900000, 0x000000008e900000| Complete 
| 234|0x000000008ea00000, 0x000000008eb00000, 0x000000008eb00000|100%| E|CS|TAMS 0x000000008ea00000, 0x000000008ea00000| Complete 
| 235|0x000000008eb00000, 0x000000008ec00000, 0x000000008ec00000|100%| E|CS|TAMS 0x000000008eb00000, 0x000000008eb00000| Complete 
| 236|0x000000008ec00000, 0x000000008ed00000, 0x000000008ed00000|100%| E|CS|TAMS 0x000000008ec00000, 0x000000008ec00000| Complete 
| 237|0x000000008ed00000, 0x000000008ee00000, 0x000000008ee00000|100%| E|CS|TAMS 0x000000008ed00000, 0x000000008ed00000| Complete 
| 238|0x000000008ee00000, 0x000000008ef00000, 0x000000008ef00000|100%| E|CS|TAMS 0x000000008ee00000, 0x000000008ee00000| Complete 
| 239|0x000000008ef00000, 0x000000008f000000, 0x000000008f000000|100%| E|CS|TAMS 0x000000008ef00000, 0x000000008ef00000| Complete 
| 240|0x000000008f000000, 0x000000008f100000, 0x000000008f100000|100%| E|CS|TAMS 0x000000008f000000, 0x000000008f000000| Complete 
| 241|0x000000008f100000, 0x000000008f200000, 0x000000008f200000|100%| E|CS|TAMS 0x000000008f100000, 0x000000008f100000| Complete 
| 242|0x000000008f200000, 0x000000008f300000, 0x000000008f300000|100%| E|CS|TAMS 0x000000008f200000, 0x000000008f200000| Complete 
| 243|0x000000008f300000, 0x000000008f400000, 0x000000008f400000|100%| E|CS|TAMS 0x000000008f300000, 0x000000008f300000| Complete 
| 244|0x000000008f400000, 0x000000008f500000, 0x000000008f500000|100%| E|CS|TAMS 0x000000008f400000, 0x000000008f400000| Complete 
| 245|0x000000008f500000, 0x000000008f600000, 0x000000008f600000|100%| E|CS|TAMS 0x000000008f500000, 0x000000008f500000| Complete 
| 246|0x000000008f600000, 0x000000008f700000, 0x000000008f700000|100%| E|CS|TAMS 0x000000008f600000, 0x000000008f600000| Complete 
| 247|0x000000008f700000, 0x000000008f800000, 0x000000008f800000|100%| E|CS|TAMS 0x000000008f700000, 0x000000008f700000| Complete 
| 248|0x000000008f800000, 0x000000008f900000, 0x000000008f900000|100%| E|CS|TAMS 0x000000008f800000, 0x000000008f800000| Complete 
| 249|0x000000008f900000, 0x000000008fa00000, 0x000000008fa00000|100%| E|CS|TAMS 0x000000008f900000, 0x000000008f900000| Complete 
| 250|0x000000008fa00000, 0x000000008fb00000, 0x000000008fb00000|100%| E|CS|TAMS 0x000000008fa00000, 0x000000008fa00000| Complete 
| 253|0x000000008fd00000, 0x000000008fe00000, 0x000000008fe00000|100%| E|CS|TAMS 0x000000008fd00000, 0x000000008fd00000| Complete 

Card table byte_map: [0x0000022497ec0000,0x00000224982c0000] _byte_map_base: 0x0000022497ac0000

Marking Bits (Prev, Next): (CMBitMap*) 0x00000224852f7010, (CMBitMap*) 0x00000224852f7050
 Prev Bits: [0x00000224986c0000, 0x000002249a6c0000)
 Next Bits: [0x000002249a6c0000, 0x000002249c6c0000)

Polling page: 0x00000224831e0000

Metaspace:

Usage:
  Non-class:    101.98 MB used.
      Class:     15.40 MB used.
       Both:    117.38 MB used.

Virtual space:
  Non-class space:      128.00 MB reserved,     102.44 MB ( 80%) committed,  2 nodes.
      Class space:        1.00 GB reserved,      15.81 MB (  2%) committed,  1 nodes.
             Both:        1.12 GB reserved,     118.25 MB ( 10%) committed. 

Chunk freelists:
   Non-Class:  9.17 MB
       Class:  240.00 KB
        Both:  9.41 MB

MaxMetaspaceSize: unlimited
CompressedClassSpaceSize: 1.00 GB
Initial GC threshold: 21.00 MB
Current GC threshold: 161.25 MB
CDS: off
MetaspaceReclaimPolicy: balanced
 - commit_granule_bytes: 65536.
 - commit_granule_words: 8192.
 - virtual_space_node_default_size: 8388608.
 - enlarge_chunks_in_place: 1.
 - new_chunks_are_fully_committed: 0.
 - uncommit_free_chunks: 1.
 - use_allocation_guard: 0.
 - handle_deallocations: 1.


Internal statistics:

num_allocs_failed_limit: 3.
num_arena_births: 1320.
num_arena_deaths: 0.
num_vsnodes_births: 3.
num_vsnodes_deaths: 0.
num_space_committed: 1892.
num_space_uncommitted: 0.
num_chunks_returned_to_freelist: 3.
num_chunks_taken_from_freelist: 6038.
num_chunk_merges: 3.
num_chunk_splits: 3926.
num_chunks_enlarged: 2558.
num_inconsistent_stats: 0.

CodeHeap 'non-profiled nmethods': size=120000Kb used=7680Kb max_used=7758Kb free=112319Kb
 bounds [0x0000022490250000, 0x00000224909f0000, 0x0000022497780000]
CodeHeap 'profiled nmethods': size=120000Kb used=24335Kb max_used=24335Kb free=95664Kb
 bounds [0x0000022488780000, 0x0000022489f50000, 0x000002248fcb0000]
CodeHeap 'non-nmethods': size=5760Kb used=2479Kb max_used=2622Kb free=3280Kb
 bounds [0x000002248fcb0000, 0x000002248ff50000, 0x0000022490250000]
 total_blobs=13264 nmethods=12277 adapters=896
 compilation: enabled
              stopped_count=0, restarted_count=0
 full_count=0

Compilation events (20 events):
Event: 130.946 Thread 0x000002249f325d40 14432       3       java.io.ObjectStreamClass$3::compare (12 bytes)
Event: 130.946 Thread 0x000002249f325d40 nmethod 14432 0x0000022489f2ea10 code [0x0000022489f2ebc0, 0x0000022489f2ed08]
Event: 130.961 Thread 0x000002249f325d40 14433       1       java.io.ObjectStreamClass$FieldReflector::getFields (5 bytes)
Event: 130.961 Thread 0x000002249f325d40 nmethod 14433 0x00000224907d4410 code [0x00000224907d45a0, 0x00000224907d4678]
Event: 130.964 Thread 0x000002249f325d40 14434       3       java.io.ObjectInputStream::readClassDesc (121 bytes)
Event: 130.965 Thread 0x000002249f325d40 nmethod 14434 0x0000022489f2ee10 code [0x0000022489f2f160, 0x0000022489f30588]
Event: 130.970 Thread 0x000002249f325d40 14435       3       java.io.ObjectStreamClass$FieldReflectorKey::equals (37 bytes)
Event: 130.970 Thread 0x000002249f325d40 nmethod 14435 0x0000022489f30d10 code [0x0000022489f30ec0, 0x0000022489f312a8]
Event: 130.970 Thread 0x000002249f325d40 14436       3       org.gradle.tooling.internal.provider.serialization.DefaultPayloadClassLoaderRegistry::getClassLoader (104 bytes)
Event: 130.971 Thread 0x000002249f325d40 nmethod 14436 0x0000022489f31390 code [0x0000022489f31620, 0x0000022489f325f8]
Event: 130.972 Thread 0x000002249f325d40 14438       3       sun.security.provider.ByteArrayAccess::i2bBig (33 bytes)
Event: 130.973 Thread 0x000002249f325d40 nmethod 14438 0x0000022489f32b90 code [0x0000022489f32dc0, 0x0000022489f33698]
Event: 130.973 Thread 0x00000224a6552500 14430       4       java.util.ComparableTimSort::binarySort (223 bytes)
Event: 130.980 Thread 0x000002249f325d40 14439       3       java.io.ObjectInputStream::checkResolve (86 bytes)
Event: 130.981 Thread 0x000002249f325d40 nmethod 14439 0x0000022489f33a90 code [0x0000022489f33cc0, 0x0000022489f343f8]
Event: 130.981 Thread 0x000002249f325d40 14440       3       java.io.ObjectStreamClass$Caches$1::computeValue (6 bytes)
Event: 130.981 Thread 0x000002249f325d40 nmethod 14440 0x0000022489f34690 code [0x0000022489f34840, 0x0000022489f34a68]
Event: 130.981 Thread 0x000002249f325d40 14441       3       java.io.ObjectStreamClass$Caches$1::computeValue (9 bytes)
Event: 130.981 Thread 0x000002249f325d40 nmethod 14441 0x0000022489f34b90 code [0x0000022489f34d40, 0x0000022489f34ee8]
Event: 130.983 Thread 0x000002249f325d40 14442   !   3       java.io.ObjectStreamClass::computeDefaultSUID (701 bytes)

GC Heap History (20 events):
Event: 11.419 GC heap before
{Heap before GC invocations=57 (full 0):
 garbage-first heap   total 201728K, used 148510K [0x0000000080000000, 0x0000000100000000)
  region size 1024K, 34 young (34816K), 2 survivors (2048K)
 Metaspace       used 92885K, committed 93632K, reserved 1179648K
  class space    used 12436K, committed 12800K, reserved 1048576K
}
Event: 11.423 GC heap after
{Heap after GC invocations=58 (full 0):
 garbage-first heap   total 201728K, used 115734K [0x0000000080000000, 0x0000000100000000)
  region size 1024K, 3 young (3072K), 3 survivors (3072K)
 Metaspace       used 92885K, committed 93632K, reserved 1179648K
  class space    used 12436K, committed 12800K, reserved 1048576K
}
Event: 11.550 GC heap before
{Heap before GC invocations=58 (full 0):
 garbage-first heap   total 201728K, used 121878K [0x0000000080000000, 0x0000000100000000)
  region size 1024K, 9 young (9216K), 3 survivors (3072K)
 Metaspace       used 94590K, committed 95296K, reserved 1179648K
  class space    used 12625K, committed 12928K, reserved 1048576K
}
Event: 11.554 GC heap after
{Heap after GC invocations=59 (full 0):
 garbage-first heap   total 201728K, used 116100K [0x0000000080000000, 0x0000000100000000)
  region size 1024K, 1 young (1024K), 1 survivors (1024K)
 Metaspace       used 94590K, committed 95296K, reserved 1179648K
  class space    used 12625K, committed 12928K, reserved 1048576K
}
Event: 12.151 GC heap before
{Heap before GC invocations=59 (full 0):
 garbage-first heap   total 201728K, used 159108K [0x0000000080000000, 0x0000000100000000)
  region size 1024K, 41 young (41984K), 1 survivors (1024K)
 Metaspace       used 98046K, committed 98816K, reserved 1179648K
  class space    used 13178K, committed 13568K, reserved 1048576K
}
Event: 12.156 GC heap after
{Heap after GC invocations=60 (full 0):
 garbage-first heap   total 201728K, used 123142K [0x0000000080000000, 0x0000000100000000)
  region size 1024K, 6 young (6144K), 6 survivors (6144K)
 Metaspace       used 98046K, committed 98816K, reserved 1179648K
  class space    used 13178K, committed 13568K, reserved 1048576K
}
Event: 12.524 GC heap before
{Heap before GC invocations=61 (full 0):
 garbage-first heap   total 215040K, used 158982K [0x0000000080000000, 0x0000000100000000)
  region size 1024K, 42 young (43008K), 6 survivors (6144K)
 Metaspace       used 98454K, committed 99200K, reserved 1179648K
  class space    used 13200K, committed 13568K, reserved 1048576K
}
Event: 12.529 GC heap after
{Heap after GC invocations=62 (full 0):
 garbage-first heap   total 215040K, used 123805K [0x0000000080000000, 0x0000000100000000)
  region size 1024K, 1 young (1024K), 1 survivors (1024K)
 Metaspace       used 98454K, committed 99200K, reserved 1179648K
  class space    used 13200K, committed 13568K, reserved 1048576K
}
Event: 12.593 GC heap before
{Heap before GC invocations=62 (full 0):
 garbage-first heap   total 215040K, used 133021K [0x0000000080000000, 0x0000000100000000)
  region size 1024K, 10 young (10240K), 1 survivors (1024K)
 Metaspace       used 98456K, committed 99200K, reserved 1179648K
  class space    used 13201K, committed 13568K, reserved 1048576K
}
Event: 12.595 GC heap after
{Heap after GC invocations=63 (full 0):
 garbage-first heap   total 258048K, used 123941K [0x0000000080000000, 0x0000000100000000)
  region size 1024K, 1 young (1024K), 1 survivors (1024K)
 Metaspace       used 98456K, committed 99200K, reserved 1179648K
  class space    used 13201K, committed 13568K, reserved 1048576K
}
Event: 13.056 GC heap before
{Heap before GC invocations=63 (full 0):
 garbage-first heap   total 258048K, used 194597K [0x0000000080000000, 0x0000000100000000)
  region size 1024K, 70 young (71680K), 1 survivors (1024K)
 Metaspace       used 98459K, committed 99200K, reserved 1179648K
  class space    used 13201K, committed 13568K, reserved 1048576K
}
Event: 13.058 GC heap after
{Heap after GC invocations=64 (full 0):
 garbage-first heap   total 258048K, used 124157K [0x0000000080000000, 0x0000000100000000)
  region size 1024K, 1 young (1024K), 1 survivors (1024K)
 Metaspace       used 98459K, committed 99200K, reserved 1179648K
  class space    used 13201K, committed 13568K, reserved 1048576K
}
Event: 13.587 GC heap before
{Heap before GC invocations=64 (full 0):
 garbage-first heap   total 258048K, used 216317K [0x0000000080000000, 0x0000000100000000)
  region size 1024K, 91 young (93184K), 1 survivors (1024K)
 Metaspace       used 98476K, committed 99200K, reserved 1179648K
  class space    used 13202K, committed 13568K, reserved 1048576K
}
Event: 13.588 GC heap after
{Heap after GC invocations=65 (full 0):
 garbage-first heap   total 258048K, used 124361K [0x0000000080000000, 0x0000000100000000)
  region size 1024K, 2 young (2048K), 2 survivors (2048K)
 Metaspace       used 98476K, committed 99200K, reserved 1179648K
  class space    used 13202K, committed 13568K, reserved 1048576K
}
Event: 16.068 GC heap before
{Heap before GC invocations=65 (full 0):
 garbage-first heap   total 258048K, used 217545K [0x0000000080000000, 0x0000000100000000)
  region size 1024K, 94 young (96256K), 2 survivors (2048K)
 Metaspace       used 105420K, committed 106176K, reserved 1179648K
  class space    used 14094K, committed 14464K, reserved 1048576K
}
Event: 16.074 GC heap after
{Heap after GC invocations=66 (full 0):
 garbage-first heap   total 258048K, used 126153K [0x0000000080000000, 0x0000000100000000)
  region size 1024K, 5 young (5120K), 5 survivors (5120K)
 Metaspace       used 105420K, committed 106176K, reserved 1179648K
  class space    used 14094K, committed 14464K, reserved 1048576K
}
Event: 19.802 GC heap before
{Heap before GC invocations=66 (full 0):
 garbage-first heap   total 258048K, used 217289K [0x0000000080000000, 0x0000000100000000)
  region size 1024K, 95 young (97280K), 5 survivors (5120K)
 Metaspace       used 106405K, committed 107200K, reserved 1179648K
  class space    used 14159K, committed 14528K, reserved 1048576K
}
Event: 19.809 GC heap after
{Heap after GC invocations=67 (full 0):
 garbage-first heap   total 258048K, used 128745K [0x0000000080000000, 0x0000000100000000)
  region size 1024K, 8 young (8192K), 8 survivors (8192K)
 Metaspace       used 106405K, committed 107200K, reserved 1179648K
  class space    used 14159K, committed 14528K, reserved 1048576K
}
Event: 21.262 GC heap before
{Heap before GC invocations=67 (full 0):
 garbage-first heap   total 258048K, used 217833K [0x0000000080000000, 0x0000000100000000)
  region size 1024K, 96 young (98304K), 8 survivors (8192K)
 Metaspace       used 113194K, committed 113920K, reserved 1179648K
  class space    used 15015K, committed 15360K, reserved 1048576K
}
Event: 21.270 GC heap after
{Heap after GC invocations=68 (full 0):
 garbage-first heap   total 258048K, used 133394K [0x0000000080000000, 0x0000000100000000)
  region size 1024K, 8 young (8192K), 8 survivors (8192K)
 Metaspace       used 113194K, committed 113920K, reserved 1179648K
  class space    used 15015K, committed 15360K, reserved 1048576K
}

Dll operation events (2 events):
Event: 0.010 Loaded shared library C:\Program Files\Android\android studio koala\android-studio\jbr\bin\java.dll
Event: 0.363 Loaded shared library C:\Program Files\Android\android studio koala\android-studio\jbr\bin\verify.dll

Deoptimization events (20 events):
Event: 31.702 Thread 0x000002249f49d390 DEOPT PACKING pc=0x00000224905b5abc sp=0x000000568e7fe4e0
Event: 31.702 Thread 0x000002249f49d390 DEOPT UNPACKING pc=0x000002248fd069a3 sp=0x000000568e7fe4c8 mode 2
Event: 130.844 Thread 0x00000224a74d9150 Uncommon trap: trap_request=0xffffff45 fr.pc=0x000002249056a43c relative=0x0000000000001f7c
Event: 130.844 Thread 0x00000224a74d9150 Uncommon trap: reason=unstable_if action=reinterpret pc=0x000002249056a43c method=org.gradle.cache.internal.DefaultCrossBuildInMemoryCacheFactory$AbstractCrossBuildInMemoryCache.getIfPresentWithoutLock(Ljava/lang/Object;)Ljava/lang/Object; @ 24 c2
Event: 130.844 Thread 0x00000224a74d9150 DEOPT PACKING pc=0x000002249056a43c sp=0x000000568e8fb340
Event: 130.844 Thread 0x00000224a74d9150 DEOPT UNPACKING pc=0x000002248fd069a3 sp=0x000000568e8fb148 mode 2
Event: 130.847 Thread 0x00000224a74d9150 Uncommon trap: trap_request=0xffffff45 fr.pc=0x0000022490940848 relative=0x0000000000000548
Event: 130.847 Thread 0x00000224a74d9150 Uncommon trap: reason=unstable_if action=reinterpret pc=0x0000022490940848 method=org.gradle.cache.internal.DefaultCrossBuildInMemoryCacheFactory$AbstractCrossBuildInMemoryCache.getIfPresentWithoutLock(Ljava/lang/Object;)Ljava/lang/Object; @ 24 c2
Event: 130.847 Thread 0x00000224a74d9150 DEOPT PACKING pc=0x0000022490940848 sp=0x000000568e8f8cc0
Event: 130.847 Thread 0x00000224a74d9150 DEOPT UNPACKING pc=0x000002248fd069a3 sp=0x000000568e8f8c78 mode 2
Event: 130.868 Thread 0x00000224a74d9150 Uncommon trap: trap_request=0xffffffc6 fr.pc=0x00000224908e9be4 relative=0x0000000000000804
Event: 130.868 Thread 0x00000224a74d9150 Uncommon trap: reason=bimorphic_or_optimized_type_check action=maybe_recompile pc=0x00000224908e9be4 method=org.gradle.internal.operations.DefaultBuildOperationListenerManager$ProgressShieldingBuildOperationListener.finished(Lorg/gradle/internal/operation
Event: 130.868 Thread 0x00000224a74d9150 DEOPT PACKING pc=0x00000224908e9be4 sp=0x000000568e8fcc90
Event: 130.868 Thread 0x00000224a74d9150 DEOPT UNPACKING pc=0x000002248fd069a3 sp=0x000000568e8fcc58 mode 2
Event: 130.875 Thread 0x00000224a74d9150 DEOPT PACKING pc=0x0000022489913b17 sp=0x000000568e8fb5d0
Event: 130.875 Thread 0x00000224a74d9150 DEOPT UNPACKING pc=0x000002248fd07143 sp=0x000000568e8faa98 mode 0
Event: 130.887 Thread 0x00000224a74d9150 Uncommon trap: trap_request=0xffffff76 fr.pc=0x0000022490610fe8 relative=0x0000000000000088
Event: 130.887 Thread 0x00000224a74d9150 Uncommon trap: reason=predicate action=maybe_recompile pc=0x0000022490610fe8 method=java.util.ComparableTimSort.binarySort([Ljava/lang/Object;III)V @ 34 c2
Event: 130.887 Thread 0x00000224a74d9150 DEOPT PACKING pc=0x0000022490610fe8 sp=0x000000568e8fb700
Event: 130.887 Thread 0x00000224a74d9150 DEOPT UNPACKING pc=0x000002248fd069a3 sp=0x000000568e8fb6b8 mode 2

Classes unloaded (0 events):
No events

Classes redefined (0 events):
No events

Internal exceptions (20 events):
Event: 130.945 Thread 0x00000224a74d9150 Exception <a 'java/lang/NoSuchMethodError'{0x000000008aec57a0}: static Lcom/android/tools/idea/gradle/project/sync/GradleSyncStudioFlags;.<clinit>()V> (0x000000008aec57a0) 
thrown [s\src\hotspot\share\prims\jni.cpp, line 1127]
Event: 130.960 Thread 0x00000224a74d9150 Exception <a 'java/lang/NoSuchMethodError'{0x000000008aefd648}: static Lcom/android/tools/idea/gradle/project/sync/AdditionalClassifierArtifactsActionOptions;.<clinit>()V> (0x000000008aefd648) 
thrown [s\src\hotspot\share\prims\jni.cpp, line 1127]
Event: 130.961 Thread 0x00000224a74d9150 Exception <a 'java/lang/NoSuchMethodError'{0x000000008ad0aac8}: static Lcom/android/tools/idea/gradle/project/sync/SelectedVariants;.<clinit>()V> (0x000000008ad0aac8) 
thrown [s\src\hotspot\share\prims\jni.cpp, line 1127]
Event: 130.963 Thread 0x00000224a74d9150 Exception <a 'java/lang/NoSuchMethodError'{0x000000008ad28188}: static Lcom/android/tools/idea/gradle/project/sync/SelectedVariant;.<clinit>()V> (0x000000008ad28188) 
thrown [s\src\hotspot\share\prims\jni.cpp, line 1127]
Event: 130.965 Thread 0x00000224a74d9150 Exception <a 'java/lang/NoSuchMethodError'{0x000000008ad434f0}: static Lorg/jetbrains/kotlin/idea/gradleTooling/model/parcelize/ParcelizeGradleModel;.<clinit>()V> (0x000000008ad434f0) 
thrown [s\src\hotspot\share\prims\jni.cpp, line 1127]
Event: 130.966 Thread 0x00000224a74d9150 Exception <a 'java/lang/NoSuchMethodError'{0x000000008ad526e0}: static Lorg/jetbrains/kotlin/idea/gradleTooling/model/assignment/AssignmentModel;.<clinit>()V> (0x000000008ad526e0) 
thrown [s\src\hotspot\share\prims\jni.cpp, line 1127]
Event: 130.966 Thread 0x00000224a74d9150 Exception <a 'java/lang/NoSuchMethodError'{0x000000008ad5a2d8}: static Lorg/jetbrains/kotlin/idea/gradleTooling/model/annotation/AnnotationBasedPluginModel;.<clinit>()V> (0x000000008ad5a2d8) 
thrown [s\src\hotspot\share\prims\jni.cpp, line 1127]
Event: 130.967 Thread 0x00000224a74d9150 Exception <a 'java/lang/NoSuchMethodError'{0x000000008ad63db0}: static Lorg/jetbrains/kotlin/idea/gradleTooling/model/lombok/LombokModel;.<clinit>()V> (0x000000008ad63db0) 
thrown [s\src\hotspot\share\prims\jni.cpp, line 1127]
Event: 130.967 Thread 0x00000224a74d9150 Exception <a 'java/lang/NoSuchMethodError'{0x000000008ad6dbc0}: static Lorg/jetbrains/kotlin/idea/gradleTooling/model/samWithReceiver/SamWithReceiverModel;.<clinit>()V> (0x000000008ad6dbc0) 
thrown [s\src\hotspot\share\prims\jni.cpp, line 1127]
Event: 130.968 Thread 0x00000224a74d9150 Exception <a 'java/lang/NoSuchMethodError'{0x000000008ad77928}: static Lorg/jetbrains/kotlin/idea/gradleTooling/model/noarg/NoArgModel;.<clinit>()V> (0x000000008ad77928) 
thrown [s\src\hotspot\share\prims\jni.cpp, line 1127]
Event: 130.968 Thread 0x00000224a74d9150 Exception <a 'java/lang/NoSuchMethodError'{0x000000008ad81b08}: static Lorg/jetbrains/kotlin/idea/gradleTooling/model/allopen/AllOpenModel;.<clinit>()V> (0x000000008ad81b08) 
thrown [s\src\hotspot\share\prims\jni.cpp, line 1127]
Event: 130.969 Thread 0x00000224a74d9150 Exception <a 'java/lang/NoSuchMethodError'{0x000000008ad8dc48}: static Lorg/jetbrains/kotlin/gradle/idea/tcs/IdeaKotlinDependency;.<clinit>()V> (0x000000008ad8dc48) 
thrown [s\src\hotspot\share\prims\jni.cpp, line 1127]
Event: 130.971 Thread 0x00000224a74d9150 Exception <a 'java/lang/NoSuchMethodError'{0x000000008ada0270}: static Ljava/lang/Object;.<clinit>()V> (0x000000008ada0270) 
thrown [s\src\hotspot\share\prims\jni.cpp, line 1127]
Event: 130.972 Thread 0x00000224a74d9150 Exception <a 'java/lang/NoSuchMethodError'{0x000000008adab6b8}: static Lorg/jetbrains/plugins/gradle/model/GradleExtensions;.<clinit>()V> (0x000000008adab6b8) 
thrown [s\src\hotspot\share\prims\jni.cpp, line 1127]
Event: 130.973 Thread 0x00000224a74d9150 Exception <a 'java/lang/NoSuchMethodError'{0x000000008adb51a8}: static Lorg/jetbrains/plugins/gradle/model/tests/ExternalTestsModel;.<clinit>()V> (0x000000008adb51a8) 
thrown [s\src\hotspot\share\prims\jni.cpp, line 1127]
Event: 130.978 Thread 0x00000224a74d9150 Exception <a 'java/lang/NoSuchMethodError'{0x000000008adc02e0}: static Lorg/jetbrains/plugins/gradle/model/IntelliJProjectSettings;.<clinit>()V> (0x000000008adc02e0) 
thrown [s\src\hotspot\share\prims\jni.cpp, line 1127]
Event: 130.978 Thread 0x00000224a74d9150 Exception <a 'java/lang/NoSuchMethodError'{0x000000008adc6f58}: static Lorg/jetbrains/plugins/gradle/model/IntelliJSettings;.<clinit>()V> (0x000000008adc6f58) 
thrown [s\src\hotspot\share\prims\jni.cpp, line 1127]
Event: 130.979 Thread 0x00000224a74d9150 Exception <a 'java/lang/NoSuchMethodError'{0x000000008adcffa0}: static Lorg/jetbrains/plugins/gradle/model/DependencyAccessorsModel;.<clinit>()V> (0x000000008adcffa0) 
thrown [s\src\hotspot\share\prims\jni.cpp, line 1127]
Event: 130.981 Thread 0x00000224a74d9150 Exception <a 'java/lang/NoSuchMethodError'{0x000000008ade93b8}: static Lcom/intellij/gradle/toolingExtension/impl/model/taskModel/GradleTaskModelProvider;.<clinit>()V> (0x000000008ade93b8) 
thrown [s\src\hotspot\share\prims\jni.cpp, line 1127]
Event: 130.983 Thread 0x00000224a74d9150 Exception <a 'java/lang/NoSuchMethodError'{0x000000008adf9418}: static Lcom/intellij/gradle/toolingExtension/impl/model/sourceSetModel/GradleSourceSetModelProvider;.<clinit>()V> (0x000000008adf9418) 
thrown [s\src\hotspot\share\prims\jni.cpp, line 1127]

VM Operations (20 events):
Event: 46.576 Executing VM operation: Cleanup
Event: 46.576 Executing VM operation: Cleanup done
Event: 52.615 Executing VM operation: Cleanup
Event: 52.615 Executing VM operation: Cleanup done
Event: 60.229 Executing VM operation: HandshakeAllThreads
Event: 60.229 Executing VM operation: HandshakeAllThreads done
Event: 62.266 Executing VM operation: Cleanup
Event: 62.267 Executing VM operation: Cleanup done
Event: 83.473 Executing VM operation: Cleanup
Event: 83.473 Executing VM operation: Cleanup done
Event: 92.532 Executing VM operation: Cleanup
Event: 92.532 Executing VM operation: Cleanup done
Event: 112.677 Executing VM operation: Cleanup
Event: 112.677 Executing VM operation: Cleanup done
Event: 114.713 Executing VM operation: Cleanup
Event: 114.713 Executing VM operation: Cleanup done
Event: 121.761 Executing VM operation: Cleanup
Event: 121.761 Executing VM operation: Cleanup done
Event: 130.851 Executing VM operation: Cleanup
Event: 130.852 Executing VM operation: Cleanup done

Events (20 events):
Event: 22.662 Thread 0x000002249f49c970 Thread exited: 0x000002249f49c970
Event: 22.663 Thread 0x000002249f49c460 Thread exited: 0x000002249f49c460
Event: 22.673 Thread 0x000002249f49b530 Thread exited: 0x000002249f49b530
Event: 22.675 loading class java/util/Locale$1
Event: 22.675 loading class java/util/Locale$1 done
Event: 22.694 Thread 0x000002249f49ab10 Thread exited: 0x000002249f49ab10
Event: 22.704 Thread 0x000002249f49a600 Thread exited: 0x000002249f49a600
Event: 23.263 Thread 0x00000224a975e920 Thread exited: 0x00000224a975e920
Event: 24.300 Thread 0x00000224a96d9e60 Thread exited: 0x00000224a96d9e60
Event: 70.473 Thread 0x00000224a7ccaf50 Thread exited: 0x00000224a7ccaf50
Event: 82.686 Thread 0x000002249f49b020 Thread exited: 0x000002249f49b020
Event: 82.717 Thread 0x000002249f49a0f0 Thread exited: 0x000002249f49a0f0
Event: 130.750 Thread 0x00000224a74d3630 Thread added: 0x00000224a74d3630
Event: 130.751 Thread 0x00000224a74d5490 Thread added: 0x00000224a74d5490
Event: 130.795 Thread 0x00000224a74d7d10 Thread added: 0x00000224a74d7d10
Event: 130.808 Thread 0x00000224a74d9150 Thread added: 0x00000224a74d9150
Event: 130.830 Thread 0x00000224a74d5eb0 Thread added: 0x00000224a74d5eb0
Event: 130.832 Thread 0x00000224a74d63c0 Thread added: 0x00000224a74d63c0
Event: 130.834 Thread 0x00000224a74d68d0 Thread added: 0x00000224a74d68d0
Event: 130.973 Thread 0x00000224a6552500 Thread added: 0x00000224a6552500


Dynamic libraries:
0x00007ff794ef0000 - 0x00007ff794efa000 	C:\Program Files\Android\android studio koala\android-studio\jbr\bin\java.exe
0x00007ffb75490000 - 0x00007ffb75688000 	C:\Windows\SYSTEM32\ntdll.dll
0x00007ffb75260000 - 0x00007ffb7531f000 	C:\Windows\System32\KERNEL32.DLL
0x00007ffb72bf0000 - 0x00007ffb72ec2000 	C:\Windows\System32\KERNELBASE.dll
0x00007ffb73010000 - 0x00007ffb73110000 	C:\Windows\System32\ucrtbase.dll
0x00007ffb637f0000 - 0x00007ffb63807000 	C:\Program Files\Android\android studio koala\android-studio\jbr\bin\jli.dll
0x00007ffb63760000 - 0x00007ffb6377b000 	C:\Program Files\Android\android studio koala\android-studio\jbr\bin\VCRUNTIME140.dll
0x00007ffb73600000 - 0x00007ffb737a1000 	C:\Windows\System32\USER32.dll
0x00007ffb72ed0000 - 0x00007ffb72ef2000 	C:\Windows\System32\win32u.dll
0x00007ffb74100000 - 0x00007ffb7412b000 	C:\Windows\System32\GDI32.dll
0x00007ffb731c0000 - 0x00007ffb732cf000 	C:\Windows\System32\gdi32full.dll
0x00007ffb592a0000 - 0x00007ffb5953a000 	C:\Windows\WinSxS\amd64_microsoft.windows.common-controls_6595b64144ccf1df_6.0.19041.1110_none_60b5254171f9507e\COMCTL32.dll
0x00007ffb732d0000 - 0x00007ffb7336d000 	C:\Windows\System32\msvcp_win.dll
0x00007ffb748f0000 - 0x00007ffb7498e000 	C:\Windows\System32\msvcrt.dll
0x00007ffb743a0000 - 0x00007ffb743d2000 	C:\Windows\System32\IMM32.DLL
0x00007ffb5d720000 - 0x00007ffb5d72c000 	C:\Program Files\Android\android studio koala\android-studio\jbr\bin\vcruntime140_1.dll
0x00007ffb37ae0000 - 0x00007ffb37b6d000 	C:\Program Files\Android\android studio koala\android-studio\jbr\bin\msvcp140.dll
0x00007ffb26fe0000 - 0x00007ffb27c63000 	C:\Program Files\Android\android studio koala\android-studio\jbr\bin\server\jvm.dll
0x00007ffb743e0000 - 0x00007ffb7448e000 	C:\Windows\System32\ADVAPI32.dll
0x00007ffb747f0000 - 0x00007ffb7488c000 	C:\Windows\System32\sechost.dll
0x00007ffb75320000 - 0x00007ffb75445000 	C:\Windows\System32\RPCRT4.dll
0x00007ffb533d0000 - 0x00007ffb533d9000 	C:\Windows\SYSTEM32\WSOCK32.dll
0x00007ffb72100000 - 0x00007ffb7214b000 	C:\Windows\SYSTEM32\POWRPROF.dll
0x00007ffb74990000 - 0x00007ffb749fb000 	C:\Windows\System32\WS2_32.dll
0x00007ffb55090000 - 0x00007ffb550b7000 	C:\Windows\SYSTEM32\WINMM.dll
0x00007ffb70e10000 - 0x00007ffb70e1a000 	C:\Windows\SYSTEM32\VERSION.dll
0x00007ffb71fc0000 - 0x00007ffb71fd2000 	C:\Windows\SYSTEM32\UMPDC.dll
0x00007ffb70100000 - 0x00007ffb70112000 	C:\Windows\SYSTEM32\kernel.appcore.dll
0x00007ffb6f5e0000 - 0x00007ffb6f5ea000 	C:\Program Files\Android\android studio koala\android-studio\jbr\bin\jimage.dll
0x00007ffb6fa20000 - 0x00007ffb6fc04000 	C:\Windows\SYSTEM32\DBGHELP.DLL
0x00007ffb55ec0000 - 0x00007ffb55ef5000 	C:\Windows\SYSTEM32\dbgcore.DLL
0x00007ffb72f80000 - 0x00007ffb73002000 	C:\Windows\System32\bcryptPrimitives.dll
0x00007ffb6ed00000 - 0x00007ffb6ed25000 	C:\Program Files\Android\android studio koala\android-studio\jbr\bin\java.dll
0x00007ffb6ed70000 - 0x00007ffb6ed88000 	C:\Program Files\Android\android studio koala\android-studio\jbr\bin\zip.dll
0x00007ffb74a00000 - 0x00007ffb75144000 	C:\Windows\System32\SHELL32.dll
0x00007ffb70650000 - 0x00007ffb70de2000 	C:\Windows\SYSTEM32\windows.storage.dll
0x00007ffb737b0000 - 0x00007ffb73b05000 	C:\Windows\System32\combase.dll
0x00007ffb725e0000 - 0x00007ffb72610000 	C:\Windows\SYSTEM32\Wldp.dll
0x00007ffb75150000 - 0x00007ffb751fd000 	C:\Windows\System32\SHCORE.dll
0x00007ffb75200000 - 0x00007ffb75255000 	C:\Windows\System32\shlwapi.dll
0x00007ffb72ac0000 - 0x00007ffb72adf000 	C:\Windows\SYSTEM32\profapi.dll
0x00007ffb6ece0000 - 0x00007ffb6ecf9000 	C:\Program Files\Android\android studio koala\android-studio\jbr\bin\net.dll
0x00007ffb71b70000 - 0x00007ffb71c7c000 	C:\Windows\SYSTEM32\WINHTTP.dll
0x00007ffb72340000 - 0x00007ffb723aa000 	C:\Windows\system32\mswsock.dll
0x00007ffb6d040000 - 0x00007ffb6d056000 	C:\Program Files\Android\android studio koala\android-studio\jbr\bin\nio.dll
0x00007ffb6cfd0000 - 0x00007ffb6cfe0000 	C:\Program Files\Android\android studio koala\android-studio\jbr\bin\verify.dll
0x00007ffb4df50000 - 0x00007ffb4df77000 	C:\Users\dit222203\.gradle\native\e1d6ef7f7dcc3fd88c89a11ec53ec762bb8ba0a96d01ffa2cd45eb1d1d8dd5c5\windows-amd64\native-platform.dll
0x00007ffb26e90000 - 0x00007ffb26fd4000 	C:\Users\dit222203\.gradle\native\0d407fdbe67a94daf76414ababcb853783967236a71b16ec16e742cd7a986fd3\windows-amd64\native-platform-file-events.dll
0x00007ffb6cff0000 - 0x00007ffb6cff9000 	C:\Program Files\Android\android studio koala\android-studio\jbr\bin\management.dll
0x00007ffb6cfe0000 - 0x00007ffb6cfeb000 	C:\Program Files\Android\android studio koala\android-studio\jbr\bin\management_ext.dll
0x00007ffb73b10000 - 0x00007ffb73b18000 	C:\Windows\System32\PSAPI.DLL
0x00007ffb72530000 - 0x00007ffb72548000 	C:\Windows\SYSTEM32\CRYPTSP.dll
0x00007ffb71ae0000 - 0x00007ffb71b14000 	C:\Windows\system32\rsaenh.dll
0x00007ffb72f50000 - 0x00007ffb72f77000 	C:\Windows\System32\bcrypt.dll
0x00007ffb72a80000 - 0x00007ffb72aae000 	C:\Windows\SYSTEM32\USERENV.dll
0x00007ffb72550000 - 0x00007ffb7255c000 	C:\Windows\SYSTEM32\CRYPTBASE.dll
0x00007ffb71fe0000 - 0x00007ffb7201b000 	C:\Windows\SYSTEM32\IPHLPAPI.DLL
0x00007ffb744f0000 - 0x00007ffb744f8000 	C:\Windows\System32\NSI.dll
0x00007ffb6a330000 - 0x00007ffb6a347000 	C:\Windows\SYSTEM32\dhcpcsvc6.DLL
0x00007ffb69fb0000 - 0x00007ffb69fcd000 	C:\Windows\SYSTEM32\dhcpcsvc.DLL
0x00007ffb72020000 - 0x00007ffb720ea000 	C:\Windows\SYSTEM32\DNSAPI.dll
0x00007ffb6d000000 - 0x00007ffb6d009000 	C:\Program Files\Android\android studio koala\android-studio\jbr\bin\extnet.dll
0x00007ffb6d070000 - 0x00007ffb6d077000 	C:\Windows\system32\wshunix.dll

dbghelp: loaded successfully - version: 4.0.5 - missing functions: none
symbol engine: initialized successfully - sym options: 0x614 - pdb path: .;C:\Program Files\Android\android studio koala\android-studio\jbr\bin;C:\Windows\SYSTEM32;C:\Windows\WinSxS\amd64_microsoft.windows.common-controls_6595b64144ccf1df_6.0.19041.1110_none_60b5254171f9507e;C:\Program Files\Android\android studio koala\android-studio\jbr\bin\server;C:\Users\dit222203\.gradle\native\e1d6ef7f7dcc3fd88c89a11ec53ec762bb8ba0a96d01ffa2cd45eb1d1d8dd5c5\windows-amd64;C:\Users\dit222203\.gradle\native\0d407fdbe67a94daf76414ababcb853783967236a71b16ec16e742cd7a986fd3\windows-amd64

VM Arguments:
jvm_args: --add-opens=java.base/java.util=ALL-UNNAMED --add-opens=java.base/java.lang=ALL-UNNAMED --add-opens=java.base/java.lang.invoke=ALL-UNNAMED --add-opens=java.base/java.util=ALL-UNNAMED --add-opens=java.prefs/java.util.prefs=ALL-UNNAMED --add-opens=java.prefs/java.util.prefs=ALL-UNNAMED --add-opens=java.base/java.nio.charset=ALL-UNNAMED --add-opens=java.base/java.net=ALL-UNNAMED --add-opens=java.base/java.util.concurrent.atomic=ALL-UNNAMED -Xmx2048m -Dfile.encoding=UTF-8 -Duser.country=KR -Duser.language=ko -Duser.variant 
java_command: org.gradle.launcher.daemon.bootstrap.GradleDaemon 7.5
java_class_path (initial): C:\Users\dit222203\.gradle\wrapper\dists\gradle-7.5-bin\f1w0cc9nuo0eivz97x2xlu9sv\gradle-7.5\lib\gradle-launcher-7.5.jar
Launcher Type: SUN_STANDARD

[Global flags]
     intx CICompilerCount                          = 4                                         {product} {ergonomic}
     uint ConcGCThreads                            = 2                                         {product} {ergonomic}
     uint G1ConcRefinementThreads                  = 8                                         {product} {ergonomic}
   size_t G1HeapRegionSize                         = 1048576                                   {product} {ergonomic}
    uintx GCDrainStackTargetSize                   = 64                                        {product} {ergonomic}
   size_t InitialHeapSize                          = 266338304                                 {product} {ergonomic}
   size_t MarkStackSize                            = 4194304                                   {product} {ergonomic}
   size_t MaxHeapSize                              = 2147483648                                {product} {command line}
   size_t MaxNewSize                               = 1287651328                                {product} {ergonomic}
   size_t MinHeapDeltaBytes                        = 1048576                                   {product} {ergonomic}
   size_t MinHeapSize                              = 8388608                                   {product} {ergonomic}
    uintx NonNMethodCodeHeapSize                   = 5839372                                {pd product} {ergonomic}
    uintx NonProfiledCodeHeapSize                  = 122909434                              {pd product} {ergonomic}
    uintx ProfiledCodeHeapSize                     = 122909434                              {pd product} {ergonomic}
    uintx ReservedCodeCacheSize                    = 251658240                              {pd product} {ergonomic}
     bool SegmentedCodeCache                       = true                                      {product} {ergonomic}
   size_t SoftMaxHeapSize                          = 2147483648                             {manageable} {ergonomic}
     bool UseCompressedClassPointers               = true                           {product lp64_product} {ergonomic}
     bool UseCompressedOops                        = true                           {product lp64_product} {ergonomic}
     bool UseG1GC                                  = true                                      {product} {ergonomic}
     bool UseLargePagesIndividualAllocation        = false                                  {pd product} {ergonomic}

Logging:
Log output configuration:
 #0: stdout all=warning uptime,level,tags
 #1: stderr all=off uptime,level,tags

Environment Variables:
JAVA_HOME=C:\Program Files\Java\jdk1.8.0_321
PATH=C:\Program Files\Java\jdk1.8.0_321\bin;C:\Program Files\Java\scripts;C:\Program Files\Common Files\Oracle\Java\javapath;C:\Program Files (x86)\Common Files\Oracle\Java\javapath;C:\ProgramData\Oracle\Java\javapath;C:\Windows\system32;C:\Windows;C:\Windows\System32\Wbem;C:\Windows\System32\WindowsPowerShell\v1.0\;C:\Windows\System32\OpenSSH\;C:\Program Files (x86)\Microsoft SQL Server\150\DTS\Binn\;C:\Program Files\Azure Data Studio\bin;C:\Program Files\Git\cmd;C:\Program Files\Microsoft SQL Server\Client SDK\ODBC\170\Tools\Binn\;C:\Program Files (x86)\Microsoft SQL Server\150\Tools\Binn\;C:\Program Files\Microsoft SQL Server\150\Tools\Binn\;C:\Program Files\Microsoft SQL Server\150\DTS\Binn\;C:\Program Files\TortoiseGit\bin;C:\Program Files\nodejs\;C:\Python38\Scripts\;C:\Python38\;C:\Users\dit222203\AppData\Local\Microsoft\WindowsApps;C:\Program Files\Azure Data Studio\bin;C:\Users\dit222203\AppData\Local\Programs\Microsoft VS Code\bin;C:\Users\dit222203\AppData\Local\GitHubDesktop\bin;C:\Users\dit222203\AppData\Roaming\npm;C:\Users\dit222203\AppData\Local\Programs\Microsoft VS Code\bin;;C:\Users\dit222203\AppData\Local\Programs\Fiddler
USERNAME=DIT222203
OS=Windows_NT
PROCESSOR_IDENTIFIER=Intel64 Family 6 Model 142 Stepping 12, GenuineIntel
TMP=C:\Users\DIT222~1\AppData\Local\Temp
TEMP=C:\Users\DIT222~1\AppData\Local\Temp



Periodic native trim disabled

JNI global refs:
JNI global refs: 25, weak refs: 0

JNI global refs memory usage: 843, weak refs: 841

Process memory usage:
Resident Set Size: 536348K (3% of 16545120K total physical memory with 3548716K free physical memory)

OOME stack traces (most recent first):
Classloader memory used:
