#
# There is insufficient memory for the Java Runtime Environment to continue.
# Native memory allocation (mmap) failed to map 266338304 bytes. Error detail: G1 virtual space
# Possible reasons:
#   The system is out of physical RAM or swap space
#   This process is running with CompressedOops enabled, and the Java Heap may be blocking the growth of the native heap
# Possible solutions:
#   Reduce memory load on the system
#   Increase physical memory or swap space
#   Check if swap backing store is full
#   Decrease Java heap size (-Xmx/-Xms)
#   Decrease number of Java threads
#   Decrease Java thread stack sizes (-Xss)
#   Set larger code cache with -XX:ReservedCodeCacheSize=
#   JVM is running with Zero Based Compressed Oops mode in which the Java heap is
#     placed in the first 32GB address space. The Java Heap base address is the
#     maximum limit for the native heap growth. Please use -XX:HeapBaseMinAddress
#     to set the Java Heap base and to place the Java Heap above 32GB virtual address.
# This output file may be truncated or incomplete.
#
#  Out of Memory Error (os_windows.cpp:3825), pid=14960, tid=10300
#
# JRE version:  (17.0.11) (build )
# Java VM: OpenJDK 64-Bit Server VM (17.0.11+0--11852314, mixed mode, sharing, tiered, compressed oops, compressed class ptrs, g1 gc, windows-amd64)
# No core dump will be written. Minidumps are not enabled by default on client versions of Windows
#

---------------  S U M M A R Y ------------

Command Line: git4idea.http.GitAskPassApp Username for 'https://github.com': 

Host: Intel(R) Core(TM) i7-10510U CPU @ 1.80GHz, 8 cores, 15G,  Windows 10 , 64 bit Build 19041 (10.0.19041.2364)
Time: Thu Dec 12 17:14:54 2024  Windows 10 , 64 bit Build 19041 (10.0.19041.2364) elapsed time: 0.012219 seconds (0d 0h 0m 0s)

---------------  T H R E A D  ---------------

Current thread (0x000001f681e6bbf0):  JavaThread "Unknown thread" [_thread_in_vm, id=10300, stack(0x000000ee47200000,0x000000ee47300000)]

Stack: [0x000000ee47200000,0x000000ee47300000]
Native frames: (J=compiled Java code, j=interpreted, Vv=VM code, C=native code)
V  [jvm.dll+0x687bb9]
V  [jvm.dll+0x84142a]
V  [jvm.dll+0x8430ae]
V  [jvm.dll+0x843713]
V  [jvm.dll+0x24a35f]
V  [jvm.dll+0x684989]
V  [jvm.dll+0x67923a]
V  [jvm.dll+0x30af0b]
V  [jvm.dll+0x3123b6]
V  [jvm.dll+0x361dfe]
V  [jvm.dll+0x36202f]
V  [jvm.dll+0x2e0d38]
V  [jvm.dll+0x2e1ca4]
V  [jvm.dll+0x811f21]
V  [jvm.dll+0x36fb68]
V  [jvm.dll+0x7f0896]
V  [jvm.dll+0x3f3d2f]
V  [jvm.dll+0x3f58e1]
C  [jli.dll+0x528f]
C  [ucrtbase.dll+0x21bb2]
C  [KERNEL32.DLL+0x17614]
C  [ntdll.dll+0x526a1]


---------------  P R O C E S S  ---------------

Threads class SMR info:
_java_thread_list=0x00007ffb27eeefd8, length=0, elements={
}

Java Threads: ( => current thread )

Other Threads:
  0x000001f681ed5500 GCTaskThread "GC Thread#0" [stack: 0x000000ee47300000,0x000000ee47400000] [id=20896]
  0x000001f681ee6ff0 ConcurrentGCThread "G1 Main Marker" [stack: 0x000000ee47400000,0x000000ee47500000] [id=16772]
  0x000001f681ee80c0 ConcurrentGCThread "G1 Conc#0" [stack: 0x000000ee47500000,0x000000ee47600000] [id=20228]

[error occurred during error reporting (printing all threads), id 0xc0000005, EXCEPTION_ACCESS_VIOLATION (0xc0000005) at pc=0x00007ffb276a1907]

VM state: not at safepoint (not fully initialized)

VM Mutex/Monitor currently owned by a thread:  ([mutex/lock_event])
[0x000001f681e65d80] Heap_lock - owner thread: 0x000001f681e6bbf0

Heap address: 0x0000000703800000, size: 4040 MB, Compressed Oops mode: Zero based, Oop shift amount: 3

CDS archive(s) mapped at: [0x0000000000000000-0x0000000000000000-0x0000000000000000), size 0, SharedBaseAddress: 0x0000000800000000, ArchiveRelocationMode: 1.
Narrow klass base: 0x0000000000000000, Narrow klass shift: 0, Narrow klass range: 0x0

GC Precious Log:
<Empty>

Heap:
 garbage-first heap   total 0K, used 0K [0x0000000703800000, 0x0000000800000000)
  region size 2048K, 0 young (0K), 0 survivors (0K)
 Metaspace       used 0K, committed 0K, reserved 0K
  class space    used 0K, committed 0K, reserved 0K

Heap Regions: E=young(eden), S=young(survivor), O=old, HS=humongous(starts), HC=humongous(continues), CS=collection set, F=free, OA=open archive, CA=closed archive, TAMS=top-at-mark-start (previous, next)

Card table byte_map: [0x000001f694e70000,0x000001f695660000] _byte_map_base: 0x000001f691654000

Marking Bits (Prev, Next): (CMBitMap*) 0x000001f681ed6a40, (CMBitMap*) 0x000001f681ed6a80
 Prev Bits: [0x000001f695e50000, 0x000001f699d70000)
 Next Bits: [0x000001f699d70000, 0x000001f69dc90000)

GC Heap History (0 events):
No events

Dll operation events (1 events):
Event: 0.008 Loaded shared library C:\Program Files\Android\android studio koala\android-studio\jbr\bin\java.dll

Deoptimization events (0 events):
No events

Classes unloaded (0 events):
No events

Classes redefined (0 events):
No events

Internal exceptions (0 events):
No events

VM Operations (0 events):
No events

Events (0 events):
No events


Dynamic libraries:
0x00007ff794ef0000 - 0x00007ff794efa000 	C:\Program Files\Android\android studio koala\android-studio\jbr\bin\java.exe
0x00007ffb75490000 - 0x00007ffb75688000 	C:\Windows\SYSTEM32\ntdll.dll
0x00007ffb75260000 - 0x00007ffb7531f000 	C:\Windows\System32\KERNEL32.DLL
0x00007ffb72bf0000 - 0x00007ffb72ec2000 	C:\Windows\System32\KERNELBASE.dll
0x00007ffb73010000 - 0x00007ffb73110000 	C:\Windows\System32\ucrtbase.dll
0x00007ffb637f0000 - 0x00007ffb63807000 	C:\Program Files\Android\android studio koala\android-studio\jbr\bin\jli.dll
0x00007ffb5c710000 - 0x00007ffb5c72b000 	C:\Program Files\Android\android studio koala\android-studio\jbr\bin\VCRUNTIME140.dll
0x00007ffb73600000 - 0x00007ffb737a1000 	C:\Windows\System32\USER32.dll
0x00007ffb72ed0000 - 0x00007ffb72ef2000 	C:\Windows\System32\win32u.dll
0x00007ffb74100000 - 0x00007ffb7412b000 	C:\Windows\System32\GDI32.dll
0x00007ffb731c0000 - 0x00007ffb732cf000 	C:\Windows\System32\gdi32full.dll
0x00007ffb592a0000 - 0x00007ffb5953a000 	C:\Windows\WinSxS\amd64_microsoft.windows.common-controls_6595b64144ccf1df_6.0.19041.1110_none_60b5254171f9507e\COMCTL32.dll
0x00007ffb732d0000 - 0x00007ffb7336d000 	C:\Windows\System32\msvcp_win.dll
0x00007ffb748f0000 - 0x00007ffb7498e000 	C:\Windows\System32\msvcrt.dll
0x00007ffb743a0000 - 0x00007ffb743d2000 	C:\Windows\System32\IMM32.DLL
0x00007ffb63760000 - 0x00007ffb6376c000 	C:\Program Files\Android\android studio koala\android-studio\jbr\bin\vcruntime140_1.dll
0x00007ffb27320000 - 0x00007ffb273ad000 	C:\Program Files\Android\android studio koala\android-studio\jbr\bin\msvcp140.dll
0x00007ffb273b0000 - 0x00007ffb28033000 	C:\Program Files\Android\android studio koala\android-studio\jbr\bin\server\jvm.dll
0x00007ffb743e0000 - 0x00007ffb7448e000 	C:\Windows\System32\ADVAPI32.dll
0x00007ffb747f0000 - 0x00007ffb7488c000 	C:\Windows\System32\sechost.dll
0x00007ffb75320000 - 0x00007ffb75445000 	C:\Windows\System32\RPCRT4.dll
0x00007ffb533d0000 - 0x00007ffb533d9000 	C:\Windows\SYSTEM32\WSOCK32.dll
0x00007ffb55090000 - 0x00007ffb550b7000 	C:\Windows\SYSTEM32\WINMM.dll
0x00007ffb70e10000 - 0x00007ffb70e1a000 	C:\Windows\SYSTEM32\VERSION.dll
0x00007ffb72100000 - 0x00007ffb7214b000 	C:\Windows\SYSTEM32\POWRPROF.dll
0x00007ffb74990000 - 0x00007ffb749fb000 	C:\Windows\System32\WS2_32.dll
0x00007ffb71fc0000 - 0x00007ffb71fd2000 	C:\Windows\SYSTEM32\UMPDC.dll
0x00007ffb70100000 - 0x00007ffb70112000 	C:\Windows\SYSTEM32\kernel.appcore.dll
0x00007ffb6f5e0000 - 0x00007ffb6f5ea000 	C:\Program Files\Android\android studio koala\android-studio\jbr\bin\jimage.dll
0x00007ffb6fa20000 - 0x00007ffb6fc04000 	C:\Windows\SYSTEM32\DBGHELP.DLL
0x00007ffb55ec0000 - 0x00007ffb55ef5000 	C:\Windows\SYSTEM32\dbgcore.DLL
0x00007ffb72f80000 - 0x00007ffb73002000 	C:\Windows\System32\bcryptPrimitives.dll
0x00007ffb58c90000 - 0x00007ffb58cb5000 	C:\Program Files\Android\android studio koala\android-studio\jbr\bin\java.dll

dbghelp: loaded successfully - version: 4.0.5 - missing functions: none
symbol engine: initialized successfully - sym options: 0x614 - pdb path: .;C:\Program Files\Android\android studio koala\android-studio\jbr\bin;C:\Windows\SYSTEM32;C:\Windows\WinSxS\amd64_microsoft.windows.common-controls_6595b64144ccf1df_6.0.19041.1110_none_60b5254171f9507e;C:\Program Files\Android\android studio koala\android-studio\jbr\bin\server

VM Arguments:
java_command: git4idea.http.GitAskPassApp Username for 'https://github.com': 
java_class_path (initial): C:/Program Files/Android/android studio koala/android-studio/plugins/vcs-git/lib/git4idea-rt.jar;C:/Program Files/Android/android studio koala/android-studio/lib/externalProcess-rt.jar
Launcher Type: SUN_STANDARD

[Global flags]
     intx CICompilerCount                          = 4                                         {product} {ergonomic}
     uint ConcGCThreads                            = 2                                         {product} {ergonomic}
     uint G1ConcRefinementThreads                  = 8                                         {product} {ergonomic}
   size_t G1HeapRegionSize                         = 2097152                                   {product} {ergonomic}
    uintx GCDrainStackTargetSize                   = 64                                        {product} {ergonomic}
   size_t InitialHeapSize                          = 266338304                                 {product} {ergonomic}
   size_t MarkStackSize                            = 4194304                                   {product} {ergonomic}
   size_t MaxHeapSize                              = 4236247040                                {product} {ergonomic}
   size_t MinHeapDeltaBytes                        = 2097152                                   {product} {ergonomic}
   size_t MinHeapSize                              = 8388608                                   {product} {ergonomic}
    uintx NonNMethodCodeHeapSize                   = 5839372                                {pd product} {ergonomic}
    uintx NonProfiledCodeHeapSize                  = 122909434                              {pd product} {ergonomic}
    uintx ProfiledCodeHeapSize                     = 122909434                              {pd product} {ergonomic}
    uintx ReservedCodeCacheSize                    = 251658240                              {pd product} {ergonomic}
     bool SegmentedCodeCache                       = true                                      {product} {ergonomic}
   size_t SoftMaxHeapSize                          = 4236247040                             {manageable} {ergonomic}
     bool UseCompressedClassPointers               = true                           {product lp64_product} {ergonomic}
     bool UseCompressedOops                        = true                           {product lp64_product} {ergonomic}
     bool UseG1GC                                  = true                                      {product} {ergonomic}
     bool UseLargePagesIndividualAllocation        = false                                  {pd product} {ergonomic}

Logging:
Log output configuration:
 #0: stdout all=warning uptime,level,tags
 #1: stderr all=off uptime,level,tags

Environment Variables:
JAVA_HOME=C:\Program Files\Java\jdk1.8.0_321
PATH=C:\Program Files\Git\mingw64\libexec\git-core;C:\Program Files\Git\mingw64\libexec\git-core;C:\Program Files\Git\mingw64\bin;C:\Program Files\Git\usr\bin;C:\Users\dit222203\bin;C:\Program Files\Java\jdk1.8.0_321\bin;C:\Program Files\Java\scripts;C:\Program Files\Common Files\Oracle\Java\javapath;C:\Program Files (x86)\Common Files\Oracle\Java\javapath;C:\ProgramData\Oracle\Java\javapath;C:\Windows\system32;C:\Windows;C:\Windows\System32\Wbem;C:\Windows\System32\WindowsPowerShell\v1.0;C:\Windows\System32\OpenSSH;C:\Program Files (x86)\Microsoft SQL Server\150\DTS\Binn;C:\Program Files\Azure Data Studio\bin;C:\Program Files\Git\cmd;C:\Program Files\Microsoft SQL Server\Client SDK\ODBC\170\Tools\Binn;C:\Program Files (x86)\Microsoft SQL Server\150\Tools\Binn;C:\Program Files\Microsoft SQL Server\150\Tools\Binn;C:\Program Files\Microsoft SQL Server\150\DTS\Binn;C:\Program Files\TortoiseGit\bin;C:\Program Files\nodejs;C:\Python38\Scripts;C:\Python38;C:\Users\dit222203\AppData\Local\Microsoft\WindowsApps;C:\Program Files\Azure Data Studio\bin;C:\Users\dit222203\AppData\Local\Programs\Microsoft VS Code\bin;C:\Users\dit222203\AppData\Local\GitHubDesktop\bin;C:\Users\dit222203\AppData\Roaming\npm;C:\Users\dit222203\AppData\Local\Programs\Microsoft VS Code\bin;C:\Users\dit222203\AppData\Local\Programs\Fiddler
USERNAME=DIT222203
DISPLAY=:0.0
LC_ALL=en_US.UTF-8
TERM=xterm-256color
TMPDIR=C:\Users\DIT222~1\AppData\Local\Temp
OS=Windows_NT
PROCESSOR_IDENTIFIER=Intel64 Family 6 Model 142 Stepping 12, GenuineIntel
TMP=C:\Users\DIT222~1\AppData\Local\Temp
TEMP=C:\Users\DIT222~1\AppData\Local\Temp



Periodic native trim disabled

JNI global refs:
JNI global refs: 0, weak refs: 0

JNI global refs memory usage: 0, weak refs: 0

Process memory usage:
Resident Set Size: 10824K (0% of 16545120K total physical memory with 2301124K free physical memory)

OOME stack traces (most recent first):
Classloader memory used:


---------------  S Y S T E M  ---------------

OS:
 Windows 10 , 64 bit Build 19041 (10.0.19041.2364)
OS uptime: 0 days 8:59 hours

CPU: total 8 (initial active 8) (4 cores per cpu, 2 threads per core) family 6 model 142 stepping 12 microcode 0xec, cx8, cmov, fxsr, ht, mmx, 3dnowpref, sse, sse2, sse3, ssse3, sse4.1, sse4.2, popcnt, lzcnt, tsc, tscinvbit, avx, avx2, aes, erms, clmul, bmi1, bmi2, adx, fma, vzeroupper, clflush, clflushopt
Processor Information for all 8 processors :
  Max Mhz: 2304, Current Mhz: 1803, Mhz Limit: 1797

Memory: 4k page, system-wide physical 16157M (2247M free)
TotalPageFile size 16157M (AvailPageFile size 110M)
current process WorkingSet (physical memory assigned to process): 10M, peak: 10M
current process commit charge ("private bytes"): 60M, peak: 314M

vm_info: OpenJDK 64-Bit Server VM (17.0.11+0--11852314) for windows-amd64 JRE (17.0.11+0--11852314), built on May 16 2024 21:29:20 by "androidbuild" with MS VC++ 16.10 / 16.11 (VS2019)

END.
